[1.243s] Invoking command in '/home/fatih/ros2_ws/src/examples/rclpy/services/minimal_client': PYTHONPATH=/home/fatih/ros2_ws/build/examples_rclpy_minimal_client/prefix_override:/usr/lib/python3/dist-packages/colcon_core/task/python/colcon_distutils_commands:/home/fatih/ros2_ws/install/examples_rclpy_minimal_client/lib/python3.10/site-packages:${PYTHONPATH} /usr/bin/python3 -W ignore:setup.py install is deprecated setup.py egg_info --egg-base ../../../../../build/examples_rclpy_minimal_client build --build-base /home/fatih/ros2_ws/build/examples_rclpy_minimal_client/build install --record /home/fatih/ros2_ws/build/examples_rclpy_minimal_client/install.log --single-version-externally-managed install_data
[1.472s] running egg_info
[1.473s] writing ../../../../../build/examples_rclpy_minimal_client/examples_rclpy_minimal_client.egg-info/PKG-INFO
[1.473s] writing dependency_links to ../../../../../build/examples_rclpy_minimal_client/examples_rclpy_minimal_client.egg-info/dependency_links.txt
[1.473s] writing entry points to ../../../../../build/examples_rclpy_minimal_client/examples_rclpy_minimal_client.egg-info/entry_points.txt
[1.473s] writing requirements to ../../../../../build/examples_rclpy_minimal_client/examples_rclpy_minimal_client.egg-info/requires.txt
[1.473s] writing top-level names to ../../../../../build/examples_rclpy_minimal_client/examples_rclpy_minimal_client.egg-info/top_level.txt
[1.475s] reading manifest file '../../../../../build/examples_rclpy_minimal_client/examples_rclpy_minimal_client.egg-info/SOURCES.txt'
[1.475s] writing manifest file '../../../../../build/examples_rclpy_minimal_client/examples_rclpy_minimal_client.egg-info/SOURCES.txt'
[1.476s] running build
[1.476s] running build_py
[1.476s] running install
[1.476s] running install_lib
[1.477s] running install_data
[1.477s] running install_egg_info
[1.479s] removing '/home/fatih/ros2_ws/install/examples_rclpy_minimal_client/lib/python3.10/site-packages/examples_rclpy_minimal_client-0.15.2-py3.10.egg-info' (and everything under it)
[1.479s] Copying ../../../../../build/examples_rclpy_minimal_client/examples_rclpy_minimal_client.egg-info to /home/fatih/ros2_ws/install/examples_rclpy_minimal_client/lib/python3.10/site-packages/examples_rclpy_minimal_client-0.15.2-py3.10.egg-info
[1.480s] running install_scripts
[1.497s] Installing client script to /home/fatih/ros2_ws/install/examples_rclpy_minimal_client/lib/examples_rclpy_minimal_client
[1.497s] Installing client_async script to /home/fatih/ros2_ws/install/examples_rclpy_minimal_client/lib/examples_rclpy_minimal_client
[1.497s] Installing client_async_callback script to /home/fatih/ros2_ws/install/examples_rclpy_minimal_client/lib/examples_rclpy_minimal_client
[1.498s] Installing client_async_member_function script to /home/fatih/ros2_ws/install/examples_rclpy_minimal_client/lib/examples_rclpy_minimal_client
[1.498s] writing list of installed files to '/home/fatih/ros2_ws/build/examples_rclpy_minimal_client/install.log'
[2.309s] Invoked command in '/home/fatih/ros2_ws/src/examples/rclpy/services/minimal_client' returned '0': PYTHONPATH=/home/fatih/ros2_ws/build/examples_rclpy_minimal_client/prefix_override:/usr/lib/python3/dist-packages/colcon_core/task/python/colcon_distutils_commands:/home/fatih/ros2_ws/install/examples_rclpy_minimal_client/lib/python3.10/site-packages:${PYTHONPATH} /usr/bin/python3 -W ignore:setup.py install is deprecated setup.py egg_info --egg-base ../../../../../build/examples_rclpy_minimal_client build --build-base /home/fatih/ros2_ws/build/examples_rclpy_minimal_client/build install --record /home/fatih/ros2_ws/build/examples_rclpy_minimal_client/install.log --single-version-externally-managed install_data
