[5.461s] Invoking command in '/home/fatih/ros2_ws/build/examples_rclpy_minimal_service': PYTHONPATH=/home/fatih/ros2_ws/build/examples_rclpy_minimal_service/prefix_override:/usr/lib/python3/dist-packages/colcon_core/task/python/colcon_distutils_commands:/home/fatih/ros2_ws/install/examples_rclpy_minimal_service/lib/python3.10/site-packages:${PYTHONPATH} /usr/bin/python3 -W ignore:setup.py install is deprecated setup.py develop --editable --build-directory /home/fatih/ros2_ws/build/examples_rclpy_minimal_service/build --no-deps symlink_data
[6.291s] running develop
[7.221s] running egg_info
[7.221s] creating examples_rclpy_minimal_service.egg-info
[7.221s] writing examples_rclpy_minimal_service.egg-info/PKG-INFO
[7.221s] writing dependency_links to examples_rclpy_minimal_service.egg-info/dependency_links.txt
[7.221s] writing entry points to examples_rclpy_minimal_service.egg-info/entry_points.txt
[7.221s] writing requirements to examples_rclpy_minimal_service.egg-info/requires.txt
[7.221s] writing top-level names to examples_rclpy_minimal_service.egg-info/top_level.txt
[7.222s] writing manifest file 'examples_rclpy_minimal_service.egg-info/SOURCES.txt'
[7.233s] reading manifest file 'examples_rclpy_minimal_service.egg-info/SOURCES.txt'
[7.233s] writing manifest file 'examples_rclpy_minimal_service.egg-info/SOURCES.txt'
[7.238s] running build_ext
[7.238s] Creating /home/fatih/ros2_ws/install/examples_rclpy_minimal_service/lib/python3.10/site-packages/examples-rclpy-minimal-service.egg-link (link to .)
[7.243s] Installing service script to /home/fatih/ros2_ws/install/examples_rclpy_minimal_service/lib/examples_rclpy_minimal_service
[7.243s] Installing service_member_function script to /home/fatih/ros2_ws/install/examples_rclpy_minimal_service/lib/examples_rclpy_minimal_service
[7.243s] 
[7.243s] Installed /home/fatih/ros2_ws/build/examples_rclpy_minimal_service
[7.244s] running symlink_data
[7.247s] creating /home/fatih/ros2_ws/install/examples_rclpy_minimal_service/share/ament_index
[7.249s] creating /home/fatih/ros2_ws/install/examples_rclpy_minimal_service/share/ament_index/resource_index
[7.249s] creating /home/fatih/ros2_ws/install/examples_rclpy_minimal_service/share/ament_index/resource_index/packages
[7.249s] symbolically linking /home/fatih/ros2_ws/build/examples_rclpy_minimal_service/resource/examples_rclpy_minimal_service -> /home/fatih/ros2_ws/install/examples_rclpy_minimal_service/share/ament_index/resource_index/packages
[7.249s] symbolically linking /home/fatih/ros2_ws/build/examples_rclpy_minimal_service/package.xml -> /home/fatih/ros2_ws/install/examples_rclpy_minimal_service/share/examples_rclpy_minimal_service
[7.439s] Invoked command in '/home/fatih/ros2_ws/build/examples_rclpy_minimal_service' returned '0': PYTHONPATH=/home/fatih/ros2_ws/build/examples_rclpy_minimal_service/prefix_override:/usr/lib/python3/dist-packages/colcon_core/task/python/colcon_distutils_commands:/home/fatih/ros2_ws/install/examples_rclpy_minimal_service/lib/python3.10/site-packages:${PYTHONPATH} /usr/bin/python3 -W ignore:setup.py install is deprecated setup.py develop --editable --build-directory /home/fatih/ros2_ws/build/examples_rclpy_minimal_service/build --no-deps symlink_data
