[0.692s] Invoking command in '/home/fatih/ros2_ws/build/turtlesim': CMAKE_PREFIX_PATH=${CMAKE_PREFIX_PATH}:/home/fatih/ros2_ws/install/launch_testing_examples:/home/fatih/ros2_ws/install/examples_rclpy_pointcloud_publisher:/home/fatih/ros2_ws/install/examples_rclpy_minimal_subscriber:/home/fatih/ros2_ws/install/examples_rclpy_minimal_service:/home/fatih/ros2_ws/install/examples_rclpy_minimal_publisher:/home/fatih/ros2_ws/install/examples_rclpy_minimal_client:/home/fatih/ros2_ws/install/examples_rclpy_minimal_action_server:/home/fatih/ros2_ws/install/examples_rclpy_minimal_action_client:/home/fatih/ros2_ws/install/examples_rclpy_guard_conditions:/home/fatih/ros2_ws/install/examples_rclpy_executors:/home/fatih/Desktop/ros2_ws/install/my_py_pkg:/opt/ros/humble /usr/bin/cmake /home/fatih/ros2_ws/ros_tutorials/turtlesim -DCMAKE_INSTALL_PREFIX=/home/fatih/ros2_ws/install/turtlesim
[0.741s] -- The C compiler identification is GNU 11.4.0
[0.793s] -- The CXX compiler identification is GNU 11.4.0
[0.801s] -- Detecting C compiler ABI info
[0.860s] -- Detecting C compiler ABI info - done
[0.866s] -- Check for working C compiler: /usr/bin/cc - skipped
[0.866s] -- Detecting C compile features
[0.867s] -- Detecting C compile features - done
[0.869s] -- Detecting CXX compiler ABI info
[0.939s] -- Detecting CXX compiler ABI info - done
[0.949s] -- Check for working CXX compiler: /usr/bin/c++ - skipped
[0.949s] -- Detecting CXX compile features
[0.949s] -- Detecting CXX compile features - done
[0.957s] -- Found ament_cmake: 1.3.10 (/opt/ros/humble/share/ament_cmake/cmake)
[1.140s] -- Found Python3: /usr/bin/python3 (found version "3.10.12") found components: Interpreter 
[1.247s] -- Found ament_index_cpp: 1.4.0 (/opt/ros/humble/share/ament_index_cpp/cmake)
[1.250s] -- Found geometry_msgs: 4.2.4 (/opt/ros/humble/share/geometry_msgs/cmake)
[1.293s] -- Found rosidl_generator_c: 3.1.5 (/opt/ros/humble/share/rosidl_generator_c/cmake)
[1.300s] -- Found rosidl_adapter: 3.1.5 (/opt/ros/humble/share/rosidl_adapter/cmake)
[1.309s] -- Found rosidl_generator_cpp: 3.1.5 (/opt/ros/humble/share/rosidl_generator_cpp/cmake)
[1.322s] -- Using all available rosidl_typesupport_c: rosidl_typesupport_fastrtps_c;rosidl_typesupport_introspection_c
[1.339s] -- Using all available rosidl_typesupport_cpp: rosidl_typesupport_fastrtps_cpp;rosidl_typesupport_introspection_cpp
[1.402s] -- Found rclcpp: 16.0.10 (/opt/ros/humble/share/rclcpp/cmake)
[1.440s] -- Found rmw_implementation_cmake: 6.1.2 (/opt/ros/humble/share/rmw_implementation_cmake/cmake)
[1.444s] -- Found rmw_fastrtps_cpp: 6.2.7 (/opt/ros/humble/share/rmw_fastrtps_cpp/cmake)
[1.517s] -- Found OpenSSL: /usr/lib/x86_64-linux-gnu/libcrypto.so (found version "3.0.2")  
[1.544s] -- Found FastRTPS: /opt/ros/humble/include  
[1.582s] -- Using RMW implementation 'rmw_fastrtps_cpp' as default
[1.592s] -- Looking for pthread.h
[1.643s] -- Looking for pthread.h - found
[1.643s] -- Performing Test CMAKE_HAVE_LIBC_PTHREAD
[1.696s] -- Performing Test CMAKE_HAVE_LIBC_PTHREAD - Success
[1.697s] -- Found Threads: TRUE  
[1.735s] -- Found rclcpp_action: 16.0.10 (/opt/ros/humble/share/rclcpp_action/cmake)
[1.770s] -- Found rosidl_default_generators: 1.2.0 (/opt/ros/humble/share/rosidl_default_generators/cmake)
[1.786s] -- Found std_srvs: 4.2.4 (/opt/ros/humble/share/std_srvs/cmake)
[2.096s] -- Found ament_cmake_ros: 0.10.0 (/opt/ros/humble/share/ament_cmake_ros/cmake)
[2.400s] -- Using all available rosidl_typesupport_c: rosidl_typesupport_fastrtps_c;rosidl_typesupport_introspection_c
[2.510s] -- Using all available rosidl_typesupport_cpp: rosidl_typesupport_fastrtps_cpp;rosidl_typesupport_introspection_cpp
[2.533s] -- Found PythonInterp: /usr/bin/python3 (found suitable version "3.10.12", minimum required is "3.6") 
[2.535s] -- Found python_cmake_module: 0.10.0 (/opt/ros/humble/share/python_cmake_module/cmake)
[2.564s] -- Found PythonLibs: /usr/lib/x86_64-linux-gnu/libpython3.10.so (found suitable version "3.10.12", minimum required is "3.5") 
[2.564s] -- Using PYTHON_EXECUTABLE: /usr/bin/python3
[2.564s] -- Using PYTHON_INCLUDE_DIRS: /usr/include/python3.10
[2.564s] -- Using PYTHON_LIBRARIES: /usr/lib/x86_64-linux-gnu/libpython3.10.so
[2.584s] -- Found PythonExtra: .so  
[2.650s] -- Configuring done
[2.697s] -- Generating done
[2.699s] -- Build files have been written to: /home/fatih/ros2_ws/build/turtlesim
[2.709s] Invoked command in '/home/fatih/ros2_ws/build/turtlesim' returned '0': CMAKE_PREFIX_PATH=${CMAKE_PREFIX_PATH}:/home/fatih/ros2_ws/install/launch_testing_examples:/home/fatih/ros2_ws/install/examples_rclpy_pointcloud_publisher:/home/fatih/ros2_ws/install/examples_rclpy_minimal_subscriber:/home/fatih/ros2_ws/install/examples_rclpy_minimal_service:/home/fatih/ros2_ws/install/examples_rclpy_minimal_publisher:/home/fatih/ros2_ws/install/examples_rclpy_minimal_client:/home/fatih/ros2_ws/install/examples_rclpy_minimal_action_server:/home/fatih/ros2_ws/install/examples_rclpy_minimal_action_client:/home/fatih/ros2_ws/install/examples_rclpy_guard_conditions:/home/fatih/ros2_ws/install/examples_rclpy_executors:/home/fatih/Desktop/ros2_ws/install/my_py_pkg:/opt/ros/humble /usr/bin/cmake /home/fatih/ros2_ws/ros_tutorials/turtlesim -DCMAKE_INSTALL_PREFIX=/home/fatih/ros2_ws/install/turtlesim
[2.710s] Invoking command in '/home/fatih/ros2_ws/build/turtlesim': CMAKE_PREFIX_PATH=${CMAKE_PREFIX_PATH}:/home/fatih/ros2_ws/install/launch_testing_examples:/home/fatih/ros2_ws/install/examples_rclpy_pointcloud_publisher:/home/fatih/ros2_ws/install/examples_rclpy_minimal_subscriber:/home/fatih/ros2_ws/install/examples_rclpy_minimal_service:/home/fatih/ros2_ws/install/examples_rclpy_minimal_publisher:/home/fatih/ros2_ws/install/examples_rclpy_minimal_client:/home/fatih/ros2_ws/install/examples_rclpy_minimal_action_server:/home/fatih/ros2_ws/install/examples_rclpy_minimal_action_client:/home/fatih/ros2_ws/install/examples_rclpy_guard_conditions:/home/fatih/ros2_ws/install/examples_rclpy_executors:/home/fatih/Desktop/ros2_ws/install/my_py_pkg:/opt/ros/humble /usr/bin/cmake --build /home/fatih/ros2_ws/build/turtlesim -- -j8 -l8
[2.741s] [  1%] [34m[1mGenerating C code for ROS interfaces[0m
[2.747s] [  2%] [34m[1mGenerating C++ code for ROS interfaces[0m
[2.753s] [  2%] Built target ament_cmake_python_copy_turtlesim
[2.991s] running egg_info
[2.992s] creating turtlesim.egg-info
[2.992s] writing turtlesim.egg-info/PKG-INFO
[2.992s] writing dependency_links to turtlesim.egg-info/dependency_links.txt
[2.992s] writing top-level names to turtlesim.egg-info/top_level.txt
[2.992s] writing manifest file 'turtlesim.egg-info/SOURCES.txt'
[2.994s] reading manifest file 'turtlesim.egg-info/SOURCES.txt'
[2.994s] writing manifest file 'turtlesim.egg-info/SOURCES.txt'
[3.016s] [  2%] Built target ament_cmake_python_build_turtlesim_egg
[3.533s] [  2%] Built target turtlesim__cpp
[3.547s] [  3%] [34m[1mGenerating C++ type support dispatch for ROS interfaces[0m
[3.548s] [  4%] [34m[1mGenerating C++ introspection for ROS interfaces[0m
[3.549s] [  5%] [34m[1mGenerating C++ type support for eProsima Fast-RTPS[0m
[3.617s] [  6%] [32mBuilding C object CMakeFiles/turtlesim__rosidl_generator_c.dir/rosidl_generator_c/turtlesim/msg/detail/color__functions.c.o[0m
[3.617s] [  7%] [32mBuilding C object CMakeFiles/turtlesim__rosidl_generator_c.dir/rosidl_generator_c/turtlesim/action/detail/rotate_absolute__functions.c.o[0m
[3.617s] [  8%] [32mBuilding C object CMakeFiles/turtlesim__rosidl_generator_c.dir/rosidl_generator_c/turtlesim/msg/detail/pose__functions.c.o[0m
[3.619s] [  9%] [32mBuilding C object CMakeFiles/turtlesim__rosidl_generator_c.dir/rosidl_generator_c/turtlesim/srv/detail/kill__functions.c.o[0m
[3.621s] [ 10%] [32mBuilding C object CMakeFiles/turtlesim__rosidl_generator_c.dir/rosidl_generator_c/turtlesim/srv/detail/set_pen__functions.c.o[0m
[3.682s] [ 11%] [32mBuilding C object CMakeFiles/turtlesim__rosidl_generator_c.dir/rosidl_generator_c/turtlesim/srv/detail/spawn__functions.c.o[0m
[3.686s] [ 12%] [32mBuilding C object CMakeFiles/turtlesim__rosidl_generator_c.dir/rosidl_generator_c/turtlesim/srv/detail/teleport_absolute__functions.c.o[0m
[3.694s] [ 13%] [32mBuilding C object CMakeFiles/turtlesim__rosidl_generator_c.dir/rosidl_generator_c/turtlesim/srv/detail/teleport_relative__functions.c.o[0m
[3.772s] [ 14%] [32m[1mLinking C shared library libturtlesim__rosidl_generator_c.so[0m
[3.801s] [ 14%] Built target turtlesim__rosidl_generator_c
[3.809s] [ 15%] [34m[1mGenerating C type support dispatch for ROS interfaces[0m
[3.811s] [ 16%] [34m[1mGenerating C introspection for ROS interfaces[0m
[3.812s] [ 17%] [34m[1mGenerating C type support for eProsima Fast-RTPS[0m
[4.301s] [ 20%] [32mBuilding CXX object CMakeFiles/turtlesim__rosidl_typesupport_c.dir/rosidl_typesupport_c/turtlesim/action/rotate_absolute__type_support.cpp.o[0m
[4.301s] [ 20%] [32mBuilding CXX object CMakeFiles/turtlesim__rosidl_typesupport_c.dir/rosidl_typesupport_c/turtlesim/msg/color__type_support.cpp.o[0m
[4.301s] [ 20%] [32mBuilding CXX object CMakeFiles/turtlesim__rosidl_typesupport_c.dir/rosidl_typesupport_c/turtlesim/msg/pose__type_support.cpp.o[0m
[4.339s] [ 22%] [32mBuilding CXX object CMakeFiles/turtlesim__rosidl_typesupport_c.dir/rosidl_typesupport_c/turtlesim/srv/set_pen__type_support.cpp.o[0m
[4.340s] [ 22%] [32mBuilding CXX object CMakeFiles/turtlesim__rosidl_typesupport_c.dir/rosidl_typesupport_c/turtlesim/srv/kill__type_support.cpp.o[0m
[4.367s] [ 23%] [32mBuilding CXX object CMakeFiles/turtlesim__rosidl_typesupport_c.dir/rosidl_typesupport_c/turtlesim/srv/spawn__type_support.cpp.o[0m
[4.381s] [ 24%] [32mBuilding CXX object CMakeFiles/turtlesim__rosidl_typesupport_c.dir/rosidl_typesupport_c/turtlesim/srv/teleport_absolute__type_support.cpp.o[0m
[4.382s] [ 25%] [32mBuilding CXX object CMakeFiles/turtlesim__rosidl_typesupport_c.dir/rosidl_typesupport_c/turtlesim/srv/teleport_relative__type_support.cpp.o[0m
[4.422s] [ 26%] [32m[1mLinking CXX shared library libturtlesim__rosidl_typesupport_c.so[0m
[4.437s] [ 29%] [32mBuilding CXX object CMakeFiles/turtlesim__rosidl_typesupport_cpp.dir/rosidl_typesupport_cpp/turtlesim/msg/color__type_support.cpp.o[0m
[4.437s] [ 29%] [32mBuilding CXX object CMakeFiles/turtlesim__rosidl_typesupport_cpp.dir/rosidl_typesupport_cpp/turtlesim/action/rotate_absolute__type_support.cpp.o[0m
[4.437s] [ 29%] [32mBuilding CXX object CMakeFiles/turtlesim__rosidl_typesupport_cpp.dir/rosidl_typesupport_cpp/turtlesim/msg/pose__type_support.cpp.o[0m
[4.476s] [ 29%] Built target turtlesim__rosidl_typesupport_c
[4.486s] [ 30%] [32mBuilding CXX object CMakeFiles/turtlesim__rosidl_typesupport_cpp.dir/rosidl_typesupport_cpp/turtlesim/srv/kill__type_support.cpp.o[0m
[4.774s] [ 31%] [32mBuilding CXX object CMakeFiles/turtlesim__rosidl_typesupport_introspection_cpp.dir/rosidl_typesupport_introspection_cpp/turtlesim/action/detail/rotate_absolute__type_support.cpp.o[0m
[4.795s] [ 32%] [32mBuilding CXX object CMakeFiles/turtlesim__rosidl_typesupport_cpp.dir/rosidl_typesupport_cpp/turtlesim/srv/set_pen__type_support.cpp.o[0m
[4.808s] [ 33%] [32mBuilding CXX object CMakeFiles/turtlesim__rosidl_typesupport_cpp.dir/rosidl_typesupport_cpp/turtlesim/srv/spawn__type_support.cpp.o[0m
[4.816s] [ 34%] [32mBuilding CXX object CMakeFiles/turtlesim__rosidl_typesupport_fastrtps_c.dir/rosidl_typesupport_fastrtps_c/turtlesim/action/detail/rotate_absolute__type_support_c.cpp.o[0m
[4.859s] [ 35%] [32mBuilding CXX object CMakeFiles/turtlesim__rosidl_typesupport_introspection_cpp.dir/rosidl_typesupport_introspection_cpp/turtlesim/msg/detail/color__type_support.cpp.o[0m
[4.983s] [ 36%] [32mBuilding CXX object CMakeFiles/turtlesim__rosidl_typesupport_fastrtps_cpp.dir/rosidl_typesupport_fastrtps_cpp/turtlesim/action/detail/dds_fastrtps/rotate_absolute__type_support.cpp.o[0m
[5.045s] [ 37%] [32mBuilding CXX object CMakeFiles/turtlesim__rosidl_typesupport_fastrtps_c.dir/rosidl_typesupport_fastrtps_c/turtlesim/msg/detail/color__type_support_c.cpp.o[0m
[5.147s] [ 38%] [32mBuilding C object CMakeFiles/turtlesim__rosidl_typesupport_introspection_c.dir/rosidl_typesupport_introspection_c/turtlesim/action/detail/rotate_absolute__type_support.c.o[0m
[5.159s] [ 39%] [32mBuilding CXX object CMakeFiles/turtlesim__rosidl_typesupport_fastrtps_c.dir/rosidl_typesupport_fastrtps_c/turtlesim/msg/detail/pose__type_support_c.cpp.o[0m
[5.165s] [ 40%] [32mBuilding CXX object CMakeFiles/turtlesim__rosidl_typesupport_cpp.dir/rosidl_typesupport_cpp/turtlesim/srv/teleport_absolute__type_support.cpp.o[0m
[5.210s] [ 41%] [32mBuilding C object CMakeFiles/turtlesim__rosidl_typesupport_introspection_c.dir/rosidl_typesupport_introspection_c/turtlesim/msg/detail/color__type_support.c.o[0m
[5.252s] [ 42%] [32mBuilding C object CMakeFiles/turtlesim__rosidl_typesupport_introspection_c.dir/rosidl_typesupport_introspection_c/turtlesim/msg/detail/pose__type_support.c.o[0m
[5.294s] [ 43%] [32mBuilding C object CMakeFiles/turtlesim__rosidl_typesupport_introspection_c.dir/rosidl_typesupport_introspection_c/turtlesim/srv/detail/kill__type_support.c.o[0m
[5.340s] [ 44%] [32mBuilding C object CMakeFiles/turtlesim__rosidl_typesupport_introspection_c.dir/rosidl_typesupport_introspection_c/turtlesim/srv/detail/set_pen__type_support.c.o[0m
[5.346s] [ 45%] [32mBuilding C object CMakeFiles/turtlesim__rosidl_typesupport_introspection_c.dir/rosidl_typesupport_introspection_c/turtlesim/srv/detail/spawn__type_support.c.o[0m
[5.367s] [ 46%] [32mBuilding C object CMakeFiles/turtlesim__rosidl_typesupport_introspection_c.dir/rosidl_typesupport_introspection_c/turtlesim/srv/detail/teleport_absolute__type_support.c.o[0m
[5.385s] [ 47%] [32mBuilding CXX object CMakeFiles/turtlesim__rosidl_typesupport_fastrtps_cpp.dir/rosidl_typesupport_fastrtps_cpp/turtlesim/msg/detail/dds_fastrtps/color__type_support.cpp.o[0m
[5.389s] [ 48%] [32mBuilding CXX object CMakeFiles/turtlesim__rosidl_typesupport_introspection_cpp.dir/rosidl_typesupport_introspection_cpp/turtlesim/msg/detail/pose__type_support.cpp.o[0m
[5.416s] [ 49%] [32mBuilding C object CMakeFiles/turtlesim__rosidl_typesupport_introspection_c.dir/rosidl_typesupport_introspection_c/turtlesim/srv/detail/teleport_relative__type_support.c.o[0m
[5.466s] [ 50%] [32m[1mLinking C shared library libturtlesim__rosidl_typesupport_introspection_c.so[0m
[5.505s] [ 50%] Built target turtlesim__rosidl_typesupport_introspection_c
[5.516s] [ 51%] [32mBuilding CXX object CMakeFiles/turtlesim__rosidl_typesupport_cpp.dir/rosidl_typesupport_cpp/turtlesim/srv/teleport_relative__type_support.cpp.o[0m
[5.516s] [ 52%] [32mBuilding CXX object CMakeFiles/turtlesim__rosidl_typesupport_fastrtps_c.dir/rosidl_typesupport_fastrtps_c/turtlesim/srv/detail/kill__type_support_c.cpp.o[0m
[5.539s] [ 53%] [32mBuilding CXX object CMakeFiles/turtlesim__rosidl_typesupport_fastrtps_c.dir/rosidl_typesupport_fastrtps_c/turtlesim/srv/detail/set_pen__type_support_c.cpp.o[0m
[5.588s] [ 54%] [32mBuilding CXX object CMakeFiles/turtlesim__rosidl_typesupport_fastrtps_c.dir/rosidl_typesupport_fastrtps_c/turtlesim/srv/detail/spawn__type_support_c.cpp.o[0m
[5.608s] [ 55%] [32mBuilding CXX object CMakeFiles/turtlesim__rosidl_typesupport_fastrtps_cpp.dir/rosidl_typesupport_fastrtps_cpp/turtlesim/msg/detail/dds_fastrtps/pose__type_support.cpp.o[0m
[5.764s] [ 56%] [32mBuilding CXX object CMakeFiles/turtlesim__rosidl_typesupport_fastrtps_c.dir/rosidl_typesupport_fastrtps_c/turtlesim/srv/detail/teleport_absolute__type_support_c.cpp.o[0m
[5.881s] [ 57%] [32m[1mLinking CXX shared library libturtlesim__rosidl_typesupport_cpp.so[0m
[5.907s] [ 58%] [32mBuilding CXX object CMakeFiles/turtlesim__rosidl_typesupport_introspection_cpp.dir/rosidl_typesupport_introspection_cpp/turtlesim/srv/detail/kill__type_support.cpp.o[0m
[5.917s] [ 59%] [32mBuilding CXX object CMakeFiles/turtlesim__rosidl_typesupport_fastrtps_c.dir/rosidl_typesupport_fastrtps_c/turtlesim/srv/detail/teleport_relative__type_support_c.cpp.o[0m
[5.942s] [ 59%] Built target turtlesim__rosidl_typesupport_cpp
[5.955s] [ 60%] [32mBuilding CXX object CMakeFiles/turtlesim__rosidl_typesupport_introspection_cpp.dir/rosidl_typesupport_introspection_cpp/turtlesim/srv/detail/set_pen__type_support.cpp.o[0m
[5.994s] [ 61%] [32mBuilding CXX object CMakeFiles/turtlesim__rosidl_typesupport_introspection_cpp.dir/rosidl_typesupport_introspection_cpp/turtlesim/srv/detail/spawn__type_support.cpp.o[0m
[6.014s] [ 62%] [32mBuilding CXX object CMakeFiles/turtlesim__rosidl_typesupport_fastrtps_cpp.dir/rosidl_typesupport_fastrtps_cpp/turtlesim/srv/detail/dds_fastrtps/kill__type_support.cpp.o[0m
[6.066s] [ 63%] [34m[1mGenerating include/turtlesim/moc_turtle_frame.cpp[0m
[6.139s] [ 64%] [32mBuilding CXX object CMakeFiles/turtlesim__rosidl_typesupport_introspection_cpp.dir/rosidl_typesupport_introspection_cpp/turtlesim/srv/detail/teleport_absolute__type_support.cpp.o[0m
[6.179s] [ 65%] [32mBuilding CXX object CMakeFiles/turtlesim_node.dir/src/turtlesim.cpp.o[0m
[6.255s] [ 66%] [32mBuilding CXX object CMakeFiles/turtle_teleop_key.dir/tutorials/teleop_turtle_key.cpp.o[0m
[6.401s] [ 67%] [32m[1mLinking CXX shared library libturtlesim__rosidl_typesupport_fastrtps_c.so[0m
[6.432s] [ 68%] [32mBuilding CXX object CMakeFiles/turtlesim__rosidl_typesupport_fastrtps_cpp.dir/rosidl_typesupport_fastrtps_cpp/turtlesim/srv/detail/dds_fastrtps/set_pen__type_support.cpp.o[0m
[6.473s] [ 69%] [32mBuilding CXX object CMakeFiles/turtlesim_node.dir/src/turtle.cpp.o[0m
[6.498s] [ 70%] [32mBuilding CXX object CMakeFiles/turtlesim_node.dir/src/turtle_frame.cpp.o[0m
[6.516s] [ 70%] Built target turtlesim__rosidl_typesupport_fastrtps_c
[6.548s] [ 71%] [32mBuilding CXX object CMakeFiles/draw_square.dir/tutorials/draw_square.cpp.o[0m
[6.590s] [ 72%] [32mBuilding CXX object CMakeFiles/turtlesim__rosidl_typesupport_fastrtps_cpp.dir/rosidl_typesupport_fastrtps_cpp/turtlesim/srv/detail/dds_fastrtps/spawn__type_support.cpp.o[0m
[6.681s] [ 73%] [32mBuilding CXX object CMakeFiles/turtlesim__rosidl_typesupport_introspection_cpp.dir/rosidl_typesupport_introspection_cpp/turtlesim/srv/detail/teleport_relative__type_support.cpp.o[0m
[7.026s] [ 74%] [32mBuilding CXX object CMakeFiles/turtlesim_node.dir/include/turtlesim/moc_turtle_frame.cpp.o[0m
[7.150s] [ 75%] [32mBuilding CXX object CMakeFiles/turtlesim__rosidl_typesupport_fastrtps_cpp.dir/rosidl_typesupport_fastrtps_cpp/turtlesim/srv/detail/dds_fastrtps/teleport_absolute__type_support.cpp.o[0m
[7.211s] [ 76%] [32m[1mLinking CXX shared library libturtlesim__rosidl_typesupport_introspection_cpp.so[0m
[7.323s] [ 76%] Built target turtlesim__rosidl_typesupport_introspection_cpp
[7.335s] [ 77%] [32mBuilding CXX object CMakeFiles/turtlesim__rosidl_typesupport_fastrtps_cpp.dir/rosidl_typesupport_fastrtps_cpp/turtlesim/srv/detail/dds_fastrtps/teleport_relative__type_support.cpp.o[0m
[7.720s] [ 78%] [32mBuilding CXX object CMakeFiles/mimic.dir/tutorials/mimic.cpp.o[0m
[7.922s] [ 79%] [32m[1mLinking CXX shared library libturtlesim__rosidl_typesupport_fastrtps_cpp.so[0m
[8.035s] [ 79%] Built target turtlesim__rosidl_typesupport_fastrtps_cpp
[8.062s] [ 79%] Built target turtlesim
[8.084s] [ 80%] [34m[1mGenerating Python code for ROS interfaces[0m
[11.068s] [ 80%] Built target turtlesim__py
[11.091s] [ 81%] [32mBuilding C object CMakeFiles/turtlesim__rosidl_generator_py.dir/rosidl_generator_py/turtlesim/action/_rotate_absolute_s.c.o[0m
[11.294s] [ 82%] [32mBuilding C object CMakeFiles/turtlesim__rosidl_generator_py.dir/rosidl_generator_py/turtlesim/msg/_color_s.c.o[0m
[11.417s] [ 83%] [32mBuilding C object CMakeFiles/turtlesim__rosidl_generator_py.dir/rosidl_generator_py/turtlesim/msg/_pose_s.c.o[0m
[11.554s] [ 84%] [32mBuilding C object CMakeFiles/turtlesim__rosidl_generator_py.dir/rosidl_generator_py/turtlesim/srv/_kill_s.c.o[0m
[11.694s] [ 85%] [32mBuilding C object CMakeFiles/turtlesim__rosidl_generator_py.dir/rosidl_generator_py/turtlesim/srv/_set_pen_s.c.o[0m
[11.837s] [ 86%] [32mBuilding C object CMakeFiles/turtlesim__rosidl_generator_py.dir/rosidl_generator_py/turtlesim/srv/_spawn_s.c.o[0m
[11.985s] [ 87%] [32mBuilding C object CMakeFiles/turtlesim__rosidl_generator_py.dir/rosidl_generator_py/turtlesim/srv/_teleport_absolute_s.c.o[0m
[12.134s] [ 88%] [32mBuilding C object CMakeFiles/turtlesim__rosidl_generator_py.dir/rosidl_generator_py/turtlesim/srv/_teleport_relative_s.c.o[0m
[12.283s] [ 89%] [32m[1mLinking C shared library rosidl_generator_py/turtlesim/libturtlesim__rosidl_generator_py.so[0m
[12.342s] [ 89%] Built target turtlesim__rosidl_generator_py
[12.366s] [ 90%] [32mBuilding C object CMakeFiles/turtlesim__rosidl_typesupport_introspection_c__pyext.dir/rosidl_generator_py/turtlesim/_turtlesim_s.ep.rosidl_typesupport_introspection_c.c.o[0m
[12.366s] [ 91%] [32mBuilding C object CMakeFiles/turtlesim__rosidl_typesupport_fastrtps_c__pyext.dir/rosidl_generator_py/turtlesim/_turtlesim_s.ep.rosidl_typesupport_fastrtps_c.c.o[0m
[12.574s] [ 92%] [32m[1mLinking C shared library rosidl_generator_py/turtlesim/turtlesim_s__rosidl_typesupport_introspection_c.cpython-310-x86_64-linux-gnu.so[0m
[12.587s] [ 93%] [32m[1mLinking C shared library rosidl_generator_py/turtlesim/turtlesim_s__rosidl_typesupport_fastrtps_c.cpython-310-x86_64-linux-gnu.so[0m
[12.621s] [ 93%] Built target turtlesim__rosidl_typesupport_introspection_c__pyext
[12.635s] [ 93%] Built target turtlesim__rosidl_typesupport_fastrtps_c__pyext
[12.645s] [ 94%] [32mBuilding C object CMakeFiles/turtlesim__rosidl_typesupport_c__pyext.dir/rosidl_generator_py/turtlesim/_turtlesim_s.ep.rosidl_typesupport_c.c.o[0m
[12.865s] [ 95%] [32m[1mLinking C shared library rosidl_generator_py/turtlesim/turtlesim_s__rosidl_typesupport_c.cpython-310-x86_64-linux-gnu.so[0m
[12.915s] [ 95%] Built target turtlesim__rosidl_typesupport_c__pyext
[14.353s] [ 96%] [32m[1mLinking CXX executable turtle_teleop_key[0m
[14.725s] [ 96%] Built target turtle_teleop_key
[17.081s] [ 97%] [32m[1mLinking CXX executable mimic[0m
[17.110s] [ 98%] [32m[1mLinking CXX executable draw_square[0m
[17.492s] [ 98%] Built target mimic
[17.558s] [ 98%] Built target draw_square
[19.836s] [100%] [32m[1mLinking CXX executable turtlesim_node[0m
[21.474s] [100%] Built target turtlesim_node
[21.484s] Invoked command in '/home/fatih/ros2_ws/build/turtlesim' returned '0': CMAKE_PREFIX_PATH=${CMAKE_PREFIX_PATH}:/home/fatih/ros2_ws/install/launch_testing_examples:/home/fatih/ros2_ws/install/examples_rclpy_pointcloud_publisher:/home/fatih/ros2_ws/install/examples_rclpy_minimal_subscriber:/home/fatih/ros2_ws/install/examples_rclpy_minimal_service:/home/fatih/ros2_ws/install/examples_rclpy_minimal_publisher:/home/fatih/ros2_ws/install/examples_rclpy_minimal_client:/home/fatih/ros2_ws/install/examples_rclpy_minimal_action_server:/home/fatih/ros2_ws/install/examples_rclpy_minimal_action_client:/home/fatih/ros2_ws/install/examples_rclpy_guard_conditions:/home/fatih/ros2_ws/install/examples_rclpy_executors:/home/fatih/Desktop/ros2_ws/install/my_py_pkg:/opt/ros/humble /usr/bin/cmake --build /home/fatih/ros2_ws/build/turtlesim -- -j8 -l8
[21.611s] Invoking command in '/home/fatih/ros2_ws/build/turtlesim': CMAKE_PREFIX_PATH=${CMAKE_PREFIX_PATH}:/home/fatih/ros2_ws/install/launch_testing_examples:/home/fatih/ros2_ws/install/examples_rclpy_pointcloud_publisher:/home/fatih/ros2_ws/install/examples_rclpy_minimal_subscriber:/home/fatih/ros2_ws/install/examples_rclpy_minimal_service:/home/fatih/ros2_ws/install/examples_rclpy_minimal_publisher:/home/fatih/ros2_ws/install/examples_rclpy_minimal_client:/home/fatih/ros2_ws/install/examples_rclpy_minimal_action_server:/home/fatih/ros2_ws/install/examples_rclpy_minimal_action_client:/home/fatih/ros2_ws/install/examples_rclpy_guard_conditions:/home/fatih/ros2_ws/install/examples_rclpy_executors:/home/fatih/Desktop/ros2_ws/install/my_py_pkg:/opt/ros/humble /usr/bin/cmake --install /home/fatih/ros2_ws/build/turtlesim
[21.617s] -- Install configuration: ""
[21.617s] -- Installing: /home/fatih/ros2_ws/install/turtlesim/share/ament_index/resource_index/rosidl_interfaces/turtlesim
[21.617s] -- Installing: /home/fatih/ros2_ws/install/turtlesim/include/turtlesim/turtlesim
[21.617s] -- Installing: /home/fatih/ros2_ws/install/turtlesim/include/turtlesim/turtlesim/action
[21.617s] -- Installing: /home/fatih/ros2_ws/install/turtlesim/include/turtlesim/turtlesim/action/rotate_absolute.h
[21.617s] -- Installing: /home/fatih/ros2_ws/install/turtlesim/include/turtlesim/turtlesim/action/detail
[21.617s] -- Installing: /home/fatih/ros2_ws/install/turtlesim/include/turtlesim/turtlesim/action/detail/rotate_absolute__functions.c
[21.617s] -- Installing: /home/fatih/ros2_ws/install/turtlesim/include/turtlesim/turtlesim/action/detail/rotate_absolute__struct.h
[21.617s] -- Installing: /home/fatih/ros2_ws/install/turtlesim/include/turtlesim/turtlesim/action/detail/rotate_absolute__type_support.h
[21.617s] -- Installing: /home/fatih/ros2_ws/install/turtlesim/include/turtlesim/turtlesim/action/detail/rotate_absolute__functions.h
[21.617s] -- Installing: /home/fatih/ros2_ws/install/turtlesim/include/turtlesim/turtlesim/srv
[21.617s] -- Installing: /home/fatih/ros2_ws/install/turtlesim/include/turtlesim/turtlesim/srv/detail
[21.617s] -- Installing: /home/fatih/ros2_ws/install/turtlesim/include/turtlesim/turtlesim/srv/detail/kill__functions.c
[21.618s] -- Installing: /home/fatih/ros2_ws/install/turtlesim/include/turtlesim/turtlesim/srv/detail/set_pen__struct.h
[21.618s] -- Installing: /home/fatih/ros2_ws/install/turtlesim/include/turtlesim/turtlesim/srv/detail/set_pen__functions.h
[21.618s] -- Installing: /home/fatih/ros2_ws/install/turtlesim/include/turtlesim/turtlesim/srv/detail/teleport_relative__type_support.h
[21.618s] -- Installing: /home/fatih/ros2_ws/install/turtlesim/include/turtlesim/turtlesim/srv/detail/teleport_relative__functions.c
[21.618s] -- Installing: /home/fatih/ros2_ws/install/turtlesim/include/turtlesim/turtlesim/srv/detail/teleport_absolute__functions.h
[21.618s] -- Installing: /home/fatih/ros2_ws/install/turtlesim/include/turtlesim/turtlesim/srv/detail/set_pen__type_support.h
[21.618s] -- Installing: /home/fatih/ros2_ws/install/turtlesim/include/turtlesim/turtlesim/srv/detail/kill__type_support.h
[21.618s] -- Installing: /home/fatih/ros2_ws/install/turtlesim/include/turtlesim/turtlesim/srv/detail/kill__functions.h
[21.618s] -- Installing: /home/fatih/ros2_ws/install/turtlesim/include/turtlesim/turtlesim/srv/detail/teleport_absolute__type_support.h
[21.618s] -- Installing: /home/fatih/ros2_ws/install/turtlesim/include/turtlesim/turtlesim/srv/detail/set_pen__functions.c
[21.618s] -- Installing: /home/fatih/ros2_ws/install/turtlesim/include/turtlesim/turtlesim/srv/detail/kill__struct.h
[21.618s] -- Installing: /home/fatih/ros2_ws/install/turtlesim/include/turtlesim/turtlesim/srv/detail/spawn__functions.h
[21.618s] -- Installing: /home/fatih/ros2_ws/install/turtlesim/include/turtlesim/turtlesim/srv/detail/spawn__struct.h
[21.618s] -- Installing: /home/fatih/ros2_ws/install/turtlesim/include/turtlesim/turtlesim/srv/detail/teleport_absolute__functions.c
[21.618s] -- Installing: /home/fatih/ros2_ws/install/turtlesim/include/turtlesim/turtlesim/srv/detail/spawn__functions.c
[21.619s] -- Installing: /home/fatih/ros2_ws/install/turtlesim/include/turtlesim/turtlesim/srv/detail/teleport_relative__struct.h
[21.619s] -- Installing: /home/fatih/ros2_ws/install/turtlesim/include/turtlesim/turtlesim/srv/detail/teleport_absolute__struct.h
[21.619s] -- Installing: /home/fatih/ros2_ws/install/turtlesim/include/turtlesim/turtlesim/srv/detail/teleport_relative__functions.h
[21.619s] -- Installing: /home/fatih/ros2_ws/install/turtlesim/include/turtlesim/turtlesim/srv/detail/spawn__type_support.h
[21.619s] -- Installing: /home/fatih/ros2_ws/install/turtlesim/include/turtlesim/turtlesim/srv/teleport_absolute.h
[21.619s] -- Installing: /home/fatih/ros2_ws/install/turtlesim/include/turtlesim/turtlesim/srv/kill.h
[21.619s] -- Installing: /home/fatih/ros2_ws/install/turtlesim/include/turtlesim/turtlesim/srv/teleport_relative.h
[21.619s] -- Installing: /home/fatih/ros2_ws/install/turtlesim/include/turtlesim/turtlesim/srv/set_pen.h
[21.619s] -- Installing: /home/fatih/ros2_ws/install/turtlesim/include/turtlesim/turtlesim/srv/spawn.h
[21.619s] -- Installing: /home/fatih/ros2_ws/install/turtlesim/include/turtlesim/turtlesim/msg
[21.619s] -- Installing: /home/fatih/ros2_ws/install/turtlesim/include/turtlesim/turtlesim/msg/detail
[21.619s] -- Installing: /home/fatih/ros2_ws/install/turtlesim/include/turtlesim/turtlesim/msg/detail/pose__functions.h
[21.619s] -- Installing: /home/fatih/ros2_ws/install/turtlesim/include/turtlesim/turtlesim/msg/detail/pose__functions.c
[21.619s] -- Installing: /home/fatih/ros2_ws/install/turtlesim/include/turtlesim/turtlesim/msg/detail/color__functions.c
[21.619s] -- Installing: /home/fatih/ros2_ws/install/turtlesim/include/turtlesim/turtlesim/msg/detail/pose__type_support.h
[21.620s] -- Installing: /home/fatih/ros2_ws/install/turtlesim/include/turtlesim/turtlesim/msg/detail/color__struct.h
[21.620s] -- Installing: /home/fatih/ros2_ws/install/turtlesim/include/turtlesim/turtlesim/msg/detail/color__type_support.h
[21.620s] -- Installing: /home/fatih/ros2_ws/install/turtlesim/include/turtlesim/turtlesim/msg/detail/color__functions.h
[21.620s] -- Installing: /home/fatih/ros2_ws/install/turtlesim/include/turtlesim/turtlesim/msg/detail/pose__struct.h
[21.620s] -- Installing: /home/fatih/ros2_ws/install/turtlesim/include/turtlesim/turtlesim/msg/color.h
[21.620s] -- Installing: /home/fatih/ros2_ws/install/turtlesim/include/turtlesim/turtlesim/msg/rosidl_generator_c__visibility_control.h
[21.620s] -- Installing: /home/fatih/ros2_ws/install/turtlesim/include/turtlesim/turtlesim/msg/pose.h
[21.620s] -- Installing: /home/fatih/ros2_ws/install/turtlesim/share/turtlesim/environment/library_path.sh
[21.620s] -- Installing: /home/fatih/ros2_ws/install/turtlesim/share/turtlesim/environment/library_path.dsv
[21.620s] -- Installing: /home/fatih/ros2_ws/install/turtlesim/lib/libturtlesim__rosidl_generator_c.so
[21.621s] -- Set runtime path of "/home/fatih/ros2_ws/install/turtlesim/lib/libturtlesim__rosidl_generator_c.so" to ""
[21.621s] -- Up-to-date: /home/fatih/ros2_ws/install/turtlesim/include/turtlesim/turtlesim
[21.621s] -- Up-to-date: /home/fatih/ros2_ws/install/turtlesim/include/turtlesim/turtlesim/action
[21.621s] -- Up-to-date: /home/fatih/ros2_ws/install/turtlesim/include/turtlesim/turtlesim/action/detail
[21.621s] -- Installing: /home/fatih/ros2_ws/install/turtlesim/include/turtlesim/turtlesim/action/detail/rotate_absolute__rosidl_typesupport_fastrtps_c.h
[21.621s] -- Up-to-date: /home/fatih/ros2_ws/install/turtlesim/include/turtlesim/turtlesim/srv
[21.621s] -- Up-to-date: /home/fatih/ros2_ws/install/turtlesim/include/turtlesim/turtlesim/srv/detail
[21.621s] -- Installing: /home/fatih/ros2_ws/install/turtlesim/include/turtlesim/turtlesim/srv/detail/kill__rosidl_typesupport_fastrtps_c.h
[21.621s] -- Installing: /home/fatih/ros2_ws/install/turtlesim/include/turtlesim/turtlesim/srv/detail/spawn__rosidl_typesupport_fastrtps_c.h
[21.621s] -- Installing: /home/fatih/ros2_ws/install/turtlesim/include/turtlesim/turtlesim/srv/detail/teleport_absolute__rosidl_typesupport_fastrtps_c.h
[21.621s] -- Installing: /home/fatih/ros2_ws/install/turtlesim/include/turtlesim/turtlesim/srv/detail/set_pen__rosidl_typesupport_fastrtps_c.h
[21.621s] -- Installing: /home/fatih/ros2_ws/install/turtlesim/include/turtlesim/turtlesim/srv/detail/teleport_relative__rosidl_typesupport_fastrtps_c.h
[21.621s] -- Up-to-date: /home/fatih/ros2_ws/install/turtlesim/include/turtlesim/turtlesim/msg
[21.621s] -- Installing: /home/fatih/ros2_ws/install/turtlesim/include/turtlesim/turtlesim/msg/rosidl_typesupport_fastrtps_c__visibility_control.h
[21.621s] -- Up-to-date: /home/fatih/ros2_ws/install/turtlesim/include/turtlesim/turtlesim/msg/detail
[21.621s] -- Installing: /home/fatih/ros2_ws/install/turtlesim/include/turtlesim/turtlesim/msg/detail/color__rosidl_typesupport_fastrtps_c.h
[21.621s] -- Installing: /home/fatih/ros2_ws/install/turtlesim/include/turtlesim/turtlesim/msg/detail/pose__rosidl_typesupport_fastrtps_c.h
[21.622s] -- Installing: /home/fatih/ros2_ws/install/turtlesim/lib/libturtlesim__rosidl_typesupport_fastrtps_c.so
[21.622s] -- Set runtime path of "/home/fatih/ros2_ws/install/turtlesim/lib/libturtlesim__rosidl_typesupport_fastrtps_c.so" to ""
[21.622s] -- Up-to-date: /home/fatih/ros2_ws/install/turtlesim/include/turtlesim/turtlesim
[21.622s] -- Up-to-date: /home/fatih/ros2_ws/install/turtlesim/include/turtlesim/turtlesim/action
[21.622s] -- Up-to-date: /home/fatih/ros2_ws/install/turtlesim/include/turtlesim/turtlesim/action/detail
[21.622s] -- Installing: /home/fatih/ros2_ws/install/turtlesim/include/turtlesim/turtlesim/action/detail/rotate_absolute__struct.hpp
[21.622s] -- Installing: /home/fatih/ros2_ws/install/turtlesim/include/turtlesim/turtlesim/action/detail/rotate_absolute__traits.hpp
[21.622s] -- Installing: /home/fatih/ros2_ws/install/turtlesim/include/turtlesim/turtlesim/action/detail/rotate_absolute__builder.hpp
[21.622s] -- Installing: /home/fatih/ros2_ws/install/turtlesim/include/turtlesim/turtlesim/action/rotate_absolute.hpp
[21.622s] -- Up-to-date: /home/fatih/ros2_ws/install/turtlesim/include/turtlesim/turtlesim/srv
[21.622s] -- Installing: /home/fatih/ros2_ws/install/turtlesim/include/turtlesim/turtlesim/srv/teleport_absolute.hpp
[21.622s] -- Up-to-date: /home/fatih/ros2_ws/install/turtlesim/include/turtlesim/turtlesim/srv/detail
[21.622s] -- Installing: /home/fatih/ros2_ws/install/turtlesim/include/turtlesim/turtlesim/srv/detail/teleport_relative__struct.hpp
[21.622s] -- Installing: /home/fatih/ros2_ws/install/turtlesim/include/turtlesim/turtlesim/srv/detail/teleport_absolute__traits.hpp
[21.622s] -- Installing: /home/fatih/ros2_ws/install/turtlesim/include/turtlesim/turtlesim/srv/detail/set_pen__traits.hpp
[21.622s] -- Installing: /home/fatih/ros2_ws/install/turtlesim/include/turtlesim/turtlesim/srv/detail/teleport_absolute__builder.hpp
[21.623s] -- Installing: /home/fatih/ros2_ws/install/turtlesim/include/turtlesim/turtlesim/srv/detail/spawn__builder.hpp
[21.623s] -- Installing: /home/fatih/ros2_ws/install/turtlesim/include/turtlesim/turtlesim/srv/detail/spawn__traits.hpp
[21.623s] -- Installing: /home/fatih/ros2_ws/install/turtlesim/include/turtlesim/turtlesim/srv/detail/kill__traits.hpp
[21.623s] -- Installing: /home/fatih/ros2_ws/install/turtlesim/include/turtlesim/turtlesim/srv/detail/set_pen__struct.hpp
[21.623s] -- Installing: /home/fatih/ros2_ws/install/turtlesim/include/turtlesim/turtlesim/srv/detail/teleport_relative__builder.hpp
[21.623s] -- Installing: /home/fatih/ros2_ws/install/turtlesim/include/turtlesim/turtlesim/srv/detail/teleport_absolute__struct.hpp
[21.623s] -- Installing: /home/fatih/ros2_ws/install/turtlesim/include/turtlesim/turtlesim/srv/detail/teleport_relative__traits.hpp
[21.623s] -- Installing: /home/fatih/ros2_ws/install/turtlesim/include/turtlesim/turtlesim/srv/detail/set_pen__builder.hpp
[21.623s] -- Installing: /home/fatih/ros2_ws/install/turtlesim/include/turtlesim/turtlesim/srv/detail/spawn__struct.hpp
[21.623s] -- Installing: /home/fatih/ros2_ws/install/turtlesim/include/turtlesim/turtlesim/srv/detail/kill__builder.hpp
[21.623s] -- Installing: /home/fatih/ros2_ws/install/turtlesim/include/turtlesim/turtlesim/srv/detail/kill__struct.hpp
[21.623s] -- Installing: /home/fatih/ros2_ws/install/turtlesim/include/turtlesim/turtlesim/srv/kill.hpp
[21.623s] -- Installing: /home/fatih/ros2_ws/install/turtlesim/include/turtlesim/turtlesim/srv/spawn.hpp
[21.623s] -- Installing: /home/fatih/ros2_ws/install/turtlesim/include/turtlesim/turtlesim/srv/set_pen.hpp
[21.623s] -- Installing: /home/fatih/ros2_ws/install/turtlesim/include/turtlesim/turtlesim/srv/teleport_relative.hpp
[21.624s] -- Up-to-date: /home/fatih/ros2_ws/install/turtlesim/include/turtlesim/turtlesim/msg
[21.624s] -- Installing: /home/fatih/ros2_ws/install/turtlesim/include/turtlesim/turtlesim/msg/pose.hpp
[21.624s] -- Up-to-date: /home/fatih/ros2_ws/install/turtlesim/include/turtlesim/turtlesim/msg/detail
[21.624s] -- Installing: /home/fatih/ros2_ws/install/turtlesim/include/turtlesim/turtlesim/msg/detail/color__struct.hpp
[21.624s] -- Installing: /home/fatih/ros2_ws/install/turtlesim/include/turtlesim/turtlesim/msg/detail/pose__builder.hpp
[21.624s] -- Installing: /home/fatih/ros2_ws/install/turtlesim/include/turtlesim/turtlesim/msg/detail/pose__struct.hpp
[21.624s] -- Installing: /home/fatih/ros2_ws/install/turtlesim/include/turtlesim/turtlesim/msg/detail/pose__traits.hpp
[21.624s] -- Installing: /home/fatih/ros2_ws/install/turtlesim/include/turtlesim/turtlesim/msg/detail/color__builder.hpp
[21.624s] -- Installing: /home/fatih/ros2_ws/install/turtlesim/include/turtlesim/turtlesim/msg/detail/color__traits.hpp
[21.624s] -- Installing: /home/fatih/ros2_ws/install/turtlesim/include/turtlesim/turtlesim/msg/color.hpp
[21.624s] -- Up-to-date: /home/fatih/ros2_ws/install/turtlesim/include/turtlesim/turtlesim
[21.624s] -- Up-to-date: /home/fatih/ros2_ws/install/turtlesim/include/turtlesim/turtlesim/action
[21.624s] -- Up-to-date: /home/fatih/ros2_ws/install/turtlesim/include/turtlesim/turtlesim/action/detail
[21.624s] -- Installing: /home/fatih/ros2_ws/install/turtlesim/include/turtlesim/turtlesim/action/detail/dds_fastrtps
[21.624s] -- Installing: /home/fatih/ros2_ws/install/turtlesim/include/turtlesim/turtlesim/action/detail/rotate_absolute__rosidl_typesupport_fastrtps_cpp.hpp
[21.624s] -- Up-to-date: /home/fatih/ros2_ws/install/turtlesim/include/turtlesim/turtlesim/srv
[21.625s] -- Up-to-date: /home/fatih/ros2_ws/install/turtlesim/include/turtlesim/turtlesim/srv/detail
[21.625s] -- Installing: /home/fatih/ros2_ws/install/turtlesim/include/turtlesim/turtlesim/srv/detail/teleport_absolute__rosidl_typesupport_fastrtps_cpp.hpp
[21.625s] -- Installing: /home/fatih/ros2_ws/install/turtlesim/include/turtlesim/turtlesim/srv/detail/set_pen__rosidl_typesupport_fastrtps_cpp.hpp
[21.625s] -- Installing: /home/fatih/ros2_ws/install/turtlesim/include/turtlesim/turtlesim/srv/detail/teleport_relative__rosidl_typesupport_fastrtps_cpp.hpp
[21.625s] -- Installing: /home/fatih/ros2_ws/install/turtlesim/include/turtlesim/turtlesim/srv/detail/kill__rosidl_typesupport_fastrtps_cpp.hpp
[21.625s] -- Installing: /home/fatih/ros2_ws/install/turtlesim/include/turtlesim/turtlesim/srv/detail/dds_fastrtps
[21.625s] -- Installing: /home/fatih/ros2_ws/install/turtlesim/include/turtlesim/turtlesim/srv/detail/spawn__rosidl_typesupport_fastrtps_cpp.hpp
[21.625s] -- Up-to-date: /home/fatih/ros2_ws/install/turtlesim/include/turtlesim/turtlesim/msg
[21.625s] -- Up-to-date: /home/fatih/ros2_ws/install/turtlesim/include/turtlesim/turtlesim/msg/detail
[21.625s] -- Installing: /home/fatih/ros2_ws/install/turtlesim/include/turtlesim/turtlesim/msg/detail/pose__rosidl_typesupport_fastrtps_cpp.hpp
[21.625s] -- Installing: /home/fatih/ros2_ws/install/turtlesim/include/turtlesim/turtlesim/msg/detail/dds_fastrtps
[21.625s] -- Installing: /home/fatih/ros2_ws/install/turtlesim/include/turtlesim/turtlesim/msg/detail/color__rosidl_typesupport_fastrtps_cpp.hpp
[21.625s] -- Installing: /home/fatih/ros2_ws/install/turtlesim/include/turtlesim/turtlesim/msg/rosidl_typesupport_fastrtps_cpp__visibility_control.h
[21.625s] -- Installing: /home/fatih/ros2_ws/install/turtlesim/lib/libturtlesim__rosidl_typesupport_fastrtps_cpp.so
[21.625s] -- Set runtime path of "/home/fatih/ros2_ws/install/turtlesim/lib/libturtlesim__rosidl_typesupport_fastrtps_cpp.so" to ""
[21.625s] -- Up-to-date: /home/fatih/ros2_ws/install/turtlesim/include/turtlesim/turtlesim
[21.626s] -- Up-to-date: /home/fatih/ros2_ws/install/turtlesim/include/turtlesim/turtlesim/action
[21.626s] -- Up-to-date: /home/fatih/ros2_ws/install/turtlesim/include/turtlesim/turtlesim/action/detail
[21.626s] -- Installing: /home/fatih/ros2_ws/install/turtlesim/include/turtlesim/turtlesim/action/detail/rotate_absolute__type_support.c
[21.626s] -- Installing: /home/fatih/ros2_ws/install/turtlesim/include/turtlesim/turtlesim/action/detail/rotate_absolute__rosidl_typesupport_introspection_c.h
[21.626s] -- Up-to-date: /home/fatih/ros2_ws/install/turtlesim/include/turtlesim/turtlesim/srv
[21.626s] -- Up-to-date: /home/fatih/ros2_ws/install/turtlesim/include/turtlesim/turtlesim/srv/detail
[21.626s] -- Installing: /home/fatih/ros2_ws/install/turtlesim/include/turtlesim/turtlesim/srv/detail/set_pen__type_support.c
[21.626s] -- Installing: /home/fatih/ros2_ws/install/turtlesim/include/turtlesim/turtlesim/srv/detail/teleport_relative__rosidl_typesupport_introspection_c.h
[21.626s] -- Installing: /home/fatih/ros2_ws/install/turtlesim/include/turtlesim/turtlesim/srv/detail/teleport_relative__type_support.c
[21.626s] -- Installing: /home/fatih/ros2_ws/install/turtlesim/include/turtlesim/turtlesim/srv/detail/kill__rosidl_typesupport_introspection_c.h
[21.626s] -- Installing: /home/fatih/ros2_ws/install/turtlesim/include/turtlesim/turtlesim/srv/detail/kill__type_support.c
[21.626s] -- Installing: /home/fatih/ros2_ws/install/turtlesim/include/turtlesim/turtlesim/srv/detail/set_pen__rosidl_typesupport_introspection_c.h
[21.626s] -- Installing: /home/fatih/ros2_ws/install/turtlesim/include/turtlesim/turtlesim/srv/detail/teleport_absolute__rosidl_typesupport_introspection_c.h
[21.626s] -- Installing: /home/fatih/ros2_ws/install/turtlesim/include/turtlesim/turtlesim/srv/detail/spawn__type_support.c
[21.626s] -- Installing: /home/fatih/ros2_ws/install/turtlesim/include/turtlesim/turtlesim/srv/detail/spawn__rosidl_typesupport_introspection_c.h
[21.626s] -- Installing: /home/fatih/ros2_ws/install/turtlesim/include/turtlesim/turtlesim/srv/detail/teleport_absolute__type_support.c
[21.627s] -- Up-to-date: /home/fatih/ros2_ws/install/turtlesim/include/turtlesim/turtlesim/msg
[21.627s] -- Up-to-date: /home/fatih/ros2_ws/install/turtlesim/include/turtlesim/turtlesim/msg/detail
[21.627s] -- Installing: /home/fatih/ros2_ws/install/turtlesim/include/turtlesim/turtlesim/msg/detail/pose__rosidl_typesupport_introspection_c.h
[21.627s] -- Installing: /home/fatih/ros2_ws/install/turtlesim/include/turtlesim/turtlesim/msg/detail/pose__type_support.c
[21.627s] -- Installing: /home/fatih/ros2_ws/install/turtlesim/include/turtlesim/turtlesim/msg/detail/color__rosidl_typesupport_introspection_c.h
[21.627s] -- Installing: /home/fatih/ros2_ws/install/turtlesim/include/turtlesim/turtlesim/msg/detail/color__type_support.c
[21.627s] -- Installing: /home/fatih/ros2_ws/install/turtlesim/include/turtlesim/turtlesim/msg/rosidl_typesupport_introspection_c__visibility_control.h
[21.627s] -- Installing: /home/fatih/ros2_ws/install/turtlesim/lib/libturtlesim__rosidl_typesupport_introspection_c.so
[21.627s] -- Set runtime path of "/home/fatih/ros2_ws/install/turtlesim/lib/libturtlesim__rosidl_typesupport_introspection_c.so" to ""
[21.627s] -- Installing: /home/fatih/ros2_ws/install/turtlesim/lib/libturtlesim__rosidl_typesupport_c.so
[21.627s] -- Set runtime path of "/home/fatih/ros2_ws/install/turtlesim/lib/libturtlesim__rosidl_typesupport_c.so" to ""
[21.627s] -- Up-to-date: /home/fatih/ros2_ws/install/turtlesim/include/turtlesim/turtlesim
[21.627s] -- Up-to-date: /home/fatih/ros2_ws/install/turtlesim/include/turtlesim/turtlesim/action
[21.628s] -- Up-to-date: /home/fatih/ros2_ws/install/turtlesim/include/turtlesim/turtlesim/action/detail
[21.628s] -- Installing: /home/fatih/ros2_ws/install/turtlesim/include/turtlesim/turtlesim/action/detail/rotate_absolute__rosidl_typesupport_introspection_cpp.hpp
[21.628s] -- Installing: /home/fatih/ros2_ws/install/turtlesim/include/turtlesim/turtlesim/action/detail/rotate_absolute__type_support.cpp
[21.628s] -- Up-to-date: /home/fatih/ros2_ws/install/turtlesim/include/turtlesim/turtlesim/srv
[21.628s] -- Up-to-date: /home/fatih/ros2_ws/install/turtlesim/include/turtlesim/turtlesim/srv/detail
[21.628s] -- Installing: /home/fatih/ros2_ws/install/turtlesim/include/turtlesim/turtlesim/srv/detail/teleport_relative__type_support.cpp
[21.628s] -- Installing: /home/fatih/ros2_ws/install/turtlesim/include/turtlesim/turtlesim/srv/detail/teleport_absolute__type_support.cpp
[21.628s] -- Installing: /home/fatih/ros2_ws/install/turtlesim/include/turtlesim/turtlesim/srv/detail/kill__rosidl_typesupport_introspection_cpp.hpp
[21.628s] -- Installing: /home/fatih/ros2_ws/install/turtlesim/include/turtlesim/turtlesim/srv/detail/set_pen__rosidl_typesupport_introspection_cpp.hpp
[21.628s] -- Installing: /home/fatih/ros2_ws/install/turtlesim/include/turtlesim/turtlesim/srv/detail/teleport_absolute__rosidl_typesupport_introspection_cpp.hpp
[21.628s] -- Installing: /home/fatih/ros2_ws/install/turtlesim/include/turtlesim/turtlesim/srv/detail/spawn__type_support.cpp
[21.628s] -- Installing: /home/fatih/ros2_ws/install/turtlesim/include/turtlesim/turtlesim/srv/detail/set_pen__type_support.cpp
[21.628s] -- Installing: /home/fatih/ros2_ws/install/turtlesim/include/turtlesim/turtlesim/srv/detail/teleport_relative__rosidl_typesupport_introspection_cpp.hpp
[21.628s] -- Installing: /home/fatih/ros2_ws/install/turtlesim/include/turtlesim/turtlesim/srv/detail/spawn__rosidl_typesupport_introspection_cpp.hpp
[21.628s] -- Installing: /home/fatih/ros2_ws/install/turtlesim/include/turtlesim/turtlesim/srv/detail/kill__type_support.cpp
[21.628s] -- Up-to-date: /home/fatih/ros2_ws/install/turtlesim/include/turtlesim/turtlesim/msg
[21.629s] -- Up-to-date: /home/fatih/ros2_ws/install/turtlesim/include/turtlesim/turtlesim/msg/detail
[21.629s] -- Installing: /home/fatih/ros2_ws/install/turtlesim/include/turtlesim/turtlesim/msg/detail/color__type_support.cpp
[21.629s] -- Installing: /home/fatih/ros2_ws/install/turtlesim/include/turtlesim/turtlesim/msg/detail/pose__rosidl_typesupport_introspection_cpp.hpp
[21.629s] -- Installing: /home/fatih/ros2_ws/install/turtlesim/include/turtlesim/turtlesim/msg/detail/pose__type_support.cpp
[21.629s] -- Installing: /home/fatih/ros2_ws/install/turtlesim/include/turtlesim/turtlesim/msg/detail/color__rosidl_typesupport_introspection_cpp.hpp
[21.629s] -- Installing: /home/fatih/ros2_ws/install/turtlesim/lib/libturtlesim__rosidl_typesupport_introspection_cpp.so
[21.629s] -- Set runtime path of "/home/fatih/ros2_ws/install/turtlesim/lib/libturtlesim__rosidl_typesupport_introspection_cpp.so" to ""
[21.629s] -- Installing: /home/fatih/ros2_ws/install/turtlesim/lib/libturtlesim__rosidl_typesupport_cpp.so
[21.629s] -- Set runtime path of "/home/fatih/ros2_ws/install/turtlesim/lib/libturtlesim__rosidl_typesupport_cpp.so" to ""
[21.629s] -- Installing: /home/fatih/ros2_ws/install/turtlesim/share/turtlesim/environment/pythonpath.sh
[21.629s] -- Installing: /home/fatih/ros2_ws/install/turtlesim/share/turtlesim/environment/pythonpath.dsv
[21.630s] -- Installing: /home/fatih/ros2_ws/install/turtlesim/local/lib/python3.10/dist-packages/turtlesim-1.4.2-py3.10.egg-info
[21.630s] -- Installing: /home/fatih/ros2_ws/install/turtlesim/local/lib/python3.10/dist-packages/turtlesim-1.4.2-py3.10.egg-info/PKG-INFO
[21.630s] -- Installing: /home/fatih/ros2_ws/install/turtlesim/local/lib/python3.10/dist-packages/turtlesim-1.4.2-py3.10.egg-info/top_level.txt
[21.630s] -- Installing: /home/fatih/ros2_ws/install/turtlesim/local/lib/python3.10/dist-packages/turtlesim-1.4.2-py3.10.egg-info/dependency_links.txt
[21.630s] -- Installing: /home/fatih/ros2_ws/install/turtlesim/local/lib/python3.10/dist-packages/turtlesim-1.4.2-py3.10.egg-info/SOURCES.txt
[21.630s] -- Installing: /home/fatih/ros2_ws/install/turtlesim/local/lib/python3.10/dist-packages/turtlesim
[21.630s] -- Installing: /home/fatih/ros2_ws/install/turtlesim/local/lib/python3.10/dist-packages/turtlesim/__init__.py
[21.630s] -- Installing: /home/fatih/ros2_ws/install/turtlesim/local/lib/python3.10/dist-packages/turtlesim/action
[21.630s] -- Installing: /home/fatih/ros2_ws/install/turtlesim/local/lib/python3.10/dist-packages/turtlesim/action/__init__.py
[21.630s] -- Installing: /home/fatih/ros2_ws/install/turtlesim/local/lib/python3.10/dist-packages/turtlesim/action/_rotate_absolute_s.c
[21.630s] -- Installing: /home/fatih/ros2_ws/install/turtlesim/local/lib/python3.10/dist-packages/turtlesim/action/_rotate_absolute.py
[21.630s] -- Installing: /home/fatih/ros2_ws/install/turtlesim/local/lib/python3.10/dist-packages/turtlesim/srv
[21.630s] -- Installing: /home/fatih/ros2_ws/install/turtlesim/local/lib/python3.10/dist-packages/turtlesim/srv/__init__.py
[21.630s] -- Installing: /home/fatih/ros2_ws/install/turtlesim/local/lib/python3.10/dist-packages/turtlesim/srv/_teleport_absolute.py
[21.631s] -- Installing: /home/fatih/ros2_ws/install/turtlesim/local/lib/python3.10/dist-packages/turtlesim/srv/_spawn_s.c
[21.631s] -- Installing: /home/fatih/ros2_ws/install/turtlesim/local/lib/python3.10/dist-packages/turtlesim/srv/_kill_s.c
[21.631s] -- Installing: /home/fatih/ros2_ws/install/turtlesim/local/lib/python3.10/dist-packages/turtlesim/srv/_set_pen.py
[21.631s] -- Installing: /home/fatih/ros2_ws/install/turtlesim/local/lib/python3.10/dist-packages/turtlesim/srv/_teleport_relative.py
[21.631s] -- Installing: /home/fatih/ros2_ws/install/turtlesim/local/lib/python3.10/dist-packages/turtlesim/srv/_teleport_absolute_s.c
[21.631s] -- Installing: /home/fatih/ros2_ws/install/turtlesim/local/lib/python3.10/dist-packages/turtlesim/srv/_set_pen_s.c
[21.631s] -- Installing: /home/fatih/ros2_ws/install/turtlesim/local/lib/python3.10/dist-packages/turtlesim/srv/_teleport_relative_s.c
[21.631s] -- Installing: /home/fatih/ros2_ws/install/turtlesim/local/lib/python3.10/dist-packages/turtlesim/srv/_spawn.py
[21.631s] -- Installing: /home/fatih/ros2_ws/install/turtlesim/local/lib/python3.10/dist-packages/turtlesim/srv/_kill.py
[21.631s] -- Installing: /home/fatih/ros2_ws/install/turtlesim/local/lib/python3.10/dist-packages/turtlesim/_turtlesim_s.ep.rosidl_typesupport_fastrtps_c.c
[21.631s] -- Installing: /home/fatih/ros2_ws/install/turtlesim/local/lib/python3.10/dist-packages/turtlesim/turtlesim_s__rosidl_typesupport_introspection_c.cpython-310-x86_64-linux-gnu.so
[21.631s] -- Installing: /home/fatih/ros2_ws/install/turtlesim/local/lib/python3.10/dist-packages/turtlesim/libturtlesim__rosidl_generator_py.so
[21.632s] -- Installing: /home/fatih/ros2_ws/install/turtlesim/local/lib/python3.10/dist-packages/turtlesim/turtlesim_s__rosidl_typesupport_fastrtps_c.cpython-310-x86_64-linux-gnu.so
[21.632s] -- Installing: /home/fatih/ros2_ws/install/turtlesim/local/lib/python3.10/dist-packages/turtlesim/_turtlesim_s.ep.rosidl_typesupport_c.c
[21.632s] -- Installing: /home/fatih/ros2_ws/install/turtlesim/local/lib/python3.10/dist-packages/turtlesim/_turtlesim_s.ep.rosidl_typesupport_introspection_c.c
[21.632s] -- Installing: /home/fatih/ros2_ws/install/turtlesim/local/lib/python3.10/dist-packages/turtlesim/turtlesim_s__rosidl_typesupport_c.cpython-310-x86_64-linux-gnu.so
[21.632s] -- Installing: /home/fatih/ros2_ws/install/turtlesim/local/lib/python3.10/dist-packages/turtlesim/msg
[21.632s] -- Installing: /home/fatih/ros2_ws/install/turtlesim/local/lib/python3.10/dist-packages/turtlesim/msg/__init__.py
[21.632s] -- Installing: /home/fatih/ros2_ws/install/turtlesim/local/lib/python3.10/dist-packages/turtlesim/msg/_color.py
[21.632s] -- Installing: /home/fatih/ros2_ws/install/turtlesim/local/lib/python3.10/dist-packages/turtlesim/msg/_color_s.c
[21.632s] -- Installing: /home/fatih/ros2_ws/install/turtlesim/local/lib/python3.10/dist-packages/turtlesim/msg/_pose.py
[21.632s] -- Installing: /home/fatih/ros2_ws/install/turtlesim/local/lib/python3.10/dist-packages/turtlesim/msg/_pose_s.c
[21.685s] Listing '/home/fatih/ros2_ws/install/turtlesim/local/lib/python3.10/dist-packages/turtlesim'...
[21.685s] Compiling '/home/fatih/ros2_ws/install/turtlesim/local/lib/python3.10/dist-packages/turtlesim/__init__.py'...
[21.685s] Listing '/home/fatih/ros2_ws/install/turtlesim/local/lib/python3.10/dist-packages/turtlesim/action'...
[21.685s] Compiling '/home/fatih/ros2_ws/install/turtlesim/local/lib/python3.10/dist-packages/turtlesim/action/__init__.py'...
[21.685s] Compiling '/home/fatih/ros2_ws/install/turtlesim/local/lib/python3.10/dist-packages/turtlesim/action/_rotate_absolute.py'...
[21.685s] Listing '/home/fatih/ros2_ws/install/turtlesim/local/lib/python3.10/dist-packages/turtlesim/msg'...
[21.685s] Compiling '/home/fatih/ros2_ws/install/turtlesim/local/lib/python3.10/dist-packages/turtlesim/msg/__init__.py'...
[21.686s] Compiling '/home/fatih/ros2_ws/install/turtlesim/local/lib/python3.10/dist-packages/turtlesim/msg/_color.py'...
[21.686s] Compiling '/home/fatih/ros2_ws/install/turtlesim/local/lib/python3.10/dist-packages/turtlesim/msg/_pose.py'...
[21.686s] Listing '/home/fatih/ros2_ws/install/turtlesim/local/lib/python3.10/dist-packages/turtlesim/srv'...
[21.686s] Compiling '/home/fatih/ros2_ws/install/turtlesim/local/lib/python3.10/dist-packages/turtlesim/srv/__init__.py'...
[21.686s] Compiling '/home/fatih/ros2_ws/install/turtlesim/local/lib/python3.10/dist-packages/turtlesim/srv/_kill.py'...
[21.686s] Compiling '/home/fatih/ros2_ws/install/turtlesim/local/lib/python3.10/dist-packages/turtlesim/srv/_set_pen.py'...
[21.686s] Compiling '/home/fatih/ros2_ws/install/turtlesim/local/lib/python3.10/dist-packages/turtlesim/srv/_spawn.py'...
[21.686s] Compiling '/home/fatih/ros2_ws/install/turtlesim/local/lib/python3.10/dist-packages/turtlesim/srv/_teleport_absolute.py'...
[21.686s] Compiling '/home/fatih/ros2_ws/install/turtlesim/local/lib/python3.10/dist-packages/turtlesim/srv/_teleport_relative.py'...
[21.689s] -- Installing: /home/fatih/ros2_ws/install/turtlesim/local/lib/python3.10/dist-packages/turtlesim/turtlesim_s__rosidl_typesupport_fastrtps_c.cpython-310-x86_64-linux-gnu.so
[21.689s] -- Set runtime path of "/home/fatih/ros2_ws/install/turtlesim/local/lib/python3.10/dist-packages/turtlesim/turtlesim_s__rosidl_typesupport_fastrtps_c.cpython-310-x86_64-linux-gnu.so" to ""
[21.689s] -- Installing: /home/fatih/ros2_ws/install/turtlesim/local/lib/python3.10/dist-packages/turtlesim/turtlesim_s__rosidl_typesupport_introspection_c.cpython-310-x86_64-linux-gnu.so
[21.690s] -- Set runtime path of "/home/fatih/ros2_ws/install/turtlesim/local/lib/python3.10/dist-packages/turtlesim/turtlesim_s__rosidl_typesupport_introspection_c.cpython-310-x86_64-linux-gnu.so" to ""
[21.690s] -- Installing: /home/fatih/ros2_ws/install/turtlesim/local/lib/python3.10/dist-packages/turtlesim/turtlesim_s__rosidl_typesupport_c.cpython-310-x86_64-linux-gnu.so
[21.690s] -- Set runtime path of "/home/fatih/ros2_ws/install/turtlesim/local/lib/python3.10/dist-packages/turtlesim/turtlesim_s__rosidl_typesupport_c.cpython-310-x86_64-linux-gnu.so" to ""
[21.690s] -- Installing: /home/fatih/ros2_ws/install/turtlesim/lib/libturtlesim__rosidl_generator_py.so
[21.690s] -- Set runtime path of "/home/fatih/ros2_ws/install/turtlesim/lib/libturtlesim__rosidl_generator_py.so" to ""
[21.690s] -- Installing: /home/fatih/ros2_ws/install/turtlesim/share/turtlesim/action/RotateAbsolute.idl
[21.691s] -- Installing: /home/fatih/ros2_ws/install/turtlesim/share/turtlesim/msg/Color.idl
[21.691s] -- Installing: /home/fatih/ros2_ws/install/turtlesim/share/turtlesim/msg/Pose.idl
[21.691s] -- Installing: /home/fatih/ros2_ws/install/turtlesim/share/turtlesim/srv/Kill.idl
[21.691s] -- Installing: /home/fatih/ros2_ws/install/turtlesim/share/turtlesim/srv/SetPen.idl
[21.691s] -- Installing: /home/fatih/ros2_ws/install/turtlesim/share/turtlesim/srv/Spawn.idl
[21.691s] -- Installing: /home/fatih/ros2_ws/install/turtlesim/share/turtlesim/srv/TeleportAbsolute.idl
[21.691s] -- Installing: /home/fatih/ros2_ws/install/turtlesim/share/turtlesim/srv/TeleportRelative.idl
[21.691s] -- Installing: /home/fatih/ros2_ws/install/turtlesim/share/turtlesim/action/RotateAbsolute.action
[21.691s] -- Installing: /home/fatih/ros2_ws/install/turtlesim/share/turtlesim/msg/Color.msg
[21.691s] -- Installing: /home/fatih/ros2_ws/install/turtlesim/share/turtlesim/msg/Pose.msg
[21.691s] -- Installing: /home/fatih/ros2_ws/install/turtlesim/share/turtlesim/srv/Kill.srv
[21.691s] -- Installing: /home/fatih/ros2_ws/install/turtlesim/share/turtlesim/srv/Kill_Request.msg
[21.692s] -- Installing: /home/fatih/ros2_ws/install/turtlesim/share/turtlesim/srv/Kill_Response.msg
[21.692s] -- Installing: /home/fatih/ros2_ws/install/turtlesim/share/turtlesim/srv/SetPen.srv
[21.692s] -- Installing: /home/fatih/ros2_ws/install/turtlesim/share/turtlesim/srv/SetPen_Request.msg
[21.692s] -- Installing: /home/fatih/ros2_ws/install/turtlesim/share/turtlesim/srv/SetPen_Response.msg
[21.692s] -- Installing: /home/fatih/ros2_ws/install/turtlesim/share/turtlesim/srv/Spawn.srv
[21.692s] -- Installing: /home/fatih/ros2_ws/install/turtlesim/share/turtlesim/srv/Spawn_Request.msg
[21.692s] -- Installing: /home/fatih/ros2_ws/install/turtlesim/share/turtlesim/srv/Spawn_Response.msg
[21.692s] -- Installing: /home/fatih/ros2_ws/install/turtlesim/share/turtlesim/srv/TeleportAbsolute.srv
[21.692s] -- Installing: /home/fatih/ros2_ws/install/turtlesim/share/turtlesim/srv/TeleportAbsolute_Request.msg
[21.692s] -- Installing: /home/fatih/ros2_ws/install/turtlesim/share/turtlesim/srv/TeleportAbsolute_Response.msg
[21.692s] -- Installing: /home/fatih/ros2_ws/install/turtlesim/share/turtlesim/srv/TeleportRelative.srv
[21.692s] -- Installing: /home/fatih/ros2_ws/install/turtlesim/share/turtlesim/srv/TeleportRelative_Request.msg
[21.693s] -- Installing: /home/fatih/ros2_ws/install/turtlesim/share/turtlesim/srv/TeleportRelative_Response.msg
[21.693s] -- Installing: /home/fatih/ros2_ws/install/turtlesim/lib/turtlesim/turtlesim_node
[21.697s] -- Set runtime path of "/home/fatih/ros2_ws/install/turtlesim/lib/turtlesim/turtlesim_node" to ""
[21.697s] -- Installing: /home/fatih/ros2_ws/install/turtlesim/lib/turtlesim/turtle_teleop_key
[21.698s] -- Set runtime path of "/home/fatih/ros2_ws/install/turtlesim/lib/turtlesim/turtle_teleop_key" to ""
[21.698s] -- Installing: /home/fatih/ros2_ws/install/turtlesim/lib/turtlesim/draw_square
[21.701s] -- Set runtime path of "/home/fatih/ros2_ws/install/turtlesim/lib/turtlesim/draw_square" to ""
[21.701s] -- Installing: /home/fatih/ros2_ws/install/turtlesim/lib/turtlesim/mimic
[21.703s] -- Set runtime path of "/home/fatih/ros2_ws/install/turtlesim/lib/turtlesim/mimic" to ""
[21.704s] -- Installing: /home/fatih/ros2_ws/install/turtlesim/share/turtlesim/images
[21.704s] -- Installing: /home/fatih/ros2_ws/install/turtlesim/share/turtlesim/images/humble.png
[21.704s] -- Installing: /home/fatih/ros2_ws/install/turtlesim/share/turtlesim/images/ardent.png
[21.704s] -- Installing: /home/fatih/ros2_ws/install/turtlesim/share/turtlesim/images/foxy.png
[21.704s] -- Installing: /home/fatih/ros2_ws/install/turtlesim/share/turtlesim/images/eloquent.png
[21.704s] -- Installing: /home/fatih/ros2_ws/install/turtlesim/share/turtlesim/images/crystal.png
[21.704s] -- Installing: /home/fatih/ros2_ws/install/turtlesim/share/turtlesim/images/dashing.png
[21.704s] -- Installing: /home/fatih/ros2_ws/install/turtlesim/share/turtlesim/images/galactic.png
[21.704s] -- Installing: /home/fatih/ros2_ws/install/turtlesim/share/turtlesim/images/rolling.png
[21.704s] -- Installing: /home/fatih/ros2_ws/install/turtlesim/share/turtlesim/images/bouncy.png
[21.704s] -- Installing: /home/fatih/ros2_ws/install/turtlesim/share/turtlesim/launch
[21.704s] -- Installing: /home/fatih/ros2_ws/install/turtlesim/share/turtlesim/launch/multisim.launch.py
[21.704s] -- Installing: /home/fatih/ros2_ws/install/turtlesim/share/ament_index/resource_index/package_run_dependencies/turtlesim
[21.705s] -- Installing: /home/fatih/ros2_ws/install/turtlesim/share/ament_index/resource_index/parent_prefix_path/turtlesim
[21.705s] -- Installing: /home/fatih/ros2_ws/install/turtlesim/share/turtlesim/environment/ament_prefix_path.sh
[21.705s] -- Installing: /home/fatih/ros2_ws/install/turtlesim/share/turtlesim/environment/ament_prefix_path.dsv
[21.705s] -- Installing: /home/fatih/ros2_ws/install/turtlesim/share/turtlesim/environment/path.sh
[21.705s] -- Installing: /home/fatih/ros2_ws/install/turtlesim/share/turtlesim/environment/path.dsv
[21.705s] -- Installing: /home/fatih/ros2_ws/install/turtlesim/share/turtlesim/local_setup.bash
[21.705s] -- Installing: /home/fatih/ros2_ws/install/turtlesim/share/turtlesim/local_setup.sh
[21.705s] -- Installing: /home/fatih/ros2_ws/install/turtlesim/share/turtlesim/local_setup.zsh
[21.705s] -- Installing: /home/fatih/ros2_ws/install/turtlesim/share/turtlesim/local_setup.dsv
[21.705s] -- Installing: /home/fatih/ros2_ws/install/turtlesim/share/turtlesim/package.dsv
[21.705s] -- Installing: /home/fatih/ros2_ws/install/turtlesim/share/ament_index/resource_index/packages/turtlesim
[21.705s] -- Installing: /home/fatih/ros2_ws/install/turtlesim/share/turtlesim/cmake/export_turtlesim__rosidl_generator_cExport.cmake
[21.706s] -- Installing: /home/fatih/ros2_ws/install/turtlesim/share/turtlesim/cmake/export_turtlesim__rosidl_generator_cExport-noconfig.cmake
[21.706s] -- Installing: /home/fatih/ros2_ws/install/turtlesim/share/turtlesim/cmake/export_turtlesim__rosidl_typesupport_fastrtps_cExport.cmake
[21.706s] -- Installing: /home/fatih/ros2_ws/install/turtlesim/share/turtlesim/cmake/export_turtlesim__rosidl_typesupport_fastrtps_cExport-noconfig.cmake
[21.706s] -- Installing: /home/fatih/ros2_ws/install/turtlesim/share/turtlesim/cmake/export_turtlesim__rosidl_generator_cppExport.cmake
[21.706s] -- Installing: /home/fatih/ros2_ws/install/turtlesim/share/turtlesim/cmake/export_turtlesim__rosidl_typesupport_fastrtps_cppExport.cmake
[21.706s] -- Installing: /home/fatih/ros2_ws/install/turtlesim/share/turtlesim/cmake/export_turtlesim__rosidl_typesupport_fastrtps_cppExport-noconfig.cmake
[21.706s] -- Installing: /home/fatih/ros2_ws/install/turtlesim/share/turtlesim/cmake/turtlesim__rosidl_typesupport_introspection_cExport.cmake
[21.706s] -- Installing: /home/fatih/ros2_ws/install/turtlesim/share/turtlesim/cmake/turtlesim__rosidl_typesupport_introspection_cExport-noconfig.cmake
[21.706s] -- Installing: /home/fatih/ros2_ws/install/turtlesim/share/turtlesim/cmake/turtlesim__rosidl_typesupport_cExport.cmake
[21.706s] -- Installing: /home/fatih/ros2_ws/install/turtlesim/share/turtlesim/cmake/turtlesim__rosidl_typesupport_cExport-noconfig.cmake
[21.706s] -- Installing: /home/fatih/ros2_ws/install/turtlesim/share/turtlesim/cmake/turtlesim__rosidl_typesupport_introspection_cppExport.cmake
[21.707s] -- Installing: /home/fatih/ros2_ws/install/turtlesim/share/turtlesim/cmake/turtlesim__rosidl_typesupport_introspection_cppExport-noconfig.cmake
[21.707s] -- Installing: /home/fatih/ros2_ws/install/turtlesim/share/turtlesim/cmake/turtlesim__rosidl_typesupport_cppExport.cmake
[21.707s] -- Installing: /home/fatih/ros2_ws/install/turtlesim/share/turtlesim/cmake/turtlesim__rosidl_typesupport_cppExport-noconfig.cmake
[21.707s] -- Installing: /home/fatih/ros2_ws/install/turtlesim/share/turtlesim/cmake/export_turtlesim__rosidl_generator_pyExport.cmake
[21.707s] -- Installing: /home/fatih/ros2_ws/install/turtlesim/share/turtlesim/cmake/export_turtlesim__rosidl_generator_pyExport-noconfig.cmake
[21.707s] -- Installing: /home/fatih/ros2_ws/install/turtlesim/share/turtlesim/cmake/rosidl_cmake-extras.cmake
[21.707s] -- Installing: /home/fatih/ros2_ws/install/turtlesim/share/turtlesim/cmake/ament_cmake_export_dependencies-extras.cmake
[21.707s] -- Installing: /home/fatih/ros2_ws/install/turtlesim/share/turtlesim/cmake/ament_cmake_export_include_directories-extras.cmake
[21.707s] -- Installing: /home/fatih/ros2_ws/install/turtlesim/share/turtlesim/cmake/ament_cmake_export_libraries-extras.cmake
[21.707s] -- Installing: /home/fatih/ros2_ws/install/turtlesim/share/turtlesim/cmake/ament_cmake_export_targets-extras.cmake
[21.708s] -- Installing: /home/fatih/ros2_ws/install/turtlesim/share/turtlesim/cmake/rosidl_cmake_export_typesupport_targets-extras.cmake
[21.708s] -- Installing: /home/fatih/ros2_ws/install/turtlesim/share/turtlesim/cmake/rosidl_cmake_export_typesupport_libraries-extras.cmake
[21.708s] -- Installing: /home/fatih/ros2_ws/install/turtlesim/share/turtlesim/cmake/turtlesimConfig.cmake
[21.708s] -- Installing: /home/fatih/ros2_ws/install/turtlesim/share/turtlesim/cmake/turtlesimConfig-version.cmake
[21.708s] -- Installing: /home/fatih/ros2_ws/install/turtlesim/share/turtlesim/package.xml
[21.710s] Invoked command in '/home/fatih/ros2_ws/build/turtlesim' returned '0': CMAKE_PREFIX_PATH=${CMAKE_PREFIX_PATH}:/home/fatih/ros2_ws/install/launch_testing_examples:/home/fatih/ros2_ws/install/examples_rclpy_pointcloud_publisher:/home/fatih/ros2_ws/install/examples_rclpy_minimal_subscriber:/home/fatih/ros2_ws/install/examples_rclpy_minimal_service:/home/fatih/ros2_ws/install/examples_rclpy_minimal_publisher:/home/fatih/ros2_ws/install/examples_rclpy_minimal_client:/home/fatih/ros2_ws/install/examples_rclpy_minimal_action_server:/home/fatih/ros2_ws/install/examples_rclpy_minimal_action_client:/home/fatih/ros2_ws/install/examples_rclpy_guard_conditions:/home/fatih/ros2_ws/install/examples_rclpy_executors:/home/fatih/Desktop/ros2_ws/install/my_py_pkg:/opt/ros/humble /usr/bin/cmake --install /home/fatih/ros2_ws/build/turtlesim
