[4.328s] Invoking command in '/home/fatih/ros2_ws/build/examples_rclpy_minimal_action_server': PYTHONPATH=/home/fatih/ros2_ws/build/examples_rclpy_minimal_action_server/prefix_override:/usr/lib/python3/dist-packages/colcon_core/task/python/colcon_distutils_commands:/home/fatih/ros2_ws/install/examples_rclpy_minimal_action_server/lib/python3.10/site-packages:${PYTHONPATH} /usr/bin/python3 -W ignore:setup.py install is deprecated setup.py develop --editable --build-directory /home/fatih/ros2_ws/build/examples_rclpy_minimal_action_server/build --no-deps symlink_data
[4.930s] running develop
[5.247s] running egg_info
[5.248s] creating examples_rclpy_minimal_action_server.egg-info
[5.248s] writing examples_rclpy_minimal_action_server.egg-info/PKG-INFO
[5.249s] writing dependency_links to examples_rclpy_minimal_action_server.egg-info/dependency_links.txt
[5.249s] writing entry points to examples_rclpy_minimal_action_server.egg-info/entry_points.txt
[5.250s] writing requirements to examples_rclpy_minimal_action_server.egg-info/requires.txt
[5.250s] writing top-level names to examples_rclpy_minimal_action_server.egg-info/top_level.txt
[5.251s] writing manifest file 'examples_rclpy_minimal_action_server.egg-info/SOURCES.txt'
[5.253s] reading manifest file 'examples_rclpy_minimal_action_server.egg-info/SOURCES.txt'
[5.255s] writing manifest file 'examples_rclpy_minimal_action_server.egg-info/SOURCES.txt'
[5.257s] running build_ext
[5.258s] Creating /home/fatih/ros2_ws/install/examples_rclpy_minimal_action_server/lib/python3.10/site-packages/examples-rclpy-minimal-action-server.egg-link (link to .)
[5.259s] Installing server script to /home/fatih/ros2_ws/install/examples_rclpy_minimal_action_server/lib/examples_rclpy_minimal_action_server
[5.259s] Installing server_defer script to /home/fatih/ros2_ws/install/examples_rclpy_minimal_action_server/lib/examples_rclpy_minimal_action_server
[5.260s] Installing server_not_composable script to /home/fatih/ros2_ws/install/examples_rclpy_minimal_action_server/lib/examples_rclpy_minimal_action_server
[5.260s] Installing server_queue_goals script to /home/fatih/ros2_ws/install/examples_rclpy_minimal_action_server/lib/examples_rclpy_minimal_action_server
[5.260s] Installing server_single_goal script to /home/fatih/ros2_ws/install/examples_rclpy_minimal_action_server/lib/examples_rclpy_minimal_action_server
[5.261s] 
[5.261s] Installed /home/fatih/ros2_ws/build/examples_rclpy_minimal_action_server
[5.261s] running symlink_data
[5.261s] creating /home/fatih/ros2_ws/install/examples_rclpy_minimal_action_server/share/ament_index
[5.261s] creating /home/fatih/ros2_ws/install/examples_rclpy_minimal_action_server/share/ament_index/resource_index
[5.262s] creating /home/fatih/ros2_ws/install/examples_rclpy_minimal_action_server/share/ament_index/resource_index/packages
[5.262s] symbolically linking /home/fatih/ros2_ws/build/examples_rclpy_minimal_action_server/resource/examples_rclpy_minimal_action_server -> /home/fatih/ros2_ws/install/examples_rclpy_minimal_action_server/share/ament_index/resource_index/packages
[5.262s] symbolically linking /home/fatih/ros2_ws/build/examples_rclpy_minimal_action_server/package.xml -> /home/fatih/ros2_ws/install/examples_rclpy_minimal_action_server/share/examples_rclpy_minimal_action_server
[5.328s] Invoked command in '/home/fatih/ros2_ws/build/examples_rclpy_minimal_action_server' returned '0': PYTHONPATH=/home/fatih/ros2_ws/build/examples_rclpy_minimal_action_server/prefix_override:/usr/lib/python3/dist-packages/colcon_core/task/python/colcon_distutils_commands:/home/fatih/ros2_ws/install/examples_rclpy_minimal_action_server/lib/python3.10/site-packages:${PYTHONPATH} /usr/bin/python3 -W ignore:setup.py install is deprecated setup.py develop --editable --build-directory /home/fatih/ros2_ws/build/examples_rclpy_minimal_action_server/build --no-deps symlink_data
