[1.743s] Invoking command in '/home/fatih/ros2_ws/build/examples_rclpy_minimal_publisher': PYTHONPATH=/home/fatih/ros2_ws/build/examples_rclpy_minimal_publisher/prefix_override:/usr/lib/python3/dist-packages/colcon_core/task/python/colcon_distutils_commands:/home/fatih/ros2_ws/install/examples_rclpy_minimal_publisher/lib/python3.10/site-packages:${PYTHONPATH} /usr/bin/python3 -W ignore:setup.py install is deprecated setup.py develop --editable --build-directory /home/fatih/ros2_ws/build/examples_rclpy_minimal_publisher/build --no-deps symlink_data
[3.207s] running develop
[4.041s] running egg_info
[4.042s] creating examples_rclpy_minimal_publisher.egg-info
[4.042s] writing examples_rclpy_minimal_publisher.egg-info/PKG-INFO
[4.042s] writing dependency_links to examples_rclpy_minimal_publisher.egg-info/dependency_links.txt
[4.042s] writing entry points to examples_rclpy_minimal_publisher.egg-info/entry_points.txt
[4.042s] writing requirements to examples_rclpy_minimal_publisher.egg-info/requires.txt
[4.042s] writing top-level names to examples_rclpy_minimal_publisher.egg-info/top_level.txt
[4.044s] writing manifest file 'examples_rclpy_minimal_publisher.egg-info/SOURCES.txt'
[4.065s] reading manifest file 'examples_rclpy_minimal_publisher.egg-info/SOURCES.txt'
[4.065s] writing manifest file 'examples_rclpy_minimal_publisher.egg-info/SOURCES.txt'
[4.065s] running build_ext
[4.065s] Creating /home/fatih/ros2_ws/install/examples_rclpy_minimal_publisher/lib/python3.10/site-packages/examples-rclpy-minimal-publisher.egg-link (link to .)
[4.066s] Installing publisher_local_function script to /home/fatih/ros2_ws/install/examples_rclpy_minimal_publisher/lib/examples_rclpy_minimal_publisher
[4.066s] Installing publisher_member_function script to /home/fatih/ros2_ws/install/examples_rclpy_minimal_publisher/lib/examples_rclpy_minimal_publisher
[4.066s] Installing publisher_old_school script to /home/fatih/ros2_ws/install/examples_rclpy_minimal_publisher/lib/examples_rclpy_minimal_publisher
[4.068s] 
[4.068s] Installed /home/fatih/ros2_ws/build/examples_rclpy_minimal_publisher
[4.069s] running symlink_data
[4.069s] creating /home/fatih/ros2_ws/install/examples_rclpy_minimal_publisher/share/ament_index
[4.069s] creating /home/fatih/ros2_ws/install/examples_rclpy_minimal_publisher/share/ament_index/resource_index
[4.069s] creating /home/fatih/ros2_ws/install/examples_rclpy_minimal_publisher/share/ament_index/resource_index/packages
[4.069s] symbolically linking /home/fatih/ros2_ws/build/examples_rclpy_minimal_publisher/resource/examples_rclpy_minimal_publisher -> /home/fatih/ros2_ws/install/examples_rclpy_minimal_publisher/share/ament_index/resource_index/packages
[4.069s] symbolically linking /home/fatih/ros2_ws/build/examples_rclpy_minimal_publisher/package.xml -> /home/fatih/ros2_ws/install/examples_rclpy_minimal_publisher/share/examples_rclpy_minimal_publisher
[5.540s] Invoked command in '/home/fatih/ros2_ws/build/examples_rclpy_minimal_publisher' returned '0': PYTHONPATH=/home/fatih/ros2_ws/build/examples_rclpy_minimal_publisher/prefix_override:/usr/lib/python3/dist-packages/colcon_core/task/python/colcon_distutils_commands:/home/fatih/ros2_ws/install/examples_rclpy_minimal_publisher/lib/python3.10/site-packages:${PYTHONPATH} /usr/bin/python3 -W ignore:setup.py install is deprecated setup.py develop --editable --build-directory /home/fatih/ros2_ws/build/examples_rclpy_minimal_publisher/build --no-deps symlink_data
