[0.022s] Invoking command in '/home/fatih/ros2_ws/build/examples_rclcpp_minimal_action_server': CMAKE_PREFIX_PATH=/home/fatih/Desktop/ros2_ws/install/my_py_pkg:/opt/ros/humble /usr/bin/cmake /home/fatih/ros2_ws/src/examples/rclcpp/actions/minimal_action_server -DAMENT_CMAKE_SYMLINK_INSTALL=1 -DCMAKE_INSTALL_PREFIX=/home/fatih/ros2_ws/install/examples_rclcpp_minimal_action_server
[0.141s] -- The C compiler identification is GNU 11.4.0
[0.253s] -- The CXX compiler identification is GNU 11.4.0
[0.263s] -- Detecting C compiler ABI info
[0.345s] -- Detecting C compiler ABI info - done
[0.356s] -- Check for working C compiler: /usr/bin/cc - skipped
[0.356s] -- Detecting C compile features
[0.357s] -- Detecting C compile features - done
[0.361s] -- Detecting CXX compiler ABI info
[0.456s] -- Detecting CXX compiler ABI info - done
[0.466s] -- Check for working CXX compiler: /usr/bin/c++ - skipped
[0.467s] -- Detecting CXX compile features
[0.468s] -- Detecting CXX compile features - done
[0.470s] -- Found ament_cmake: 1.3.10 (/opt/ros/humble/share/ament_cmake/cmake)
[0.687s] -- Found Python3: /usr/bin/python3 (found version "3.10.12") found components: Interpreter 
[0.786s] -- Override CMake install command with custom implementation using symlinks instead of copying resources
[0.820s] -- Found example_interfaces: 0.9.3 (/opt/ros/humble/share/example_interfaces/cmake)
[0.881s] -- Found rosidl_generator_c: 3.1.5 (/opt/ros/humble/share/rosidl_generator_c/cmake)
[0.884s] -- Found rosidl_adapter: 3.1.5 (/opt/ros/humble/share/rosidl_adapter/cmake)
[0.895s] -- Found rosidl_generator_cpp: 3.1.5 (/opt/ros/humble/share/rosidl_generator_cpp/cmake)
[0.908s] -- Using all available rosidl_typesupport_c: rosidl_typesupport_fastrtps_c;rosidl_typesupport_introspection_c
[0.932s] -- Using all available rosidl_typesupport_cpp: rosidl_typesupport_fastrtps_cpp;rosidl_typesupport_introspection_cpp
[1.016s] -- Found rclcpp: 16.0.10 (/opt/ros/humble/share/rclcpp/cmake)
[1.061s] -- Found rmw_implementation_cmake: 6.1.2 (/opt/ros/humble/share/rmw_implementation_cmake/cmake)
[1.065s] -- Found rmw_fastrtps_cpp: 6.2.7 (/opt/ros/humble/share/rmw_fastrtps_cpp/cmake)
[1.165s] -- Found OpenSSL: /usr/lib/x86_64-linux-gnu/libcrypto.so (found version "3.0.2")  
[1.202s] -- Found FastRTPS: /opt/ros/humble/include  
[1.255s] -- Using RMW implementation 'rmw_fastrtps_cpp' as default
[1.265s] -- Looking for pthread.h
[1.356s] -- Looking for pthread.h - found
[1.356s] -- Performing Test CMAKE_HAVE_LIBC_PTHREAD
[1.438s] -- Performing Test CMAKE_HAVE_LIBC_PTHREAD - Success
[1.439s] -- Found Threads: TRUE  
[1.513s] -- Found rclcpp_action: 16.0.10 (/opt/ros/humble/share/rclcpp_action/cmake)
[1.530s] -- Found ament_lint_auto: 0.12.11 (/opt/ros/humble/share/ament_lint_auto/cmake)
[1.649s] -- Added test 'copyright' to check source files copyright and LICENSE
[1.649s] -- Added test 'cppcheck' to perform static code analysis on C / C++ code
[1.649s] -- Configured cppcheck include dirs: 
[1.649s] -- Configured cppcheck exclude dirs and/or files: 
[1.649s] -- Added test 'cpplint' to check C / C++ code against the Google style
[1.649s] -- Configured cpplint exclude dirs and/or files: 
[1.649s] -- Added test 'lint_cmake' to check CMake code style
[1.649s] -- Added test 'uncrustify' to check C / C++ code style
[1.649s] -- Configured uncrustify additional arguments: 
[1.651s] -- Added test 'xmllint' to check XML markup files
[1.652s] -- Configuring done
[1.664s] -- Generating done
[1.664s] -- Build files have been written to: /home/fatih/ros2_ws/build/examples_rclcpp_minimal_action_server
[1.680s] Invoked command in '/home/fatih/ros2_ws/build/examples_rclcpp_minimal_action_server' returned '0': CMAKE_PREFIX_PATH=/home/fatih/Desktop/ros2_ws/install/my_py_pkg:/opt/ros/humble /usr/bin/cmake /home/fatih/ros2_ws/src/examples/rclcpp/actions/minimal_action_server -DAMENT_CMAKE_SYMLINK_INSTALL=1 -DCMAKE_INSTALL_PREFIX=/home/fatih/ros2_ws/install/examples_rclcpp_minimal_action_server
[1.683s] Invoking command in '/home/fatih/ros2_ws/build/examples_rclcpp_minimal_action_server': CMAKE_PREFIX_PATH=/home/fatih/Desktop/ros2_ws/install/my_py_pkg:/opt/ros/humble /usr/bin/cmake --build /home/fatih/ros2_ws/build/examples_rclcpp_minimal_action_server -- -j8 -l8
[1.767s] [ 25%] [32mBuilding CXX object CMakeFiles/action_server_member_functions.dir/member_functions.cpp.o[0m
[1.770s] [ 50%] [32mBuilding CXX object CMakeFiles/action_server_not_composable.dir/not_composable.cpp.o[0m
[15.628s] [ 75%] [32m[1mLinking CXX executable action_server_member_functions[0m
[16.439s] [ 75%] Built target action_server_member_functions
[20.540s] [100%] [32m[1mLinking CXX executable action_server_not_composable[0m
[20.966s] [100%] Built target action_server_not_composable
[21.080s] Invoked command in '/home/fatih/ros2_ws/build/examples_rclcpp_minimal_action_server' returned '0': CMAKE_PREFIX_PATH=/home/fatih/Desktop/ros2_ws/install/my_py_pkg:/opt/ros/humble /usr/bin/cmake --build /home/fatih/ros2_ws/build/examples_rclcpp_minimal_action_server -- -j8 -l8
[21.222s] Invoking command in '/home/fatih/ros2_ws/build/examples_rclcpp_minimal_action_server': CMAKE_PREFIX_PATH=/home/fatih/Desktop/ros2_ws/install/my_py_pkg:/opt/ros/humble /usr/bin/cmake --install /home/fatih/ros2_ws/build/examples_rclcpp_minimal_action_server
[21.244s] -- Install configuration: ""
[21.245s] -- Execute custom install script
[21.245s] -- Symlinking: /home/fatih/ros2_ws/install/examples_rclcpp_minimal_action_server/lib/examples_rclcpp_minimal_action_server/action_server_not_composable
[21.252s] -- Symlinking: /home/fatih/ros2_ws/install/examples_rclcpp_minimal_action_server/lib/examples_rclcpp_minimal_action_server/action_server_member_functions
[21.275s] -- Symlinking: /home/fatih/ros2_ws/install/examples_rclcpp_minimal_action_server/share/ament_index/resource_index/package_run_dependencies/examples_rclcpp_minimal_action_server
[21.305s] -- Symlinking: /home/fatih/ros2_ws/install/examples_rclcpp_minimal_action_server/share/ament_index/resource_index/parent_prefix_path/examples_rclcpp_minimal_action_server
[21.324s] -- Symlinking: /home/fatih/ros2_ws/install/examples_rclcpp_minimal_action_server/share/examples_rclcpp_minimal_action_server/environment/ament_prefix_path.sh
[21.338s] -- Symlinking: /home/fatih/ros2_ws/install/examples_rclcpp_minimal_action_server/share/examples_rclcpp_minimal_action_server/environment/ament_prefix_path.dsv
[21.353s] -- Symlinking: /home/fatih/ros2_ws/install/examples_rclcpp_minimal_action_server/share/examples_rclcpp_minimal_action_server/environment/path.sh
[21.377s] -- Symlinking: /home/fatih/ros2_ws/install/examples_rclcpp_minimal_action_server/share/examples_rclcpp_minimal_action_server/environment/path.dsv
[21.388s] -- Symlinking: /home/fatih/ros2_ws/install/examples_rclcpp_minimal_action_server/share/examples_rclcpp_minimal_action_server/local_setup.bash
[21.411s] -- Symlinking: /home/fatih/ros2_ws/install/examples_rclcpp_minimal_action_server/share/examples_rclcpp_minimal_action_server/local_setup.sh
[21.422s] -- Symlinking: /home/fatih/ros2_ws/install/examples_rclcpp_minimal_action_server/share/examples_rclcpp_minimal_action_server/local_setup.zsh
[21.442s] -- Symlinking: /home/fatih/ros2_ws/install/examples_rclcpp_minimal_action_server/share/examples_rclcpp_minimal_action_server/local_setup.dsv
[21.465s] -- Symlinking: /home/fatih/ros2_ws/install/examples_rclcpp_minimal_action_server/share/examples_rclcpp_minimal_action_server/package.dsv
[21.486s] -- Symlinking: /home/fatih/ros2_ws/install/examples_rclcpp_minimal_action_server/share/ament_index/resource_index/packages/examples_rclcpp_minimal_action_server
[21.521s] -- Symlinking: /home/fatih/ros2_ws/install/examples_rclcpp_minimal_action_server/share/examples_rclcpp_minimal_action_server/cmake/examples_rclcpp_minimal_action_serverConfig.cmake
[21.540s] -- Symlinking: /home/fatih/ros2_ws/install/examples_rclcpp_minimal_action_server/share/examples_rclcpp_minimal_action_server/cmake/examples_rclcpp_minimal_action_serverConfig-version.cmake
[21.565s] -- Symlinking: /home/fatih/ros2_ws/install/examples_rclcpp_minimal_action_server/share/examples_rclcpp_minimal_action_server/package.xml
[21.609s] Invoked command in '/home/fatih/ros2_ws/build/examples_rclcpp_minimal_action_server' returned '0': CMAKE_PREFIX_PATH=/home/fatih/Desktop/ros2_ws/install/my_py_pkg:/opt/ros/humble /usr/bin/cmake --install /home/fatih/ros2_ws/build/examples_rclcpp_minimal_action_server
