[0.030s] Invoking command in '/home/fatih/ros2_ws/build/examples_rclcpp_minimal_action_client': CMAKE_PREFIX_PATH=${CMAKE_PREFIX_PATH}:/home/fatih/ros2_ws/install/launch_testing_examples:/home/fatih/ros2_ws/install/examples_rclpy_pointcloud_publisher:/home/fatih/ros2_ws/install/examples_rclpy_minimal_subscriber:/home/fatih/ros2_ws/install/examples_rclpy_minimal_service:/home/fatih/ros2_ws/install/examples_rclpy_minimal_publisher:/home/fatih/ros2_ws/install/examples_rclpy_minimal_client:/home/fatih/ros2_ws/install/examples_rclpy_minimal_action_server:/home/fatih/ros2_ws/install/examples_rclpy_minimal_action_client:/home/fatih/ros2_ws/install/examples_rclpy_guard_conditions:/home/fatih/ros2_ws/install/examples_rclpy_executors:/home/fatih/Desktop/ros2_ws/install/my_py_pkg:/opt/ros/humble /usr/bin/cmake /home/fatih/ros2_ws/src/examples/rclcpp/actions/minimal_action_client -DCMAKE_INSTALL_PREFIX=/home/fatih/ros2_ws/install/examples_rclcpp_minimal_action_client
[0.070s] -- Found ament_cmake: 1.3.10 (/opt/ros/humble/share/ament_cmake/cmake)
[0.246s] -- Override CMake install command with custom implementation using symlinks instead of copying resources
[0.258s] -- Found example_interfaces: 0.9.3 (/opt/ros/humble/share/example_interfaces/cmake)
[0.299s] -- Found rosidl_generator_c: 3.1.5 (/opt/ros/humble/share/rosidl_generator_c/cmake)
[0.306s] -- Found rosidl_adapter: 3.1.5 (/opt/ros/humble/share/rosidl_adapter/cmake)
[0.322s] -- Found rosidl_generator_cpp: 3.1.5 (/opt/ros/humble/share/rosidl_generator_cpp/cmake)
[0.337s] -- Using all available rosidl_typesupport_c: rosidl_typesupport_fastrtps_c;rosidl_typesupport_introspection_c
[0.355s] -- Using all available rosidl_typesupport_cpp: rosidl_typesupport_fastrtps_cpp;rosidl_typesupport_introspection_cpp
[0.426s] -- Found rclcpp: 16.0.10 (/opt/ros/humble/share/rclcpp/cmake)
[0.462s] -- Found rmw_implementation_cmake: 6.1.2 (/opt/ros/humble/share/rmw_implementation_cmake/cmake)
[0.464s] -- Found rmw_fastrtps_cpp: 6.2.7 (/opt/ros/humble/share/rmw_fastrtps_cpp/cmake)
[0.611s] -- Using RMW implementation 'rmw_fastrtps_cpp' as default
[0.683s] -- Found rclcpp_action: 16.0.10 (/opt/ros/humble/share/rclcpp_action/cmake)
[0.710s] -- Found ament_lint_auto: 0.12.11 (/opt/ros/humble/share/ament_lint_auto/cmake)
[0.831s] -- Added test 'copyright' to check source files copyright and LICENSE
[0.831s] -- Added test 'cppcheck' to perform static code analysis on C / C++ code
[0.832s] -- Configured cppcheck include dirs: 
[0.832s] -- Configured cppcheck exclude dirs and/or files: 
[0.832s] -- Added test 'cpplint' to check C / C++ code against the Google style
[0.835s] -- Configured cpplint exclude dirs and/or files: 
[0.835s] -- Added test 'lint_cmake' to check CMake code style
[0.835s] -- Added test 'uncrustify' to check C / C++ code style
[0.835s] -- Configured uncrustify additional arguments: 
[0.835s] -- Added test 'xmllint' to check XML markup files
[0.835s] -- Configuring done
[0.879s] -- Generating done
[0.887s] -- Build files have been written to: /home/fatih/ros2_ws/build/examples_rclcpp_minimal_action_client
[0.924s] Invoked command in '/home/fatih/ros2_ws/build/examples_rclcpp_minimal_action_client' returned '0': CMAKE_PREFIX_PATH=${CMAKE_PREFIX_PATH}:/home/fatih/ros2_ws/install/launch_testing_examples:/home/fatih/ros2_ws/install/examples_rclpy_pointcloud_publisher:/home/fatih/ros2_ws/install/examples_rclpy_minimal_subscriber:/home/fatih/ros2_ws/install/examples_rclpy_minimal_service:/home/fatih/ros2_ws/install/examples_rclpy_minimal_publisher:/home/fatih/ros2_ws/install/examples_rclpy_minimal_client:/home/fatih/ros2_ws/install/examples_rclpy_minimal_action_server:/home/fatih/ros2_ws/install/examples_rclpy_minimal_action_client:/home/fatih/ros2_ws/install/examples_rclpy_guard_conditions:/home/fatih/ros2_ws/install/examples_rclpy_executors:/home/fatih/Desktop/ros2_ws/install/my_py_pkg:/opt/ros/humble /usr/bin/cmake /home/fatih/ros2_ws/src/examples/rclcpp/actions/minimal_action_client -DCMAKE_INSTALL_PREFIX=/home/fatih/ros2_ws/install/examples_rclcpp_minimal_action_client
[0.925s] Invoking command in '/home/fatih/ros2_ws/build/examples_rclcpp_minimal_action_client': CMAKE_PREFIX_PATH=${CMAKE_PREFIX_PATH}:/home/fatih/ros2_ws/install/launch_testing_examples:/home/fatih/ros2_ws/install/examples_rclpy_pointcloud_publisher:/home/fatih/ros2_ws/install/examples_rclpy_minimal_subscriber:/home/fatih/ros2_ws/install/examples_rclpy_minimal_service:/home/fatih/ros2_ws/install/examples_rclpy_minimal_publisher:/home/fatih/ros2_ws/install/examples_rclpy_minimal_client:/home/fatih/ros2_ws/install/examples_rclpy_minimal_action_server:/home/fatih/ros2_ws/install/examples_rclpy_minimal_action_client:/home/fatih/ros2_ws/install/examples_rclpy_guard_conditions:/home/fatih/ros2_ws/install/examples_rclpy_executors:/home/fatih/Desktop/ros2_ws/install/my_py_pkg:/opt/ros/humble /usr/bin/cmake --build /home/fatih/ros2_ws/build/examples_rclcpp_minimal_action_client -- -j8 -l8
[1.001s] [35m[1mConsolidate compiler generated dependencies of target action_client_not_composable[0m
[1.003s] [35m[1mConsolidate compiler generated dependencies of target action_client_member_functions[0m
[1.003s] [35m[1mConsolidate compiler generated dependencies of target action_client_not_composable_with_feedback[0m
[1.006s] [35m[1mConsolidate compiler generated dependencies of target action_client_not_composable_with_cancel[0m
[1.043s] [ 25%] Built target action_client_member_functions
[1.043s] [ 50%] Built target action_client_not_composable
[1.043s] [ 75%] Built target action_client_not_composable_with_cancel
[1.045s] [100%] Built target action_client_not_composable_with_feedback
[1.083s] Invoked command in '/home/fatih/ros2_ws/build/examples_rclcpp_minimal_action_client' returned '0': CMAKE_PREFIX_PATH=${CMAKE_PREFIX_PATH}:/home/fatih/ros2_ws/install/launch_testing_examples:/home/fatih/ros2_ws/install/examples_rclpy_pointcloud_publisher:/home/fatih/ros2_ws/install/examples_rclpy_minimal_subscriber:/home/fatih/ros2_ws/install/examples_rclpy_minimal_service:/home/fatih/ros2_ws/install/examples_rclpy_minimal_publisher:/home/fatih/ros2_ws/install/examples_rclpy_minimal_client:/home/fatih/ros2_ws/install/examples_rclpy_minimal_action_server:/home/fatih/ros2_ws/install/examples_rclpy_minimal_action_client:/home/fatih/ros2_ws/install/examples_rclpy_guard_conditions:/home/fatih/ros2_ws/install/examples_rclpy_executors:/home/fatih/Desktop/ros2_ws/install/my_py_pkg:/opt/ros/humble /usr/bin/cmake --build /home/fatih/ros2_ws/build/examples_rclcpp_minimal_action_client -- -j8 -l8
[1.144s] Invoking command in '/home/fatih/ros2_ws/build/examples_rclcpp_minimal_action_client': CMAKE_PREFIX_PATH=${CMAKE_PREFIX_PATH}:/home/fatih/ros2_ws/install/launch_testing_examples:/home/fatih/ros2_ws/install/examples_rclpy_pointcloud_publisher:/home/fatih/ros2_ws/install/examples_rclpy_minimal_subscriber:/home/fatih/ros2_ws/install/examples_rclpy_minimal_service:/home/fatih/ros2_ws/install/examples_rclpy_minimal_publisher:/home/fatih/ros2_ws/install/examples_rclpy_minimal_client:/home/fatih/ros2_ws/install/examples_rclpy_minimal_action_server:/home/fatih/ros2_ws/install/examples_rclpy_minimal_action_client:/home/fatih/ros2_ws/install/examples_rclpy_guard_conditions:/home/fatih/ros2_ws/install/examples_rclpy_executors:/home/fatih/Desktop/ros2_ws/install/my_py_pkg:/opt/ros/humble /usr/bin/cmake --install /home/fatih/ros2_ws/build/examples_rclcpp_minimal_action_client
[1.154s] -- Install configuration: ""
[1.154s] -- Execute custom install script
[1.154s] -- Up-to-date symlink: /home/fatih/ros2_ws/install/examples_rclcpp_minimal_action_client/lib/examples_rclcpp_minimal_action_client/action_client_member_functions
[1.154s] -- Up-to-date symlink: /home/fatih/ros2_ws/install/examples_rclcpp_minimal_action_client/lib/examples_rclcpp_minimal_action_client/action_client_not_composable
[1.154s] -- Up-to-date symlink: /home/fatih/ros2_ws/install/examples_rclcpp_minimal_action_client/lib/examples_rclcpp_minimal_action_client/action_client_not_composable_with_cancel
[1.154s] -- Up-to-date symlink: /home/fatih/ros2_ws/install/examples_rclcpp_minimal_action_client/lib/examples_rclcpp_minimal_action_client/action_client_not_composable_with_feedback
[1.155s] -- Up-to-date symlink: /home/fatih/ros2_ws/install/examples_rclcpp_minimal_action_client/share/ament_index/resource_index/package_run_dependencies/examples_rclcpp_minimal_action_client
[1.155s] -- Up-to-date symlink: /home/fatih/ros2_ws/install/examples_rclcpp_minimal_action_client/share/ament_index/resource_index/parent_prefix_path/examples_rclcpp_minimal_action_client
[1.155s] -- Up-to-date symlink: /home/fatih/ros2_ws/install/examples_rclcpp_minimal_action_client/share/examples_rclcpp_minimal_action_client/environment/ament_prefix_path.sh
[1.156s] -- Up-to-date symlink: /home/fatih/ros2_ws/install/examples_rclcpp_minimal_action_client/share/examples_rclcpp_minimal_action_client/environment/ament_prefix_path.dsv
[1.156s] -- Up-to-date symlink: /home/fatih/ros2_ws/install/examples_rclcpp_minimal_action_client/share/examples_rclcpp_minimal_action_client/environment/path.sh
[1.156s] -- Up-to-date symlink: /home/fatih/ros2_ws/install/examples_rclcpp_minimal_action_client/share/examples_rclcpp_minimal_action_client/environment/path.dsv
[1.157s] -- Up-to-date symlink: /home/fatih/ros2_ws/install/examples_rclcpp_minimal_action_client/share/examples_rclcpp_minimal_action_client/local_setup.bash
[1.157s] -- Up-to-date symlink: /home/fatih/ros2_ws/install/examples_rclcpp_minimal_action_client/share/examples_rclcpp_minimal_action_client/local_setup.sh
[1.157s] -- Up-to-date symlink: /home/fatih/ros2_ws/install/examples_rclcpp_minimal_action_client/share/examples_rclcpp_minimal_action_client/local_setup.zsh
[1.157s] -- Up-to-date symlink: /home/fatih/ros2_ws/install/examples_rclcpp_minimal_action_client/share/examples_rclcpp_minimal_action_client/local_setup.dsv
[1.158s] -- Symlinking: /home/fatih/ros2_ws/install/examples_rclcpp_minimal_action_client/share/examples_rclcpp_minimal_action_client/package.dsv
[1.165s] -- Up-to-date symlink: /home/fatih/ros2_ws/install/examples_rclcpp_minimal_action_client/share/ament_index/resource_index/packages/examples_rclcpp_minimal_action_client
[1.166s] -- Up-to-date symlink: /home/fatih/ros2_ws/install/examples_rclcpp_minimal_action_client/share/examples_rclcpp_minimal_action_client/cmake/examples_rclcpp_minimal_action_clientConfig.cmake
[1.166s] -- Up-to-date symlink: /home/fatih/ros2_ws/install/examples_rclcpp_minimal_action_client/share/examples_rclcpp_minimal_action_client/cmake/examples_rclcpp_minimal_action_clientConfig-version.cmake
[1.166s] -- Up-to-date symlink: /home/fatih/ros2_ws/install/examples_rclcpp_minimal_action_client/share/examples_rclcpp_minimal_action_client/package.xml
[1.203s] Invoked command in '/home/fatih/ros2_ws/build/examples_rclcpp_minimal_action_client' returned '0': CMAKE_PREFIX_PATH=${CMAKE_PREFIX_PATH}:/home/fatih/ros2_ws/install/launch_testing_examples:/home/fatih/ros2_ws/install/examples_rclpy_pointcloud_publisher:/home/fatih/ros2_ws/install/examples_rclpy_minimal_subscriber:/home/fatih/ros2_ws/install/examples_rclpy_minimal_service:/home/fatih/ros2_ws/install/examples_rclpy_minimal_publisher:/home/fatih/ros2_ws/install/examples_rclpy_minimal_client:/home/fatih/ros2_ws/install/examples_rclpy_minimal_action_server:/home/fatih/ros2_ws/install/examples_rclpy_minimal_action_client:/home/fatih/ros2_ws/install/examples_rclpy_guard_conditions:/home/fatih/ros2_ws/install/examples_rclpy_executors:/home/fatih/Desktop/ros2_ws/install/my_py_pkg:/opt/ros/humble /usr/bin/cmake --install /home/fatih/ros2_ws/build/examples_rclcpp_minimal_action_client
