[1.367s] Invoking command in '/home/fatih/ros2_ws/src/examples/rclpy/executors': PYTHONPATH=/home/fatih/ros2_ws/build/examples_rclpy_executors/prefix_override:/usr/lib/python3/dist-packages/colcon_core/task/python/colcon_distutils_commands:/home/fatih/ros2_ws/install/examples_rclpy_executors/lib/python3.10/site-packages:${PYTHONPATH} /usr/bin/python3 -W ignore:setup.py install is deprecated setup.py egg_info --egg-base ../../../../build/examples_rclpy_executors build --build-base /home/fatih/ros2_ws/build/examples_rclpy_executors/build install --record /home/fatih/ros2_ws/build/examples_rclpy_executors/install.log --single-version-externally-managed install_data
[1.628s] running egg_info
[1.628s] writing ../../../../build/examples_rclpy_executors/examples_rclpy_executors.egg-info/PKG-INFO
[1.628s] writing dependency_links to ../../../../build/examples_rclpy_executors/examples_rclpy_executors.egg-info/dependency_links.txt
[1.629s] writing entry points to ../../../../build/examples_rclpy_executors/examples_rclpy_executors.egg-info/entry_points.txt
[1.629s] writing requirements to ../../../../build/examples_rclpy_executors/examples_rclpy_executors.egg-info/requires.txt
[1.629s] writing top-level names to ../../../../build/examples_rclpy_executors/examples_rclpy_executors.egg-info/top_level.txt
[1.630s] reading manifest file '../../../../build/examples_rclpy_executors/examples_rclpy_executors.egg-info/SOURCES.txt'
[1.631s] writing manifest file '../../../../build/examples_rclpy_executors/examples_rclpy_executors.egg-info/SOURCES.txt'
[1.632s] running build
[1.632s] running build_py
[1.632s] running install
[1.632s] running install_lib
[1.634s] running install_data
[1.634s] running install_egg_info
[1.635s] removing '/home/fatih/ros2_ws/install/examples_rclpy_executors/lib/python3.10/site-packages/examples_rclpy_executors-0.15.2-py3.10.egg-info' (and everything under it)
[1.635s] Copying ../../../../build/examples_rclpy_executors/examples_rclpy_executors.egg-info to /home/fatih/ros2_ws/install/examples_rclpy_executors/lib/python3.10/site-packages/examples_rclpy_executors-0.15.2-py3.10.egg-info
[1.636s] running install_scripts
[1.658s] Installing callback_group script to /home/fatih/ros2_ws/install/examples_rclpy_executors/lib/examples_rclpy_executors
[1.658s] Installing composed script to /home/fatih/ros2_ws/install/examples_rclpy_executors/lib/examples_rclpy_executors
[1.658s] Installing custom_callback_group script to /home/fatih/ros2_ws/install/examples_rclpy_executors/lib/examples_rclpy_executors
[1.659s] Installing custom_executor script to /home/fatih/ros2_ws/install/examples_rclpy_executors/lib/examples_rclpy_executors
[1.659s] Installing listener script to /home/fatih/ros2_ws/install/examples_rclpy_executors/lib/examples_rclpy_executors
[1.659s] Installing talker script to /home/fatih/ros2_ws/install/examples_rclpy_executors/lib/examples_rclpy_executors
[1.659s] writing list of installed files to '/home/fatih/ros2_ws/build/examples_rclpy_executors/install.log'
[2.008s] Invoked command in '/home/fatih/ros2_ws/src/examples/rclpy/executors' returned '0': PYTHONPATH=/home/fatih/ros2_ws/build/examples_rclpy_executors/prefix_override:/usr/lib/python3/dist-packages/colcon_core/task/python/colcon_distutils_commands:/home/fatih/ros2_ws/install/examples_rclpy_executors/lib/python3.10/site-packages:${PYTHONPATH} /usr/bin/python3 -W ignore:setup.py install is deprecated setup.py egg_info --egg-base ../../../../build/examples_rclpy_executors build --build-base /home/fatih/ros2_ws/build/examples_rclpy_executors/build install --record /home/fatih/ros2_ws/build/examples_rclpy_executors/install.log --single-version-externally-managed install_data
