[0.023s] Invoking command in '/home/fatih/ros2_ws/build/examples_rclcpp_minimal_action_client': CMAKE_PREFIX_PATH=/home/fatih/Desktop/ros2_ws/install/my_py_pkg:/opt/ros/humble /usr/bin/cmake --build /home/fatih/ros2_ws/build/examples_rclcpp_minimal_action_client -- -j8 -l8
[0.110s] [ 25%] Built target action_client_member_functions
[0.111s] [ 50%] Built target action_client_not_composable
[0.114s] [ 75%] Built target action_client_not_composable_with_feedback
[0.122s] [100%] Built target action_client_not_composable_with_cancel
[0.148s] Invoked command in '/home/fatih/ros2_ws/build/examples_rclcpp_minimal_action_client' returned '0': CMAKE_PREFIX_PATH=/home/fatih/Desktop/ros2_ws/install/my_py_pkg:/opt/ros/humble /usr/bin/cmake --build /home/fatih/ros2_ws/build/examples_rclcpp_minimal_action_client -- -j8 -l8
[0.180s] Invoking command in '/home/fatih/ros2_ws/build/examples_rclcpp_minimal_action_client': CMAKE_PREFIX_PATH=/home/fatih/Desktop/ros2_ws/install/my_py_pkg:/opt/ros/humble /usr/bin/cmake --install /home/fatih/ros2_ws/build/examples_rclcpp_minimal_action_client
[0.186s] -- Install configuration: ""
[0.187s] -- Execute custom install script
[0.187s] -- Up-to-date symlink: /home/fatih/ros2_ws/install/examples_rclcpp_minimal_action_client/lib/examples_rclcpp_minimal_action_client/action_client_member_functions
[0.188s] -- Up-to-date symlink: /home/fatih/ros2_ws/install/examples_rclcpp_minimal_action_client/lib/examples_rclcpp_minimal_action_client/action_client_not_composable
[0.188s] -- Up-to-date symlink: /home/fatih/ros2_ws/install/examples_rclcpp_minimal_action_client/lib/examples_rclcpp_minimal_action_client/action_client_not_composable_with_cancel
[0.188s] -- Up-to-date symlink: /home/fatih/ros2_ws/install/examples_rclcpp_minimal_action_client/lib/examples_rclcpp_minimal_action_client/action_client_not_composable_with_feedback
[0.188s] -- Up-to-date symlink: /home/fatih/ros2_ws/install/examples_rclcpp_minimal_action_client/share/ament_index/resource_index/package_run_dependencies/examples_rclcpp_minimal_action_client
[0.188s] -- Up-to-date symlink: /home/fatih/ros2_ws/install/examples_rclcpp_minimal_action_client/share/ament_index/resource_index/parent_prefix_path/examples_rclcpp_minimal_action_client
[0.188s] -- Up-to-date symlink: /home/fatih/ros2_ws/install/examples_rclcpp_minimal_action_client/share/examples_rclcpp_minimal_action_client/environment/ament_prefix_path.sh
[0.189s] -- Up-to-date symlink: /home/fatih/ros2_ws/install/examples_rclcpp_minimal_action_client/share/examples_rclcpp_minimal_action_client/environment/ament_prefix_path.dsv
[0.190s] -- Up-to-date symlink: /home/fatih/ros2_ws/install/examples_rclcpp_minimal_action_client/share/examples_rclcpp_minimal_action_client/environment/path.sh
[0.191s] -- Up-to-date symlink: /home/fatih/ros2_ws/install/examples_rclcpp_minimal_action_client/share/examples_rclcpp_minimal_action_client/environment/path.dsv
[0.191s] -- Up-to-date symlink: /home/fatih/ros2_ws/install/examples_rclcpp_minimal_action_client/share/examples_rclcpp_minimal_action_client/local_setup.bash
[0.191s] -- Up-to-date symlink: /home/fatih/ros2_ws/install/examples_rclcpp_minimal_action_client/share/examples_rclcpp_minimal_action_client/local_setup.sh
[0.191s] -- Up-to-date symlink: /home/fatih/ros2_ws/install/examples_rclcpp_minimal_action_client/share/examples_rclcpp_minimal_action_client/local_setup.zsh
[0.191s] -- Up-to-date symlink: /home/fatih/ros2_ws/install/examples_rclcpp_minimal_action_client/share/examples_rclcpp_minimal_action_client/local_setup.dsv
[0.192s] -- Symlinking: /home/fatih/ros2_ws/install/examples_rclcpp_minimal_action_client/share/examples_rclcpp_minimal_action_client/package.dsv
[0.202s] -- Up-to-date symlink: /home/fatih/ros2_ws/install/examples_rclcpp_minimal_action_client/share/ament_index/resource_index/packages/examples_rclcpp_minimal_action_client
[0.203s] -- Up-to-date symlink: /home/fatih/ros2_ws/install/examples_rclcpp_minimal_action_client/share/examples_rclcpp_minimal_action_client/cmake/examples_rclcpp_minimal_action_clientConfig.cmake
[0.203s] -- Up-to-date symlink: /home/fatih/ros2_ws/install/examples_rclcpp_minimal_action_client/share/examples_rclcpp_minimal_action_client/cmake/examples_rclcpp_minimal_action_clientConfig-version.cmake
[0.203s] -- Up-to-date symlink: /home/fatih/ros2_ws/install/examples_rclcpp_minimal_action_client/share/examples_rclcpp_minimal_action_client/package.xml
[0.231s] Invoked command in '/home/fatih/ros2_ws/build/examples_rclcpp_minimal_action_client' returned '0': CMAKE_PREFIX_PATH=/home/fatih/Desktop/ros2_ws/install/my_py_pkg:/opt/ros/humble /usr/bin/cmake --install /home/fatih/ros2_ws/build/examples_rclcpp_minimal_action_client
