[0.031s] Invoking command in '/home/fatih/ros2_ws/build/examples_rclcpp_minimal_publisher': CMAKE_PREFIX_PATH=${CMAKE_PREFIX_PATH}:/home/fatih/ros2_ws/install/launch_testing_examples:/home/fatih/ros2_ws/install/examples_rclpy_pointcloud_publisher:/home/fatih/ros2_ws/install/examples_rclpy_minimal_subscriber:/home/fatih/ros2_ws/install/examples_rclpy_minimal_service:/home/fatih/ros2_ws/install/examples_rclpy_minimal_publisher:/home/fatih/ros2_ws/install/examples_rclpy_minimal_client:/home/fatih/ros2_ws/install/examples_rclpy_minimal_action_server:/home/fatih/ros2_ws/install/examples_rclpy_minimal_action_client:/home/fatih/ros2_ws/install/examples_rclpy_guard_conditions:/home/fatih/ros2_ws/install/examples_rclpy_executors:/home/fatih/Desktop/ros2_ws/install/my_py_pkg:/opt/ros/humble /usr/bin/cmake --build /home/fatih/ros2_ws/build/examples_rclcpp_minimal_publisher -- -j8 -l8
[0.127s] [ 16%] Built target publisher_member_function
[0.127s] [ 33%] Built target publisher_wait_for_all_acked
[0.128s] [ 50%] Built target publisher_lambda
[0.136s] [ 66%] Built target publisher_member_function_with_type_adapter
[0.141s] [ 83%] Built target publisher_not_composable
[0.147s] [100%] Built target publisher_member_function_with_unique_network_flow_endpoints
[0.172s] Invoked command in '/home/fatih/ros2_ws/build/examples_rclcpp_minimal_publisher' returned '0': CMAKE_PREFIX_PATH=${CMAKE_PREFIX_PATH}:/home/fatih/ros2_ws/install/launch_testing_examples:/home/fatih/ros2_ws/install/examples_rclpy_pointcloud_publisher:/home/fatih/ros2_ws/install/examples_rclpy_minimal_subscriber:/home/fatih/ros2_ws/install/examples_rclpy_minimal_service:/home/fatih/ros2_ws/install/examples_rclpy_minimal_publisher:/home/fatih/ros2_ws/install/examples_rclpy_minimal_client:/home/fatih/ros2_ws/install/examples_rclpy_minimal_action_server:/home/fatih/ros2_ws/install/examples_rclpy_minimal_action_client:/home/fatih/ros2_ws/install/examples_rclpy_guard_conditions:/home/fatih/ros2_ws/install/examples_rclpy_executors:/home/fatih/Desktop/ros2_ws/install/my_py_pkg:/opt/ros/humble /usr/bin/cmake --build /home/fatih/ros2_ws/build/examples_rclcpp_minimal_publisher -- -j8 -l8
[0.231s] Invoking command in '/home/fatih/ros2_ws/build/examples_rclcpp_minimal_publisher': CMAKE_PREFIX_PATH=${CMAKE_PREFIX_PATH}:/home/fatih/ros2_ws/install/launch_testing_examples:/home/fatih/ros2_ws/install/examples_rclpy_pointcloud_publisher:/home/fatih/ros2_ws/install/examples_rclpy_minimal_subscriber:/home/fatih/ros2_ws/install/examples_rclpy_minimal_service:/home/fatih/ros2_ws/install/examples_rclpy_minimal_publisher:/home/fatih/ros2_ws/install/examples_rclpy_minimal_client:/home/fatih/ros2_ws/install/examples_rclpy_minimal_action_server:/home/fatih/ros2_ws/install/examples_rclpy_minimal_action_client:/home/fatih/ros2_ws/install/examples_rclpy_guard_conditions:/home/fatih/ros2_ws/install/examples_rclpy_executors:/home/fatih/Desktop/ros2_ws/install/my_py_pkg:/opt/ros/humble /usr/bin/cmake --install /home/fatih/ros2_ws/build/examples_rclcpp_minimal_publisher
[0.267s] -- Install configuration: ""
[0.268s] -- Execute custom install script
[0.268s] -- Up-to-date symlink: /home/fatih/ros2_ws/install/examples_rclcpp_minimal_publisher/lib/examples_rclcpp_minimal_publisher/publisher_lambda
[0.268s] -- Up-to-date symlink: /home/fatih/ros2_ws/install/examples_rclcpp_minimal_publisher/lib/examples_rclcpp_minimal_publisher/publisher_member_function
[0.269s] -- Up-to-date symlink: /home/fatih/ros2_ws/install/examples_rclcpp_minimal_publisher/lib/examples_rclcpp_minimal_publisher/publisher_member_function_with_type_adapter
[0.269s] -- Up-to-date symlink: /home/fatih/ros2_ws/install/examples_rclcpp_minimal_publisher/lib/examples_rclcpp_minimal_publisher/publisher_member_function_with_unique_network_flow_endpoints
[0.269s] -- Up-to-date symlink: /home/fatih/ros2_ws/install/examples_rclcpp_minimal_publisher/lib/examples_rclcpp_minimal_publisher/publisher_wait_for_all_acked
[0.269s] -- Up-to-date symlink: /home/fatih/ros2_ws/install/examples_rclcpp_minimal_publisher/lib/examples_rclcpp_minimal_publisher/publisher_not_composable
[0.269s] -- Up-to-date symlink: /home/fatih/ros2_ws/install/examples_rclcpp_minimal_publisher/share/ament_index/resource_index/package_run_dependencies/examples_rclcpp_minimal_publisher
[0.269s] -- Up-to-date symlink: /home/fatih/ros2_ws/install/examples_rclcpp_minimal_publisher/share/ament_index/resource_index/parent_prefix_path/examples_rclcpp_minimal_publisher
[0.269s] -- Up-to-date symlink: /home/fatih/ros2_ws/install/examples_rclcpp_minimal_publisher/share/examples_rclcpp_minimal_publisher/environment/ament_prefix_path.sh
[0.270s] -- Up-to-date symlink: /home/fatih/ros2_ws/install/examples_rclcpp_minimal_publisher/share/examples_rclcpp_minimal_publisher/environment/ament_prefix_path.dsv
[0.270s] -- Up-to-date symlink: /home/fatih/ros2_ws/install/examples_rclcpp_minimal_publisher/share/examples_rclcpp_minimal_publisher/environment/path.sh
[0.270s] -- Up-to-date symlink: /home/fatih/ros2_ws/install/examples_rclcpp_minimal_publisher/share/examples_rclcpp_minimal_publisher/environment/path.dsv
[0.270s] -- Up-to-date symlink: /home/fatih/ros2_ws/install/examples_rclcpp_minimal_publisher/share/examples_rclcpp_minimal_publisher/local_setup.bash
[0.270s] -- Up-to-date symlink: /home/fatih/ros2_ws/install/examples_rclcpp_minimal_publisher/share/examples_rclcpp_minimal_publisher/local_setup.sh
[0.270s] -- Up-to-date symlink: /home/fatih/ros2_ws/install/examples_rclcpp_minimal_publisher/share/examples_rclcpp_minimal_publisher/local_setup.zsh
[0.270s] -- Up-to-date symlink: /home/fatih/ros2_ws/install/examples_rclcpp_minimal_publisher/share/examples_rclcpp_minimal_publisher/local_setup.dsv
[0.270s] -- Symlinking: /home/fatih/ros2_ws/install/examples_rclcpp_minimal_publisher/share/examples_rclcpp_minimal_publisher/package.dsv
[0.270s] -- Up-to-date symlink: /home/fatih/ros2_ws/install/examples_rclcpp_minimal_publisher/share/ament_index/resource_index/packages/examples_rclcpp_minimal_publisher
[0.270s] -- Up-to-date symlink: /home/fatih/ros2_ws/install/examples_rclcpp_minimal_publisher/share/examples_rclcpp_minimal_publisher/cmake/examples_rclcpp_minimal_publisherConfig.cmake
[0.270s] -- Up-to-date symlink: /home/fatih/ros2_ws/install/examples_rclcpp_minimal_publisher/share/examples_rclcpp_minimal_publisher/cmake/examples_rclcpp_minimal_publisherConfig-version.cmake
[0.270s] -- Up-to-date symlink: /home/fatih/ros2_ws/install/examples_rclcpp_minimal_publisher/share/examples_rclcpp_minimal_publisher/package.xml
[0.272s] Invoked command in '/home/fatih/ros2_ws/build/examples_rclcpp_minimal_publisher' returned '0': CMAKE_PREFIX_PATH=${CMAKE_PREFIX_PATH}:/home/fatih/ros2_ws/install/launch_testing_examples:/home/fatih/ros2_ws/install/examples_rclpy_pointcloud_publisher:/home/fatih/ros2_ws/install/examples_rclpy_minimal_subscriber:/home/fatih/ros2_ws/install/examples_rclpy_minimal_service:/home/fatih/ros2_ws/install/examples_rclpy_minimal_publisher:/home/fatih/ros2_ws/install/examples_rclpy_minimal_client:/home/fatih/ros2_ws/install/examples_rclpy_minimal_action_server:/home/fatih/ros2_ws/install/examples_rclpy_minimal_action_client:/home/fatih/ros2_ws/install/examples_rclpy_guard_conditions:/home/fatih/ros2_ws/install/examples_rclpy_executors:/home/fatih/Desktop/ros2_ws/install/my_py_pkg:/opt/ros/humble /usr/bin/cmake --install /home/fatih/ros2_ws/build/examples_rclcpp_minimal_publisher
