[2.371s] Invoking command in '/home/fatih/ros2_ws/src/examples/rclpy/executors': PYTHONPATH=/home/fatih/ros2_ws/build/examples_rclpy_executors/prefix_override:/usr/lib/python3/dist-packages/colcon_core/task/python/colcon_distutils_commands:/home/fatih/ros2_ws/install/examples_rclpy_executors/lib/python3.10/site-packages:${PYTHONPATH} /usr/bin/python3 -W ignore:setup.py install is deprecated setup.py egg_info --egg-base ../../../../build/examples_rclpy_executors build --build-base /home/fatih/ros2_ws/build/examples_rclpy_executors/build install --record /home/fatih/ros2_ws/build/examples_rclpy_executors/install.log --single-version-externally-managed install_data
[2.647s] running egg_info
[2.648s] writing ../../../../build/examples_rclpy_executors/examples_rclpy_executors.egg-info/PKG-INFO
[2.649s] writing dependency_links to ../../../../build/examples_rclpy_executors/examples_rclpy_executors.egg-info/dependency_links.txt
[2.649s] writing entry points to ../../../../build/examples_rclpy_executors/examples_rclpy_executors.egg-info/entry_points.txt
[2.649s] writing requirements to ../../../../build/examples_rclpy_executors/examples_rclpy_executors.egg-info/requires.txt
[2.649s] writing top-level names to ../../../../build/examples_rclpy_executors/examples_rclpy_executors.egg-info/top_level.txt
[2.651s] reading manifest file '../../../../build/examples_rclpy_executors/examples_rclpy_executors.egg-info/SOURCES.txt'
[2.653s] writing manifest file '../../../../build/examples_rclpy_executors/examples_rclpy_executors.egg-info/SOURCES.txt'
[2.653s] running build
[2.653s] running build_py
[2.654s] running install
[2.654s] running install_lib
[2.656s] running install_data
[2.657s] running install_egg_info
[2.659s] removing '/home/fatih/ros2_ws/install/examples_rclpy_executors/lib/python3.10/site-packages/examples_rclpy_executors-0.15.2-py3.10.egg-info' (and everything under it)
[2.659s] Copying ../../../../build/examples_rclpy_executors/examples_rclpy_executors.egg-info to /home/fatih/ros2_ws/install/examples_rclpy_executors/lib/python3.10/site-packages/examples_rclpy_executors-0.15.2-py3.10.egg-info
[2.660s] running install_scripts
[2.691s] Installing callback_group script to /home/fatih/ros2_ws/install/examples_rclpy_executors/lib/examples_rclpy_executors
[2.692s] Installing composed script to /home/fatih/ros2_ws/install/examples_rclpy_executors/lib/examples_rclpy_executors
[2.692s] Installing custom_callback_group script to /home/fatih/ros2_ws/install/examples_rclpy_executors/lib/examples_rclpy_executors
[2.692s] Installing custom_executor script to /home/fatih/ros2_ws/install/examples_rclpy_executors/lib/examples_rclpy_executors
[2.692s] Installing listener script to /home/fatih/ros2_ws/install/examples_rclpy_executors/lib/examples_rclpy_executors
[2.692s] Installing talker script to /home/fatih/ros2_ws/install/examples_rclpy_executors/lib/examples_rclpy_executors
[2.696s] writing list of installed files to '/home/fatih/ros2_ws/build/examples_rclpy_executors/install.log'
[3.118s] Invoked command in '/home/fatih/ros2_ws/src/examples/rclpy/executors' returned '0': PYTHONPATH=/home/fatih/ros2_ws/build/examples_rclpy_executors/prefix_override:/usr/lib/python3/dist-packages/colcon_core/task/python/colcon_distutils_commands:/home/fatih/ros2_ws/install/examples_rclpy_executors/lib/python3.10/site-packages:${PYTHONPATH} /usr/bin/python3 -W ignore:setup.py install is deprecated setup.py egg_info --egg-base ../../../../build/examples_rclpy_executors build --build-base /home/fatih/ros2_ws/build/examples_rclpy_executors/build install --record /home/fatih/ros2_ws/build/examples_rclpy_executors/install.log --single-version-externally-managed install_data
