[1.432s] Invoking command in '/home/fatih/ros2_ws/build/examples_rclpy_minimal_client': PYTHONPATH=/home/fatih/ros2_ws/build/examples_rclpy_minimal_client/prefix_override:/usr/lib/python3/dist-packages/colcon_core/task/python/colcon_distutils_commands:/home/fatih/ros2_ws/install/examples_rclpy_minimal_client/lib/python3.10/site-packages:${PYTHONPATH} /usr/bin/python3 -W ignore:setup.py install is deprecated setup.py develop --uninstall --editable --build-directory /home/fatih/ros2_ws/build/examples_rclpy_minimal_client/build
[1.905s] running develop
[2.239s] Removing /home/fatih/ros2_ws/install/examples_rclpy_minimal_client/lib/python3.10/site-packages/examples-rclpy-minimal-client.egg-link (link to .)
[2.444s] Invoked command in '/home/fatih/ros2_ws/build/examples_rclpy_minimal_client' returned '0': PYTHONPATH=/home/fatih/ros2_ws/build/examples_rclpy_minimal_client/prefix_override:/usr/lib/python3/dist-packages/colcon_core/task/python/colcon_distutils_commands:/home/fatih/ros2_ws/install/examples_rclpy_minimal_client/lib/python3.10/site-packages:${PYTHONPATH} /usr/bin/python3 -W ignore:setup.py install is deprecated setup.py develop --uninstall --editable --build-directory /home/fatih/ros2_ws/build/examples_rclpy_minimal_client/build
[2.444s] Invoking command in '/home/fatih/ros2_ws/src/examples/rclpy/services/minimal_client': PYTHONPATH=/home/fatih/ros2_ws/build/examples_rclpy_minimal_client/prefix_override:/usr/lib/python3/dist-packages/colcon_core/task/python/colcon_distutils_commands:/home/fatih/ros2_ws/install/examples_rclpy_minimal_client/lib/python3.10/site-packages:${PYTHONPATH} /usr/bin/python3 -W ignore:setup.py install is deprecated setup.py egg_info --egg-base ../../../../../build/examples_rclpy_minimal_client build --build-base /home/fatih/ros2_ws/build/examples_rclpy_minimal_client/build install --record /home/fatih/ros2_ws/build/examples_rclpy_minimal_client/install.log --single-version-externally-managed install_data --force
[2.883s] running egg_info
[2.885s] writing ../../../../../build/examples_rclpy_minimal_client/examples_rclpy_minimal_client.egg-info/PKG-INFO
[2.885s] writing dependency_links to ../../../../../build/examples_rclpy_minimal_client/examples_rclpy_minimal_client.egg-info/dependency_links.txt
[2.887s] writing entry points to ../../../../../build/examples_rclpy_minimal_client/examples_rclpy_minimal_client.egg-info/entry_points.txt
[2.887s] writing requirements to ../../../../../build/examples_rclpy_minimal_client/examples_rclpy_minimal_client.egg-info/requires.txt
[2.887s] writing top-level names to ../../../../../build/examples_rclpy_minimal_client/examples_rclpy_minimal_client.egg-info/top_level.txt
[2.889s] reading manifest file '../../../../../build/examples_rclpy_minimal_client/examples_rclpy_minimal_client.egg-info/SOURCES.txt'
[2.889s] writing manifest file '../../../../../build/examples_rclpy_minimal_client/examples_rclpy_minimal_client.egg-info/SOURCES.txt'
[2.889s] running build
[2.889s] running build_py
[2.889s] creating /home/fatih/ros2_ws/build/examples_rclpy_minimal_client/build
[2.889s] creating /home/fatih/ros2_ws/build/examples_rclpy_minimal_client/build/lib
[2.890s] creating /home/fatih/ros2_ws/build/examples_rclpy_minimal_client/build/lib/examples_rclpy_minimal_client
[2.890s] copying examples_rclpy_minimal_client/__init__.py -> /home/fatih/ros2_ws/build/examples_rclpy_minimal_client/build/lib/examples_rclpy_minimal_client
[2.890s] copying examples_rclpy_minimal_client/client_async_callback.py -> /home/fatih/ros2_ws/build/examples_rclpy_minimal_client/build/lib/examples_rclpy_minimal_client
[2.890s] copying examples_rclpy_minimal_client/client_async_member_function.py -> /home/fatih/ros2_ws/build/examples_rclpy_minimal_client/build/lib/examples_rclpy_minimal_client
[2.890s] copying examples_rclpy_minimal_client/client_async.py -> /home/fatih/ros2_ws/build/examples_rclpy_minimal_client/build/lib/examples_rclpy_minimal_client
[2.890s] copying examples_rclpy_minimal_client/client.py -> /home/fatih/ros2_ws/build/examples_rclpy_minimal_client/build/lib/examples_rclpy_minimal_client
[2.890s] running install
[2.890s] running install_lib
[2.891s] creating /home/fatih/ros2_ws/install/examples_rclpy_minimal_client/lib/python3.10/site-packages/examples_rclpy_minimal_client
[2.891s] copying /home/fatih/ros2_ws/build/examples_rclpy_minimal_client/build/lib/examples_rclpy_minimal_client/__init__.py -> /home/fatih/ros2_ws/install/examples_rclpy_minimal_client/lib/python3.10/site-packages/examples_rclpy_minimal_client
[2.891s] copying /home/fatih/ros2_ws/build/examples_rclpy_minimal_client/build/lib/examples_rclpy_minimal_client/client_async_callback.py -> /home/fatih/ros2_ws/install/examples_rclpy_minimal_client/lib/python3.10/site-packages/examples_rclpy_minimal_client
[2.891s] copying /home/fatih/ros2_ws/build/examples_rclpy_minimal_client/build/lib/examples_rclpy_minimal_client/client_async_member_function.py -> /home/fatih/ros2_ws/install/examples_rclpy_minimal_client/lib/python3.10/site-packages/examples_rclpy_minimal_client
[2.891s] copying /home/fatih/ros2_ws/build/examples_rclpy_minimal_client/build/lib/examples_rclpy_minimal_client/client_async.py -> /home/fatih/ros2_ws/install/examples_rclpy_minimal_client/lib/python3.10/site-packages/examples_rclpy_minimal_client
[2.892s] copying /home/fatih/ros2_ws/build/examples_rclpy_minimal_client/build/lib/examples_rclpy_minimal_client/client.py -> /home/fatih/ros2_ws/install/examples_rclpy_minimal_client/lib/python3.10/site-packages/examples_rclpy_minimal_client
[2.893s] byte-compiling /home/fatih/ros2_ws/install/examples_rclpy_minimal_client/lib/python3.10/site-packages/examples_rclpy_minimal_client/__init__.py to __init__.cpython-310.pyc
[2.893s] byte-compiling /home/fatih/ros2_ws/install/examples_rclpy_minimal_client/lib/python3.10/site-packages/examples_rclpy_minimal_client/client_async_callback.py to client_async_callback.cpython-310.pyc
[2.893s] byte-compiling /home/fatih/ros2_ws/install/examples_rclpy_minimal_client/lib/python3.10/site-packages/examples_rclpy_minimal_client/client_async_member_function.py to client_async_member_function.cpython-310.pyc
[2.893s] byte-compiling /home/fatih/ros2_ws/install/examples_rclpy_minimal_client/lib/python3.10/site-packages/examples_rclpy_minimal_client/client_async.py to client_async.cpython-310.pyc
[2.893s] byte-compiling /home/fatih/ros2_ws/install/examples_rclpy_minimal_client/lib/python3.10/site-packages/examples_rclpy_minimal_client/client.py to client.cpython-310.pyc
[2.893s] running install_data
[2.893s] copying resource/examples_rclpy_minimal_client -> /home/fatih/ros2_ws/install/examples_rclpy_minimal_client/share/ament_index/resource_index/packages
[2.893s] copying package.xml -> /home/fatih/ros2_ws/install/examples_rclpy_minimal_client/share/examples_rclpy_minimal_client
[2.893s] running install_egg_info
[2.894s] Copying ../../../../../build/examples_rclpy_minimal_client/examples_rclpy_minimal_client.egg-info to /home/fatih/ros2_ws/install/examples_rclpy_minimal_client/lib/python3.10/site-packages/examples_rclpy_minimal_client-0.15.2-py3.10.egg-info
[2.895s] running install_scripts
[2.914s] Installing client script to /home/fatih/ros2_ws/install/examples_rclpy_minimal_client/lib/examples_rclpy_minimal_client
[2.914s] Installing client_async script to /home/fatih/ros2_ws/install/examples_rclpy_minimal_client/lib/examples_rclpy_minimal_client
[2.914s] Installing client_async_callback script to /home/fatih/ros2_ws/install/examples_rclpy_minimal_client/lib/examples_rclpy_minimal_client
[2.915s] Installing client_async_member_function script to /home/fatih/ros2_ws/install/examples_rclpy_minimal_client/lib/examples_rclpy_minimal_client
[2.915s] writing list of installed files to '/home/fatih/ros2_ws/build/examples_rclpy_minimal_client/install.log'
[2.939s] Invoked command in '/home/fatih/ros2_ws/src/examples/rclpy/services/minimal_client' returned '0': PYTHONPATH=/home/fatih/ros2_ws/build/examples_rclpy_minimal_client/prefix_override:/usr/lib/python3/dist-packages/colcon_core/task/python/colcon_distutils_commands:/home/fatih/ros2_ws/install/examples_rclpy_minimal_client/lib/python3.10/site-packages:${PYTHONPATH} /usr/bin/python3 -W ignore:setup.py install is deprecated setup.py egg_info --egg-base ../../../../../build/examples_rclpy_minimal_client build --build-base /home/fatih/ros2_ws/build/examples_rclpy_minimal_client/build install --record /home/fatih/ros2_ws/build/examples_rclpy_minimal_client/install.log --single-version-externally-managed install_data --force
