[4.361s] Invoking command in '/home/fatih/ros2_ws/build/examples_rclpy_pointcloud_publisher': PYTHONPATH=/home/fatih/ros2_ws/build/examples_rclpy_pointcloud_publisher/prefix_override:/usr/lib/python3/dist-packages/colcon_core/task/python/colcon_distutils_commands:/home/fatih/ros2_ws/install/examples_rclpy_pointcloud_publisher/lib/python3.10/site-packages:${PYTHONPATH} /usr/bin/python3 -W ignore:setup.py install is deprecated setup.py develop --editable --build-directory /home/fatih/ros2_ws/build/examples_rclpy_pointcloud_publisher/build --no-deps symlink_data
[5.343s] running develop
[6.049s] running egg_info
[6.053s] creating examples_rclpy_pointcloud_publisher.egg-info
[6.053s] writing examples_rclpy_pointcloud_publisher.egg-info/PKG-INFO
[6.053s] writing dependency_links to examples_rclpy_pointcloud_publisher.egg-info/dependency_links.txt
[6.057s] writing entry points to examples_rclpy_pointcloud_publisher.egg-info/entry_points.txt
[6.066s] writing requirements to examples_rclpy_pointcloud_publisher.egg-info/requires.txt
[6.067s] writing top-level names to examples_rclpy_pointcloud_publisher.egg-info/top_level.txt
[6.067s] writing manifest file 'examples_rclpy_pointcloud_publisher.egg-info/SOURCES.txt'
[6.067s] reading manifest file 'examples_rclpy_pointcloud_publisher.egg-info/SOURCES.txt'
[6.067s] writing manifest file 'examples_rclpy_pointcloud_publisher.egg-info/SOURCES.txt'
[6.079s] running build_ext
[6.079s] Creating /home/fatih/ros2_ws/install/examples_rclpy_pointcloud_publisher/lib/python3.10/site-packages/examples-rclpy-pointcloud-publisher.egg-link (link to .)
[6.079s] Installing pointcloud_publisher script to /home/fatih/ros2_ws/install/examples_rclpy_pointcloud_publisher/lib/examples_rclpy_pointcloud_publisher
[6.079s] 
[6.079s] Installed /home/fatih/ros2_ws/build/examples_rclpy_pointcloud_publisher
[6.079s] running symlink_data
[6.079s] creating /home/fatih/ros2_ws/install/examples_rclpy_pointcloud_publisher/share/ament_index
[6.080s] creating /home/fatih/ros2_ws/install/examples_rclpy_pointcloud_publisher/share/ament_index/resource_index
[6.080s] creating /home/fatih/ros2_ws/install/examples_rclpy_pointcloud_publisher/share/ament_index/resource_index/packages
[6.080s] symbolically linking /home/fatih/ros2_ws/build/examples_rclpy_pointcloud_publisher/resource/examples_rclpy_pointcloud_publisher -> /home/fatih/ros2_ws/install/examples_rclpy_pointcloud_publisher/share/ament_index/resource_index/packages
[6.080s] symbolically linking /home/fatih/ros2_ws/build/examples_rclpy_pointcloud_publisher/package.xml -> /home/fatih/ros2_ws/install/examples_rclpy_pointcloud_publisher/share/examples_rclpy_pointcloud_publisher
[6.197s] Invoked command in '/home/fatih/ros2_ws/build/examples_rclpy_pointcloud_publisher' returned '0': PYTHONPATH=/home/fatih/ros2_ws/build/examples_rclpy_pointcloud_publisher/prefix_override:/usr/lib/python3/dist-packages/colcon_core/task/python/colcon_distutils_commands:/home/fatih/ros2_ws/install/examples_rclpy_pointcloud_publisher/lib/python3.10/site-packages:${PYTHONPATH} /usr/bin/python3 -W ignore:setup.py install is deprecated setup.py develop --editable --build-directory /home/fatih/ros2_ws/build/examples_rclpy_pointcloud_publisher/build --no-deps symlink_data
