[1.973s] Invoking command in '/home/fatih/ros2_ws/build/examples_rclpy_guard_conditions': PYTHONPATH=/home/fatih/ros2_ws/build/examples_rclpy_guard_conditions/prefix_override:/usr/lib/python3/dist-packages/colcon_core/task/python/colcon_distutils_commands:/home/fatih/ros2_ws/install/examples_rclpy_guard_conditions/lib/python3.10/site-packages:${PYTHONPATH} /usr/bin/python3 -W ignore:setup.py install is deprecated setup.py develop --uninstall --editable --build-directory /home/fatih/ros2_ws/build/examples_rclpy_guard_conditions/build
[2.230s] running develop
[2.530s] Removing /home/fatih/ros2_ws/install/examples_rclpy_guard_conditions/lib/python3.10/site-packages/examples-rclpy-guard-conditions.egg-link (link to .)
[2.952s] Invoked command in '/home/fatih/ros2_ws/build/examples_rclpy_guard_conditions' returned '0': PYTHONPATH=/home/fatih/ros2_ws/build/examples_rclpy_guard_conditions/prefix_override:/usr/lib/python3/dist-packages/colcon_core/task/python/colcon_distutils_commands:/home/fatih/ros2_ws/install/examples_rclpy_guard_conditions/lib/python3.10/site-packages:${PYTHONPATH} /usr/bin/python3 -W ignore:setup.py install is deprecated setup.py develop --uninstall --editable --build-directory /home/fatih/ros2_ws/build/examples_rclpy_guard_conditions/build
[2.953s] Invoking command in '/home/fatih/ros2_ws/src/examples/rclpy/guard_conditions': PYTHONPATH=/home/fatih/ros2_ws/build/examples_rclpy_guard_conditions/prefix_override:/usr/lib/python3/dist-packages/colcon_core/task/python/colcon_distutils_commands:/home/fatih/ros2_ws/install/examples_rclpy_guard_conditions/lib/python3.10/site-packages:${PYTHONPATH} /usr/bin/python3 -W ignore:setup.py install is deprecated setup.py egg_info --egg-base ../../../../build/examples_rclpy_guard_conditions build --build-base /home/fatih/ros2_ws/build/examples_rclpy_guard_conditions/build install --record /home/fatih/ros2_ws/build/examples_rclpy_guard_conditions/install.log --single-version-externally-managed install_data --force
[3.392s] running egg_info
[3.393s] writing ../../../../build/examples_rclpy_guard_conditions/examples_rclpy_guard_conditions.egg-info/PKG-INFO
[3.393s] writing dependency_links to ../../../../build/examples_rclpy_guard_conditions/examples_rclpy_guard_conditions.egg-info/dependency_links.txt
[3.393s] writing entry points to ../../../../build/examples_rclpy_guard_conditions/examples_rclpy_guard_conditions.egg-info/entry_points.txt
[3.393s] writing requirements to ../../../../build/examples_rclpy_guard_conditions/examples_rclpy_guard_conditions.egg-info/requires.txt
[3.394s] writing top-level names to ../../../../build/examples_rclpy_guard_conditions/examples_rclpy_guard_conditions.egg-info/top_level.txt
[3.397s] reading manifest file '../../../../build/examples_rclpy_guard_conditions/examples_rclpy_guard_conditions.egg-info/SOURCES.txt'
[3.398s] writing manifest file '../../../../build/examples_rclpy_guard_conditions/examples_rclpy_guard_conditions.egg-info/SOURCES.txt'
[3.398s] running build
[3.398s] running build_py
[3.398s] creating /home/fatih/ros2_ws/build/examples_rclpy_guard_conditions/build
[3.398s] creating /home/fatih/ros2_ws/build/examples_rclpy_guard_conditions/build/lib
[3.398s] creating /home/fatih/ros2_ws/build/examples_rclpy_guard_conditions/build/lib/examples_rclpy_guard_conditions
[3.398s] copying examples_rclpy_guard_conditions/__init__.py -> /home/fatih/ros2_ws/build/examples_rclpy_guard_conditions/build/lib/examples_rclpy_guard_conditions
[3.398s] copying examples_rclpy_guard_conditions/trigger_guard_condition.py -> /home/fatih/ros2_ws/build/examples_rclpy_guard_conditions/build/lib/examples_rclpy_guard_conditions
[3.399s] running install
[3.399s] running install_lib
[3.400s] creating /home/fatih/ros2_ws/install/examples_rclpy_guard_conditions/lib/python3.10/site-packages/examples_rclpy_guard_conditions
[3.400s] copying /home/fatih/ros2_ws/build/examples_rclpy_guard_conditions/build/lib/examples_rclpy_guard_conditions/__init__.py -> /home/fatih/ros2_ws/install/examples_rclpy_guard_conditions/lib/python3.10/site-packages/examples_rclpy_guard_conditions
[3.400s] copying /home/fatih/ros2_ws/build/examples_rclpy_guard_conditions/build/lib/examples_rclpy_guard_conditions/trigger_guard_condition.py -> /home/fatih/ros2_ws/install/examples_rclpy_guard_conditions/lib/python3.10/site-packages/examples_rclpy_guard_conditions
[3.401s] byte-compiling /home/fatih/ros2_ws/install/examples_rclpy_guard_conditions/lib/python3.10/site-packages/examples_rclpy_guard_conditions/__init__.py to __init__.cpython-310.pyc
[3.401s] byte-compiling /home/fatih/ros2_ws/install/examples_rclpy_guard_conditions/lib/python3.10/site-packages/examples_rclpy_guard_conditions/trigger_guard_condition.py to trigger_guard_condition.cpython-310.pyc
[3.402s] running install_data
[3.402s] copying resource/examples_rclpy_guard_conditions -> /home/fatih/ros2_ws/install/examples_rclpy_guard_conditions/share/ament_index/resource_index/packages
[3.402s] copying package.xml -> /home/fatih/ros2_ws/install/examples_rclpy_guard_conditions/share/examples_rclpy_guard_conditions
[3.402s] running install_egg_info
[3.405s] Copying ../../../../build/examples_rclpy_guard_conditions/examples_rclpy_guard_conditions.egg-info to /home/fatih/ros2_ws/install/examples_rclpy_guard_conditions/lib/python3.10/site-packages/examples_rclpy_guard_conditions-0.15.2-py3.10.egg-info
[3.406s] running install_scripts
[3.437s] Installing trigger_guard_condition script to /home/fatih/ros2_ws/install/examples_rclpy_guard_conditions/lib/examples_rclpy_guard_conditions
[3.437s] writing list of installed files to '/home/fatih/ros2_ws/build/examples_rclpy_guard_conditions/install.log'
[3.485s] Invoked command in '/home/fatih/ros2_ws/src/examples/rclpy/guard_conditions' returned '0': PYTHONPATH=/home/fatih/ros2_ws/build/examples_rclpy_guard_conditions/prefix_override:/usr/lib/python3/dist-packages/colcon_core/task/python/colcon_distutils_commands:/home/fatih/ros2_ws/install/examples_rclpy_guard_conditions/lib/python3.10/site-packages:${PYTHONPATH} /usr/bin/python3 -W ignore:setup.py install is deprecated setup.py egg_info --egg-base ../../../../build/examples_rclpy_guard_conditions build --build-base /home/fatih/ros2_ws/build/examples_rclpy_guard_conditions/build install --record /home/fatih/ros2_ws/build/examples_rclpy_guard_conditions/install.log --single-version-externally-managed install_data --force
