[0.030s] Invoking command in '/home/fatih/ros2_ws/build/examples_rclcpp_minimal_composition': CMAKE_PREFIX_PATH=${CMAKE_PREFIX_PATH}:/home/fatih/ros2_ws/install/launch_testing_examples:/home/fatih/ros2_ws/install/examples_rclpy_pointcloud_publisher:/home/fatih/ros2_ws/install/examples_rclpy_minimal_subscriber:/home/fatih/ros2_ws/install/examples_rclpy_minimal_service:/home/fatih/ros2_ws/install/examples_rclpy_minimal_publisher:/home/fatih/ros2_ws/install/examples_rclpy_minimal_client:/home/fatih/ros2_ws/install/examples_rclpy_minimal_action_server:/home/fatih/ros2_ws/install/examples_rclpy_minimal_action_client:/home/fatih/ros2_ws/install/examples_rclpy_guard_conditions:/home/fatih/ros2_ws/install/examples_rclpy_executors:/home/fatih/Desktop/ros2_ws/install/my_py_pkg:/opt/ros/humble /usr/bin/cmake /home/fatih/ros2_ws/src/examples/rclcpp/composition/minimal_composition -DCMAKE_INSTALL_PREFIX=/home/fatih/ros2_ws/install/examples_rclcpp_minimal_composition
[0.073s] -- Found ament_cmake: 1.3.10 (/opt/ros/humble/share/ament_cmake/cmake)
[0.237s] -- Override CMake install command with custom implementation using symlinks instead of copying resources
[0.246s] -- Found rclcpp: 16.0.10 (/opt/ros/humble/share/rclcpp/cmake)
[0.288s] -- Found rosidl_generator_c: 3.1.5 (/opt/ros/humble/share/rosidl_generator_c/cmake)
[0.294s] -- Found rosidl_adapter: 3.1.5 (/opt/ros/humble/share/rosidl_adapter/cmake)
[0.302s] -- Found rosidl_generator_cpp: 3.1.5 (/opt/ros/humble/share/rosidl_generator_cpp/cmake)
[0.319s] -- Using all available rosidl_typesupport_c: rosidl_typesupport_fastrtps_c;rosidl_typesupport_introspection_c
[0.339s] -- Using all available rosidl_typesupport_cpp: rosidl_typesupport_fastrtps_cpp;rosidl_typesupport_introspection_cpp
[0.391s] -- Found rmw_implementation_cmake: 6.1.2 (/opt/ros/humble/share/rmw_implementation_cmake/cmake)
[0.392s] -- Found rmw_fastrtps_cpp: 6.2.7 (/opt/ros/humble/share/rmw_fastrtps_cpp/cmake)
[0.547s] -- Using RMW implementation 'rmw_fastrtps_cpp' as default
[0.632s] -- Found rclcpp_components: 16.0.10 (/opt/ros/humble/share/rclcpp_components/cmake)
[0.670s] -- Found ament_lint_auto: 0.12.11 (/opt/ros/humble/share/ament_lint_auto/cmake)
[0.788s] -- Added test 'copyright' to check source files copyright and LICENSE
[0.790s] -- Added test 'cppcheck' to perform static code analysis on C / C++ code
[0.791s] -- Configured cppcheck include dirs: /home/fatih/ros2_ws/src/examples/rclcpp/composition/minimal_composition/include
[0.791s] -- Configured cppcheck exclude dirs and/or files: 
[0.794s] -- Added test 'cpplint' to check C / C++ code against the Google style
[0.795s] -- Configured cpplint exclude dirs and/or files: 
[0.795s] -- Added test 'lint_cmake' to check CMake code style
[0.795s] -- Added test 'uncrustify' to check C / C++ code style
[0.797s] -- Configured uncrustify additional arguments: 
[0.797s] -- Added test 'xmllint' to check XML markup files
[0.797s] -- Configuring done
[0.834s] -- Generating done
[0.836s] -- Build files have been written to: /home/fatih/ros2_ws/build/examples_rclcpp_minimal_composition
[0.850s] Invoked command in '/home/fatih/ros2_ws/build/examples_rclcpp_minimal_composition' returned '0': CMAKE_PREFIX_PATH=${CMAKE_PREFIX_PATH}:/home/fatih/ros2_ws/install/launch_testing_examples:/home/fatih/ros2_ws/install/examples_rclpy_pointcloud_publisher:/home/fatih/ros2_ws/install/examples_rclpy_minimal_subscriber:/home/fatih/ros2_ws/install/examples_rclpy_minimal_service:/home/fatih/ros2_ws/install/examples_rclpy_minimal_publisher:/home/fatih/ros2_ws/install/examples_rclpy_minimal_client:/home/fatih/ros2_ws/install/examples_rclpy_minimal_action_server:/home/fatih/ros2_ws/install/examples_rclpy_minimal_action_client:/home/fatih/ros2_ws/install/examples_rclpy_guard_conditions:/home/fatih/ros2_ws/install/examples_rclpy_executors:/home/fatih/Desktop/ros2_ws/install/my_py_pkg:/opt/ros/humble /usr/bin/cmake /home/fatih/ros2_ws/src/examples/rclcpp/composition/minimal_composition -DCMAKE_INSTALL_PREFIX=/home/fatih/ros2_ws/install/examples_rclcpp_minimal_composition
[0.850s] Invoking command in '/home/fatih/ros2_ws/build/examples_rclcpp_minimal_composition': CMAKE_PREFIX_PATH=${CMAKE_PREFIX_PATH}:/home/fatih/ros2_ws/install/launch_testing_examples:/home/fatih/ros2_ws/install/examples_rclpy_pointcloud_publisher:/home/fatih/ros2_ws/install/examples_rclpy_minimal_subscriber:/home/fatih/ros2_ws/install/examples_rclpy_minimal_service:/home/fatih/ros2_ws/install/examples_rclpy_minimal_publisher:/home/fatih/ros2_ws/install/examples_rclpy_minimal_client:/home/fatih/ros2_ws/install/examples_rclpy_minimal_action_server:/home/fatih/ros2_ws/install/examples_rclpy_minimal_action_client:/home/fatih/ros2_ws/install/examples_rclpy_guard_conditions:/home/fatih/ros2_ws/install/examples_rclpy_executors:/home/fatih/Desktop/ros2_ws/install/my_py_pkg:/opt/ros/humble /usr/bin/cmake --build /home/fatih/ros2_ws/build/examples_rclcpp_minimal_composition -- -j8 -l8
[0.922s] [35m[1mConsolidate compiler generated dependencies of target composition_nodes[0m
[0.953s] [ 33%] Built target composition_nodes
[0.964s] [35m[1mConsolidate compiler generated dependencies of target composition_publisher[0m
[0.969s] [35m[1mConsolidate compiler generated dependencies of target composition_subscriber[0m
[0.972s] [35m[1mConsolidate compiler generated dependencies of target composition_composed[0m
[0.996s] [ 55%] Built target composition_publisher
[1.000s] [ 77%] Built target composition_subscriber
[1.005s] [100%] Built target composition_composed
[1.040s] Invoked command in '/home/fatih/ros2_ws/build/examples_rclcpp_minimal_composition' returned '0': CMAKE_PREFIX_PATH=${CMAKE_PREFIX_PATH}:/home/fatih/ros2_ws/install/launch_testing_examples:/home/fatih/ros2_ws/install/examples_rclpy_pointcloud_publisher:/home/fatih/ros2_ws/install/examples_rclpy_minimal_subscriber:/home/fatih/ros2_ws/install/examples_rclpy_minimal_service:/home/fatih/ros2_ws/install/examples_rclpy_minimal_publisher:/home/fatih/ros2_ws/install/examples_rclpy_minimal_client:/home/fatih/ros2_ws/install/examples_rclpy_minimal_action_server:/home/fatih/ros2_ws/install/examples_rclpy_minimal_action_client:/home/fatih/ros2_ws/install/examples_rclpy_guard_conditions:/home/fatih/ros2_ws/install/examples_rclpy_executors:/home/fatih/Desktop/ros2_ws/install/my_py_pkg:/opt/ros/humble /usr/bin/cmake --build /home/fatih/ros2_ws/build/examples_rclcpp_minimal_composition -- -j8 -l8
[1.092s] Invoking command in '/home/fatih/ros2_ws/build/examples_rclcpp_minimal_composition': CMAKE_PREFIX_PATH=${CMAKE_PREFIX_PATH}:/home/fatih/ros2_ws/install/launch_testing_examples:/home/fatih/ros2_ws/install/examples_rclpy_pointcloud_publisher:/home/fatih/ros2_ws/install/examples_rclpy_minimal_subscriber:/home/fatih/ros2_ws/install/examples_rclpy_minimal_service:/home/fatih/ros2_ws/install/examples_rclpy_minimal_publisher:/home/fatih/ros2_ws/install/examples_rclpy_minimal_client:/home/fatih/ros2_ws/install/examples_rclpy_minimal_action_server:/home/fatih/ros2_ws/install/examples_rclpy_minimal_action_client:/home/fatih/ros2_ws/install/examples_rclpy_guard_conditions:/home/fatih/ros2_ws/install/examples_rclpy_executors:/home/fatih/Desktop/ros2_ws/install/my_py_pkg:/opt/ros/humble /usr/bin/cmake --install /home/fatih/ros2_ws/build/examples_rclcpp_minimal_composition
[1.106s] -- Install configuration: ""
[1.107s] -- Execute custom install script
[1.107s] -- Up-to-date symlink: /home/fatih/ros2_ws/install/examples_rclcpp_minimal_composition/share/examples_rclcpp_minimal_composition/environment/library_path.sh
[1.108s] -- Up-to-date symlink: /home/fatih/ros2_ws/install/examples_rclcpp_minimal_composition/share/examples_rclcpp_minimal_composition/environment/library_path.dsv
[1.108s] -- Up-to-date symlink: /home/fatih/ros2_ws/install/examples_rclcpp_minimal_composition/lib/libcomposition_nodes.so
[1.108s] -- Up-to-date symlink: /home/fatih/ros2_ws/install/examples_rclcpp_minimal_composition/lib/examples_rclcpp_minimal_composition/composition_publisher
[1.108s] -- Up-to-date symlink: /home/fatih/ros2_ws/install/examples_rclcpp_minimal_composition/lib/examples_rclcpp_minimal_composition/composition_subscriber
[1.108s] -- Up-to-date symlink: /home/fatih/ros2_ws/install/examples_rclcpp_minimal_composition/lib/examples_rclcpp_minimal_composition/composition_composed
[1.108s] -- Up-to-date symlink: /home/fatih/ros2_ws/install/examples_rclcpp_minimal_composition/share/ament_index/resource_index/package_run_dependencies/examples_rclcpp_minimal_composition
[1.108s] -- Up-to-date symlink: /home/fatih/ros2_ws/install/examples_rclcpp_minimal_composition/share/ament_index/resource_index/parent_prefix_path/examples_rclcpp_minimal_composition
[1.108s] -- Up-to-date symlink: /home/fatih/ros2_ws/install/examples_rclcpp_minimal_composition/share/examples_rclcpp_minimal_composition/environment/ament_prefix_path.sh
[1.108s] -- Up-to-date symlink: /home/fatih/ros2_ws/install/examples_rclcpp_minimal_composition/share/examples_rclcpp_minimal_composition/environment/ament_prefix_path.dsv
[1.109s] -- Up-to-date symlink: /home/fatih/ros2_ws/install/examples_rclcpp_minimal_composition/share/examples_rclcpp_minimal_composition/environment/path.sh
[1.109s] -- Up-to-date symlink: /home/fatih/ros2_ws/install/examples_rclcpp_minimal_composition/share/examples_rclcpp_minimal_composition/environment/path.dsv
[1.109s] -- Up-to-date symlink: /home/fatih/ros2_ws/install/examples_rclcpp_minimal_composition/share/examples_rclcpp_minimal_composition/local_setup.bash
[1.109s] -- Up-to-date symlink: /home/fatih/ros2_ws/install/examples_rclcpp_minimal_composition/share/examples_rclcpp_minimal_composition/local_setup.sh
[1.109s] -- Up-to-date symlink: /home/fatih/ros2_ws/install/examples_rclcpp_minimal_composition/share/examples_rclcpp_minimal_composition/local_setup.zsh
[1.109s] -- Up-to-date symlink: /home/fatih/ros2_ws/install/examples_rclcpp_minimal_composition/share/examples_rclcpp_minimal_composition/local_setup.dsv
[1.109s] -- Symlinking: /home/fatih/ros2_ws/install/examples_rclcpp_minimal_composition/share/examples_rclcpp_minimal_composition/package.dsv
[1.113s] -- Up-to-date symlink: /home/fatih/ros2_ws/install/examples_rclcpp_minimal_composition/share/ament_index/resource_index/packages/examples_rclcpp_minimal_composition
[1.113s] -- Up-to-date symlink: /home/fatih/ros2_ws/install/examples_rclcpp_minimal_composition/share/examples_rclcpp_minimal_composition/cmake/examples_rclcpp_minimal_compositionConfig.cmake
[1.115s] -- Up-to-date symlink: /home/fatih/ros2_ws/install/examples_rclcpp_minimal_composition/share/examples_rclcpp_minimal_composition/cmake/examples_rclcpp_minimal_compositionConfig-version.cmake
[1.116s] -- Up-to-date symlink: /home/fatih/ros2_ws/install/examples_rclcpp_minimal_composition/share/examples_rclcpp_minimal_composition/package.xml
[1.157s] Invoked command in '/home/fatih/ros2_ws/build/examples_rclcpp_minimal_composition' returned '0': CMAKE_PREFIX_PATH=${CMAKE_PREFIX_PATH}:/home/fatih/ros2_ws/install/launch_testing_examples:/home/fatih/ros2_ws/install/examples_rclpy_pointcloud_publisher:/home/fatih/ros2_ws/install/examples_rclpy_minimal_subscriber:/home/fatih/ros2_ws/install/examples_rclpy_minimal_service:/home/fatih/ros2_ws/install/examples_rclpy_minimal_publisher:/home/fatih/ros2_ws/install/examples_rclpy_minimal_client:/home/fatih/ros2_ws/install/examples_rclpy_minimal_action_server:/home/fatih/ros2_ws/install/examples_rclpy_minimal_action_client:/home/fatih/ros2_ws/install/examples_rclpy_guard_conditions:/home/fatih/ros2_ws/install/examples_rclpy_executors:/home/fatih/Desktop/ros2_ws/install/my_py_pkg:/opt/ros/humble /usr/bin/cmake --install /home/fatih/ros2_ws/build/examples_rclcpp_minimal_composition
