[1.699s] Invoking command in '/home/fatih/ros2_ws/src/my_package': PYTHONPATH=/home/fatih/ros2_ws/build/my_package/prefix_override:/usr/lib/python3/dist-packages/colcon_core/task/python/colcon_distutils_commands:/home/fatih/ros2_ws/install/my_package/lib/python3.10/site-packages:${PYTHONPATH} /usr/bin/python3 -W ignore:setup.py install is deprecated setup.py egg_info --egg-base ../../build/my_package build --build-base /home/fatih/ros2_ws/build/my_package/build install --record /home/fatih/ros2_ws/build/my_package/install.log --single-version-externally-managed install_data
[2.097s] running egg_info
[2.098s] writing ../../build/my_package/my_package.egg-info/PKG-INFO
[2.098s] writing dependency_links to ../../build/my_package/my_package.egg-info/dependency_links.txt
[2.098s] writing entry points to ../../build/my_package/my_package.egg-info/entry_points.txt
[2.098s] writing requirements to ../../build/my_package/my_package.egg-info/requires.txt
[2.098s] writing top-level names to ../../build/my_package/my_package.egg-info/top_level.txt
[2.101s] reading manifest file '../../build/my_package/my_package.egg-info/SOURCES.txt'
[2.101s] adding license file 'LICENSE'
[2.103s] writing manifest file '../../build/my_package/my_package.egg-info/SOURCES.txt'
[2.104s] running build
[2.104s] running build_py
[2.104s] running install
[2.105s] running install_lib
[2.106s] running install_data
[2.106s] copying package.xml -> /home/fatih/ros2_ws/install/my_package/share/my_package
[2.106s] running install_egg_info
[2.108s] removing '/home/fatih/ros2_ws/install/my_package/lib/python3.10/site-packages/my_package-0.0.0-py3.10.egg-info' (and everything under it)
[2.108s] Copying ../../build/my_package/my_package.egg-info to /home/fatih/ros2_ws/install/my_package/lib/python3.10/site-packages/my_package-0.0.0-py3.10.egg-info
[2.110s] running install_scripts
[2.139s] Installing my_node script to /home/fatih/ros2_ws/install/my_package/lib/my_package
[2.140s] writing list of installed files to '/home/fatih/ros2_ws/build/my_package/install.log'
[2.188s] Invoked command in '/home/fatih/ros2_ws/src/my_package' returned '0': PYTHONPATH=/home/fatih/ros2_ws/build/my_package/prefix_override:/usr/lib/python3/dist-packages/colcon_core/task/python/colcon_distutils_commands:/home/fatih/ros2_ws/install/my_package/lib/python3.10/site-packages:${PYTHONPATH} /usr/bin/python3 -W ignore:setup.py install is deprecated setup.py egg_info --egg-base ../../build/my_package build --build-base /home/fatih/ros2_ws/build/my_package/build install --record /home/fatih/ros2_ws/build/my_package/install.log --single-version-externally-managed install_data
