[0.053s] Invoking command in '/home/fatih/ros2_ws/build/examples_rclcpp_wait_set': CMAKE_PREFIX_PATH=/home/fatih/Desktop/ros2_ws/install/my_py_pkg:/opt/ros/humble /usr/bin/cmake --build /home/fatih/ros2_ws/build/examples_rclcpp_wait_set -- -j8 -l8
[0.157s] [  8%] Built target talker
[0.160s] [ 16%] Built target wait_set_talker
[0.166s] [ 25%] Built target listener
[0.166s] [ 33%] Built target wait_set
[0.172s] [ 41%] Built target thread_safe_wait_set
[0.178s] [ 50%] Built target static_wait_set
[0.183s] [ 58%] Built target wait_set_listener
[0.185s] [ 66%] Built target wait_set_topics_and_timer
[0.194s] [ 75%] Built target wait_set_random_order
[0.199s] [ 83%] Built target wait_set_composed
[0.201s] [ 91%] Built target executor_random_order
[0.202s] [100%] Built target wait_set_topics_with_different_rates
[0.808s] Invoked command in '/home/fatih/ros2_ws/build/examples_rclcpp_wait_set' returned '0': CMAKE_PREFIX_PATH=/home/fatih/Desktop/ros2_ws/install/my_py_pkg:/opt/ros/humble /usr/bin/cmake --build /home/fatih/ros2_ws/build/examples_rclcpp_wait_set -- -j8 -l8
[1.053s] Invoking command in '/home/fatih/ros2_ws/build/examples_rclcpp_wait_set': CMAKE_PREFIX_PATH=/home/fatih/Desktop/ros2_ws/install/my_py_pkg:/opt/ros/humble /usr/bin/cmake --install /home/fatih/ros2_ws/build/examples_rclcpp_wait_set
[1.068s] -- Install configuration: ""
[1.068s] -- Execute custom install script
[1.068s] -- Up-to-date symlink: /home/fatih/ros2_ws/install/examples_rclcpp_wait_set/lib/examples_rclcpp_wait_set/wait_set_talker
[1.068s] -- Up-to-date symlink: /home/fatih/ros2_ws/install/examples_rclcpp_wait_set/lib/examples_rclcpp_wait_set/wait_set_listener
[1.068s] -- Up-to-date symlink: /home/fatih/ros2_ws/install/examples_rclcpp_wait_set/lib/libtalker.so
[1.068s] -- Up-to-date symlink: /home/fatih/ros2_ws/install/examples_rclcpp_wait_set/lib/liblistener.so
[1.068s] -- Up-to-date symlink: /home/fatih/ros2_ws/install/examples_rclcpp_wait_set/lib/examples_rclcpp_wait_set/wait_set
[1.068s] -- Up-to-date symlink: /home/fatih/ros2_ws/install/examples_rclcpp_wait_set/lib/examples_rclcpp_wait_set/static_wait_set
[1.068s] -- Up-to-date symlink: /home/fatih/ros2_ws/install/examples_rclcpp_wait_set/lib/examples_rclcpp_wait_set/thread_safe_wait_set
[1.069s] -- Up-to-date symlink: /home/fatih/ros2_ws/install/examples_rclcpp_wait_set/lib/examples_rclcpp_wait_set/wait_set_topics_and_timer
[1.069s] -- Up-to-date symlink: /home/fatih/ros2_ws/install/examples_rclcpp_wait_set/lib/examples_rclcpp_wait_set/wait_set_random_order
[1.069s] -- Up-to-date symlink: /home/fatih/ros2_ws/install/examples_rclcpp_wait_set/lib/examples_rclcpp_wait_set/executor_random_order
[1.069s] -- Up-to-date symlink: /home/fatih/ros2_ws/install/examples_rclcpp_wait_set/lib/examples_rclcpp_wait_set/wait_set_topics_with_different_rates
[1.069s] -- Up-to-date symlink: /home/fatih/ros2_ws/install/examples_rclcpp_wait_set/lib/examples_rclcpp_wait_set/wait_set_composed
[1.069s] -- Up-to-date symlink: /home/fatih/ros2_ws/install/examples_rclcpp_wait_set/share/ament_index/resource_index/package_run_dependencies/examples_rclcpp_wait_set
[1.069s] -- Up-to-date symlink: /home/fatih/ros2_ws/install/examples_rclcpp_wait_set/share/ament_index/resource_index/parent_prefix_path/examples_rclcpp_wait_set
[1.069s] -- Up-to-date symlink: /home/fatih/ros2_ws/install/examples_rclcpp_wait_set/share/examples_rclcpp_wait_set/environment/ament_prefix_path.sh
[1.069s] -- Up-to-date symlink: /home/fatih/ros2_ws/install/examples_rclcpp_wait_set/share/examples_rclcpp_wait_set/environment/ament_prefix_path.dsv
[1.069s] -- Up-to-date symlink: /home/fatih/ros2_ws/install/examples_rclcpp_wait_set/share/examples_rclcpp_wait_set/environment/path.sh
[1.069s] -- Up-to-date symlink: /home/fatih/ros2_ws/install/examples_rclcpp_wait_set/share/examples_rclcpp_wait_set/environment/path.dsv
[1.069s] -- Up-to-date symlink: /home/fatih/ros2_ws/install/examples_rclcpp_wait_set/share/examples_rclcpp_wait_set/local_setup.bash
[1.070s] -- Up-to-date symlink: /home/fatih/ros2_ws/install/examples_rclcpp_wait_set/share/examples_rclcpp_wait_set/local_setup.sh
[1.070s] -- Up-to-date symlink: /home/fatih/ros2_ws/install/examples_rclcpp_wait_set/share/examples_rclcpp_wait_set/local_setup.zsh
[1.070s] -- Up-to-date symlink: /home/fatih/ros2_ws/install/examples_rclcpp_wait_set/share/examples_rclcpp_wait_set/local_setup.dsv
[1.070s] -- Symlinking: /home/fatih/ros2_ws/install/examples_rclcpp_wait_set/share/examples_rclcpp_wait_set/package.dsv
[1.083s] -- Up-to-date symlink: /home/fatih/ros2_ws/install/examples_rclcpp_wait_set/share/ament_index/resource_index/packages/examples_rclcpp_wait_set
[1.083s] -- Up-to-date symlink: /home/fatih/ros2_ws/install/examples_rclcpp_wait_set/share/ament_index/resource_index/rclcpp_components/examples_rclcpp_wait_set
[1.083s] -- Up-to-date symlink: /home/fatih/ros2_ws/install/examples_rclcpp_wait_set/share/examples_rclcpp_wait_set/cmake/examples_rclcpp_wait_setConfig.cmake
[1.083s] -- Up-to-date symlink: /home/fatih/ros2_ws/install/examples_rclcpp_wait_set/share/examples_rclcpp_wait_set/cmake/examples_rclcpp_wait_setConfig-version.cmake
[1.083s] -- Up-to-date symlink: /home/fatih/ros2_ws/install/examples_rclcpp_wait_set/share/examples_rclcpp_wait_set/package.xml
[1.091s] Invoked command in '/home/fatih/ros2_ws/build/examples_rclcpp_wait_set' returned '0': CMAKE_PREFIX_PATH=/home/fatih/Desktop/ros2_ws/install/my_py_pkg:/opt/ros/humble /usr/bin/cmake --install /home/fatih/ros2_ws/build/examples_rclcpp_wait_set
