running egg_info
creating ../../build/fatih/fatih.egg-info
writing ../../build/fatih/fatih.egg-info/PKG-INFO
writing dependency_links to ../../build/fatih/fatih.egg-info/dependency_links.txt
writing entry points to ../../build/fatih/fatih.egg-info/entry_points.txt
writing requirements to ../../build/fatih/fatih.egg-info/requires.txt
writing top-level names to ../../build/fatih/fatih.egg-info/top_level.txt
writing manifest file '../../build/fatih/fatih.egg-info/SOURCES.txt'
reading manifest file '../../build/fatih/fatih.egg-info/SOURCES.txt'
adding license file 'LICENSE'
writing manifest file '../../build/fatih/fatih.egg-info/SOURCES.txt'
running build
running build_py
creating /home/fatih/ros2_ws/build/fatih/build
creating /home/fatih/ros2_ws/build/fatih/build/lib
creating /home/fatih/ros2_ws/build/fatih/build/lib/fatih
copying fatih/__init__.py -> /home/fatih/ros2_ws/build/fatih/build/lib/fatih
running install
running install_lib
creating /home/fatih/ros2_ws/install/fatih/lib/python3.10/site-packages/fatih
copying /home/fatih/ros2_ws/build/fatih/build/lib/fatih/__init__.py -> /home/fatih/ros2_ws/install/fatih/lib/python3.10/site-packages/fatih
byte-compiling /home/fatih/ros2_ws/install/fatih/lib/python3.10/site-packages/fatih/__init__.py to __init__.cpython-310.pyc
running install_data
creating /home/fatih/ros2_ws/install/fatih/share/ament_index
creating /home/fatih/ros2_ws/install/fatih/share/ament_index/resource_index
creating /home/fatih/ros2_ws/install/fatih/share/ament_index/resource_index/packages
copying resource/fatih -> /home/fatih/ros2_ws/install/fatih/share/ament_index/resource_index/packages
copying package.xml -> /home/fatih/ros2_ws/install/fatih/share/fatih
running install_egg_info
Copying ../../build/fatih/fatih.egg-info to /home/fatih/ros2_ws/install/fatih/lib/python3.10/site-packages/fatih-0.0.0-py3.10.egg-info
running install_scripts
writing list of installed files to '/home/fatih/ros2_ws/build/fatih/install.log'
