[1.445s] Invoking command in '/home/fatih/ros2_ws/build/examples_rclpy_executors': PYTHONPATH=/home/fatih/ros2_ws/build/examples_rclpy_executors/prefix_override:/usr/lib/python3/dist-packages/colcon_core/task/python/colcon_distutils_commands:/home/fatih/ros2_ws/install/examples_rclpy_executors/lib/python3.10/site-packages:${PYTHONPATH} /usr/bin/python3 -W ignore:setup.py install is deprecated setup.py develop --uninstall --editable --build-directory /home/fatih/ros2_ws/build/examples_rclpy_executors/build
[1.787s] running develop
[1.957s] Removing /home/fatih/ros2_ws/install/examples_rclpy_executors/lib/python3.10/site-packages/examples-rclpy-executors.egg-link (link to .)
[2.259s] Invoked command in '/home/fatih/ros2_ws/build/examples_rclpy_executors' returned '0': PYTHONPATH=/home/fatih/ros2_ws/build/examples_rclpy_executors/prefix_override:/usr/lib/python3/dist-packages/colcon_core/task/python/colcon_distutils_commands:/home/fatih/ros2_ws/install/examples_rclpy_executors/lib/python3.10/site-packages:${PYTHONPATH} /usr/bin/python3 -W ignore:setup.py install is deprecated setup.py develop --uninstall --editable --build-directory /home/fatih/ros2_ws/build/examples_rclpy_executors/build
[2.260s] Invoking command in '/home/fatih/ros2_ws/src/examples/rclpy/executors': PYTHONPATH=/home/fatih/ros2_ws/build/examples_rclpy_executors/prefix_override:/usr/lib/python3/dist-packages/colcon_core/task/python/colcon_distutils_commands:/home/fatih/ros2_ws/install/examples_rclpy_executors/lib/python3.10/site-packages:${PYTHONPATH} /usr/bin/python3 -W ignore:setup.py install is deprecated setup.py egg_info --egg-base ../../../../build/examples_rclpy_executors build --build-base /home/fatih/ros2_ws/build/examples_rclpy_executors/build install --record /home/fatih/ros2_ws/build/examples_rclpy_executors/install.log --single-version-externally-managed install_data --force
[2.661s] running egg_info
[2.662s] writing ../../../../build/examples_rclpy_executors/examples_rclpy_executors.egg-info/PKG-INFO
[2.662s] writing dependency_links to ../../../../build/examples_rclpy_executors/examples_rclpy_executors.egg-info/dependency_links.txt
[2.663s] writing entry points to ../../../../build/examples_rclpy_executors/examples_rclpy_executors.egg-info/entry_points.txt
[2.663s] writing requirements to ../../../../build/examples_rclpy_executors/examples_rclpy_executors.egg-info/requires.txt
[2.663s] writing top-level names to ../../../../build/examples_rclpy_executors/examples_rclpy_executors.egg-info/top_level.txt
[2.672s] reading manifest file '../../../../build/examples_rclpy_executors/examples_rclpy_executors.egg-info/SOURCES.txt'
[2.674s] writing manifest file '../../../../build/examples_rclpy_executors/examples_rclpy_executors.egg-info/SOURCES.txt'
[2.674s] running build
[2.674s] running build_py
[2.674s] creating /home/fatih/ros2_ws/build/examples_rclpy_executors/build
[2.674s] creating /home/fatih/ros2_ws/build/examples_rclpy_executors/build/lib
[2.674s] creating /home/fatih/ros2_ws/build/examples_rclpy_executors/build/lib/examples_rclpy_executors
[2.674s] copying examples_rclpy_executors/__init__.py -> /home/fatih/ros2_ws/build/examples_rclpy_executors/build/lib/examples_rclpy_executors
[2.674s] copying examples_rclpy_executors/custom_callback_group.py -> /home/fatih/ros2_ws/build/examples_rclpy_executors/build/lib/examples_rclpy_executors
[2.675s] copying examples_rclpy_executors/callback_group.py -> /home/fatih/ros2_ws/build/examples_rclpy_executors/build/lib/examples_rclpy_executors
[2.675s] copying examples_rclpy_executors/composed.py -> /home/fatih/ros2_ws/build/examples_rclpy_executors/build/lib/examples_rclpy_executors
[2.675s] copying examples_rclpy_executors/talker.py -> /home/fatih/ros2_ws/build/examples_rclpy_executors/build/lib/examples_rclpy_executors
[2.675s] copying examples_rclpy_executors/listener.py -> /home/fatih/ros2_ws/build/examples_rclpy_executors/build/lib/examples_rclpy_executors
[2.675s] copying examples_rclpy_executors/custom_executor.py -> /home/fatih/ros2_ws/build/examples_rclpy_executors/build/lib/examples_rclpy_executors
[2.675s] running install
[2.676s] running install_lib
[2.676s] creating /home/fatih/ros2_ws/install/examples_rclpy_executors/lib/python3.10/site-packages/examples_rclpy_executors
[2.677s] copying /home/fatih/ros2_ws/build/examples_rclpy_executors/build/lib/examples_rclpy_executors/__init__.py -> /home/fatih/ros2_ws/install/examples_rclpy_executors/lib/python3.10/site-packages/examples_rclpy_executors
[2.677s] copying /home/fatih/ros2_ws/build/examples_rclpy_executors/build/lib/examples_rclpy_executors/custom_callback_group.py -> /home/fatih/ros2_ws/install/examples_rclpy_executors/lib/python3.10/site-packages/examples_rclpy_executors
[2.677s] copying /home/fatih/ros2_ws/build/examples_rclpy_executors/build/lib/examples_rclpy_executors/callback_group.py -> /home/fatih/ros2_ws/install/examples_rclpy_executors/lib/python3.10/site-packages/examples_rclpy_executors
[2.677s] copying /home/fatih/ros2_ws/build/examples_rclpy_executors/build/lib/examples_rclpy_executors/composed.py -> /home/fatih/ros2_ws/install/examples_rclpy_executors/lib/python3.10/site-packages/examples_rclpy_executors
[2.677s] copying /home/fatih/ros2_ws/build/examples_rclpy_executors/build/lib/examples_rclpy_executors/talker.py -> /home/fatih/ros2_ws/install/examples_rclpy_executors/lib/python3.10/site-packages/examples_rclpy_executors
[2.677s] copying /home/fatih/ros2_ws/build/examples_rclpy_executors/build/lib/examples_rclpy_executors/listener.py -> /home/fatih/ros2_ws/install/examples_rclpy_executors/lib/python3.10/site-packages/examples_rclpy_executors
[2.677s] copying /home/fatih/ros2_ws/build/examples_rclpy_executors/build/lib/examples_rclpy_executors/custom_executor.py -> /home/fatih/ros2_ws/install/examples_rclpy_executors/lib/python3.10/site-packages/examples_rclpy_executors
[2.678s] byte-compiling /home/fatih/ros2_ws/install/examples_rclpy_executors/lib/python3.10/site-packages/examples_rclpy_executors/__init__.py to __init__.cpython-310.pyc
[2.678s] byte-compiling /home/fatih/ros2_ws/install/examples_rclpy_executors/lib/python3.10/site-packages/examples_rclpy_executors/custom_callback_group.py to custom_callback_group.cpython-310.pyc
[2.679s] byte-compiling /home/fatih/ros2_ws/install/examples_rclpy_executors/lib/python3.10/site-packages/examples_rclpy_executors/callback_group.py to callback_group.cpython-310.pyc
[2.680s] byte-compiling /home/fatih/ros2_ws/install/examples_rclpy_executors/lib/python3.10/site-packages/examples_rclpy_executors/composed.py to composed.cpython-310.pyc
[2.680s] byte-compiling /home/fatih/ros2_ws/install/examples_rclpy_executors/lib/python3.10/site-packages/examples_rclpy_executors/talker.py to talker.cpython-310.pyc
[2.681s] byte-compiling /home/fatih/ros2_ws/install/examples_rclpy_executors/lib/python3.10/site-packages/examples_rclpy_executors/listener.py to listener.cpython-310.pyc
[2.681s] byte-compiling /home/fatih/ros2_ws/install/examples_rclpy_executors/lib/python3.10/site-packages/examples_rclpy_executors/custom_executor.py to custom_executor.cpython-310.pyc
[2.682s] running install_data
[2.682s] copying resource/examples_rclpy_executors -> /home/fatih/ros2_ws/install/examples_rclpy_executors/share/ament_index/resource_index/packages
[2.682s] copying package.xml -> /home/fatih/ros2_ws/install/examples_rclpy_executors/share/examples_rclpy_executors
[2.683s] running install_egg_info
[2.685s] Copying ../../../../build/examples_rclpy_executors/examples_rclpy_executors.egg-info to /home/fatih/ros2_ws/install/examples_rclpy_executors/lib/python3.10/site-packages/examples_rclpy_executors-0.15.2-py3.10.egg-info
[2.686s] running install_scripts
[2.717s] Installing callback_group script to /home/fatih/ros2_ws/install/examples_rclpy_executors/lib/examples_rclpy_executors
[2.717s] Installing composed script to /home/fatih/ros2_ws/install/examples_rclpy_executors/lib/examples_rclpy_executors
[2.717s] Installing custom_callback_group script to /home/fatih/ros2_ws/install/examples_rclpy_executors/lib/examples_rclpy_executors
[2.717s] Installing custom_executor script to /home/fatih/ros2_ws/install/examples_rclpy_executors/lib/examples_rclpy_executors
[2.718s] Installing listener script to /home/fatih/ros2_ws/install/examples_rclpy_executors/lib/examples_rclpy_executors
[2.718s] Installing talker script to /home/fatih/ros2_ws/install/examples_rclpy_executors/lib/examples_rclpy_executors
[2.718s] writing list of installed files to '/home/fatih/ros2_ws/build/examples_rclpy_executors/install.log'
[2.987s] Invoked command in '/home/fatih/ros2_ws/src/examples/rclpy/executors' returned '0': PYTHONPATH=/home/fatih/ros2_ws/build/examples_rclpy_executors/prefix_override:/usr/lib/python3/dist-packages/colcon_core/task/python/colcon_distutils_commands:/home/fatih/ros2_ws/install/examples_rclpy_executors/lib/python3.10/site-packages:${PYTHONPATH} /usr/bin/python3 -W ignore:setup.py install is deprecated setup.py egg_info --egg-base ../../../../build/examples_rclpy_executors build --build-base /home/fatih/ros2_ws/build/examples_rclpy_executors/build install --record /home/fatih/ros2_ws/build/examples_rclpy_executors/install.log --single-version-externally-managed install_data --force
