[0.023s] Invoking command in '/home/fatih/ros2_ws/build/examples_rclcpp_minimal_client': CMAKE_PREFIX_PATH=/home/fatih/Desktop/ros2_ws/install/my_py_pkg:/opt/ros/humble /usr/bin/cmake /home/fatih/ros2_ws/src/examples/rclcpp/services/minimal_client -DAMENT_CMAKE_SYMLINK_INSTALL=1 -DCMAKE_INSTALL_PREFIX=/home/fatih/ros2_ws/install/examples_rclcpp_minimal_client
[0.138s] -- The C compiler identification is GNU 11.4.0
[0.249s] -- The CXX compiler identification is GNU 11.4.0
[0.261s] -- Detecting C compiler ABI info
[0.354s] -- Detecting C compiler ABI info - done
[0.368s] -- Check for working C compiler: /usr/bin/cc - skipped
[0.368s] -- Detecting C compile features
[0.369s] -- Detecting C compile features - done
[0.373s] -- Detecting CXX compiler ABI info
[0.459s] -- Detecting CXX compiler ABI info - done
[0.471s] -- Check for working CXX compiler: /usr/bin/c++ - skipped
[0.471s] -- Detecting CXX compile features
[0.472s] -- Detecting CXX compile features - done
[0.475s] -- Found ament_cmake: 1.3.10 (/opt/ros/humble/share/ament_cmake/cmake)
[0.684s] -- Found Python3: /usr/bin/python3 (found version "3.10.12") found components: Interpreter 
[0.783s] -- Override CMake install command with custom implementation using symlinks instead of copying resources
[0.818s] -- Found example_interfaces: 0.9.3 (/opt/ros/humble/share/example_interfaces/cmake)
[0.868s] -- Found rosidl_generator_c: 3.1.5 (/opt/ros/humble/share/rosidl_generator_c/cmake)
[0.874s] -- Found rosidl_adapter: 3.1.5 (/opt/ros/humble/share/rosidl_adapter/cmake)
[0.885s] -- Found rosidl_generator_cpp: 3.1.5 (/opt/ros/humble/share/rosidl_generator_cpp/cmake)
[0.906s] -- Using all available rosidl_typesupport_c: rosidl_typesupport_fastrtps_c;rosidl_typesupport_introspection_c
[0.930s] -- Using all available rosidl_typesupport_cpp: rosidl_typesupport_fastrtps_cpp;rosidl_typesupport_introspection_cpp
[1.014s] -- Found rclcpp: 16.0.10 (/opt/ros/humble/share/rclcpp/cmake)
[1.059s] -- Found rmw_implementation_cmake: 6.1.2 (/opt/ros/humble/share/rmw_implementation_cmake/cmake)
[1.061s] -- Found rmw_fastrtps_cpp: 6.2.7 (/opt/ros/humble/share/rmw_fastrtps_cpp/cmake)
[1.163s] -- Found OpenSSL: /usr/lib/x86_64-linux-gnu/libcrypto.so (found version "3.0.2")  
[1.199s] -- Found FastRTPS: /opt/ros/humble/include  
[1.253s] -- Using RMW implementation 'rmw_fastrtps_cpp' as default
[1.261s] -- Looking for pthread.h
[1.341s] -- Looking for pthread.h - found
[1.341s] -- Performing Test CMAKE_HAVE_LIBC_PTHREAD
[1.424s] -- Performing Test CMAKE_HAVE_LIBC_PTHREAD - Success
[1.425s] -- Found Threads: TRUE  
[1.503s] -- Found ament_lint_auto: 0.12.11 (/opt/ros/humble/share/ament_lint_auto/cmake)
[1.611s] -- Added test 'copyright' to check source files copyright and LICENSE
[1.612s] -- Added test 'cppcheck' to perform static code analysis on C / C++ code
[1.620s] -- Configured cppcheck include dirs: 
[1.620s] -- Configured cppcheck exclude dirs and/or files: 
[1.620s] -- Added test 'cpplint' to check C / C++ code against the Google style
[1.620s] -- Configured cpplint exclude dirs and/or files: 
[1.620s] -- Added test 'lint_cmake' to check CMake code style
[1.620s] -- Added test 'uncrustify' to check C / C++ code style
[1.621s] -- Configured uncrustify additional arguments: 
[1.621s] -- Added test 'xmllint' to check XML markup files
[1.621s] -- Configuring done
[1.629s] -- Generating done
[1.632s] -- Build files have been written to: /home/fatih/ros2_ws/build/examples_rclcpp_minimal_client
[1.657s] Invoked command in '/home/fatih/ros2_ws/build/examples_rclcpp_minimal_client' returned '0': CMAKE_PREFIX_PATH=/home/fatih/Desktop/ros2_ws/install/my_py_pkg:/opt/ros/humble /usr/bin/cmake /home/fatih/ros2_ws/src/examples/rclcpp/services/minimal_client -DAMENT_CMAKE_SYMLINK_INSTALL=1 -DCMAKE_INSTALL_PREFIX=/home/fatih/ros2_ws/install/examples_rclcpp_minimal_client
[1.658s] Invoking command in '/home/fatih/ros2_ws/build/examples_rclcpp_minimal_client': CMAKE_PREFIX_PATH=/home/fatih/Desktop/ros2_ws/install/my_py_pkg:/opt/ros/humble /usr/bin/cmake --build /home/fatih/ros2_ws/build/examples_rclcpp_minimal_client -- -j8 -l8
[1.720s] [ 50%] [32mBuilding CXX object CMakeFiles/client_main.dir/main.cpp.o[0m
[19.809s] [100%] [32m[1mLinking CXX executable client_main[0m
[20.346s] [100%] Built target client_main
[20.401s] Invoked command in '/home/fatih/ros2_ws/build/examples_rclcpp_minimal_client' returned '0': CMAKE_PREFIX_PATH=/home/fatih/Desktop/ros2_ws/install/my_py_pkg:/opt/ros/humble /usr/bin/cmake --build /home/fatih/ros2_ws/build/examples_rclcpp_minimal_client -- -j8 -l8
[20.511s] Invoking command in '/home/fatih/ros2_ws/build/examples_rclcpp_minimal_client': CMAKE_PREFIX_PATH=/home/fatih/Desktop/ros2_ws/install/my_py_pkg:/opt/ros/humble /usr/bin/cmake --install /home/fatih/ros2_ws/build/examples_rclcpp_minimal_client
[20.996s] -- Install configuration: ""
[20.996s] -- Execute custom install script
[20.996s] -- Symlinking: /home/fatih/ros2_ws/install/examples_rclcpp_minimal_client/lib/examples_rclcpp_minimal_client/client_main
[20.996s] -- Symlinking: /home/fatih/ros2_ws/install/examples_rclcpp_minimal_client/share/ament_index/resource_index/package_run_dependencies/examples_rclcpp_minimal_client
[20.997s] -- Symlinking: /home/fatih/ros2_ws/install/examples_rclcpp_minimal_client/share/ament_index/resource_index/parent_prefix_path/examples_rclcpp_minimal_client
[20.997s] -- Symlinking: /home/fatih/ros2_ws/install/examples_rclcpp_minimal_client/share/examples_rclcpp_minimal_client/environment/ament_prefix_path.sh
[20.997s] -- Symlinking: /home/fatih/ros2_ws/install/examples_rclcpp_minimal_client/share/examples_rclcpp_minimal_client/environment/ament_prefix_path.dsv
[20.997s] -- Symlinking: /home/fatih/ros2_ws/install/examples_rclcpp_minimal_client/share/examples_rclcpp_minimal_client/environment/path.sh
[20.997s] -- Symlinking: /home/fatih/ros2_ws/install/examples_rclcpp_minimal_client/share/examples_rclcpp_minimal_client/environment/path.dsv
[20.997s] -- Symlinking: /home/fatih/ros2_ws/install/examples_rclcpp_minimal_client/share/examples_rclcpp_minimal_client/local_setup.bash
[20.997s] -- Symlinking: /home/fatih/ros2_ws/install/examples_rclcpp_minimal_client/share/examples_rclcpp_minimal_client/local_setup.sh
[20.997s] -- Symlinking: /home/fatih/ros2_ws/install/examples_rclcpp_minimal_client/share/examples_rclcpp_minimal_client/local_setup.zsh
[20.997s] -- Symlinking: /home/fatih/ros2_ws/install/examples_rclcpp_minimal_client/share/examples_rclcpp_minimal_client/local_setup.dsv
[20.997s] -- Symlinking: /home/fatih/ros2_ws/install/examples_rclcpp_minimal_client/share/examples_rclcpp_minimal_client/package.dsv
[20.998s] -- Symlinking: /home/fatih/ros2_ws/install/examples_rclcpp_minimal_client/share/ament_index/resource_index/packages/examples_rclcpp_minimal_client
[20.998s] -- Symlinking: /home/fatih/ros2_ws/install/examples_rclcpp_minimal_client/share/examples_rclcpp_minimal_client/cmake/examples_rclcpp_minimal_clientConfig.cmake
[20.998s] -- Symlinking: /home/fatih/ros2_ws/install/examples_rclcpp_minimal_client/share/examples_rclcpp_minimal_client/cmake/examples_rclcpp_minimal_clientConfig-version.cmake
[20.998s] -- Symlinking: /home/fatih/ros2_ws/install/examples_rclcpp_minimal_client/share/examples_rclcpp_minimal_client/package.xml
[21.053s] Invoked command in '/home/fatih/ros2_ws/build/examples_rclcpp_minimal_client' returned '0': CMAKE_PREFIX_PATH=/home/fatih/Desktop/ros2_ws/install/my_py_pkg:/opt/ros/humble /usr/bin/cmake --install /home/fatih/ros2_ws/build/examples_rclcpp_minimal_client
