[3.607s] Invoking command in '/home/fatih/ros2_ws/build/examples_rclpy_minimal_client': PYTHONPATH=/home/fatih/ros2_ws/build/examples_rclpy_minimal_client/prefix_override:/usr/lib/python3/dist-packages/colcon_core/task/python/colcon_distutils_commands:/home/fatih/ros2_ws/install/examples_rclpy_minimal_client/lib/python3.10/site-packages:${PYTHONPATH} /usr/bin/python3 -W ignore:setup.py install is deprecated setup.py develop --editable --build-directory /home/fatih/ros2_ws/build/examples_rclpy_minimal_client/build --no-deps symlink_data
[5.082s] running develop
[6.001s] running egg_info
[6.002s] creating examples_rclpy_minimal_client.egg-info
[6.002s] writing examples_rclpy_minimal_client.egg-info/PKG-INFO
[6.005s] writing dependency_links to examples_rclpy_minimal_client.egg-info/dependency_links.txt
[6.006s] writing entry points to examples_rclpy_minimal_client.egg-info/entry_points.txt
[6.006s] writing requirements to examples_rclpy_minimal_client.egg-info/requires.txt
[6.006s] writing top-level names to examples_rclpy_minimal_client.egg-info/top_level.txt
[6.006s] writing manifest file 'examples_rclpy_minimal_client.egg-info/SOURCES.txt'
[6.010s] reading manifest file 'examples_rclpy_minimal_client.egg-info/SOURCES.txt'
[6.016s] writing manifest file 'examples_rclpy_minimal_client.egg-info/SOURCES.txt'
[6.026s] running build_ext
[6.026s] Creating /home/fatih/ros2_ws/install/examples_rclpy_minimal_client/lib/python3.10/site-packages/examples-rclpy-minimal-client.egg-link (link to .)
[6.026s] Installing client script to /home/fatih/ros2_ws/install/examples_rclpy_minimal_client/lib/examples_rclpy_minimal_client
[6.026s] Installing client_async script to /home/fatih/ros2_ws/install/examples_rclpy_minimal_client/lib/examples_rclpy_minimal_client
[6.027s] Installing client_async_callback script to /home/fatih/ros2_ws/install/examples_rclpy_minimal_client/lib/examples_rclpy_minimal_client
[6.027s] Installing client_async_member_function script to /home/fatih/ros2_ws/install/examples_rclpy_minimal_client/lib/examples_rclpy_minimal_client
[6.031s] 
[6.031s] Installed /home/fatih/ros2_ws/build/examples_rclpy_minimal_client
[6.031s] running symlink_data
[6.038s] creating /home/fatih/ros2_ws/install/examples_rclpy_minimal_client/share/ament_index
[6.039s] creating /home/fatih/ros2_ws/install/examples_rclpy_minimal_client/share/ament_index/resource_index
[6.039s] creating /home/fatih/ros2_ws/install/examples_rclpy_minimal_client/share/ament_index/resource_index/packages
[6.039s] symbolically linking /home/fatih/ros2_ws/build/examples_rclpy_minimal_client/resource/examples_rclpy_minimal_client -> /home/fatih/ros2_ws/install/examples_rclpy_minimal_client/share/ament_index/resource_index/packages
[6.039s] symbolically linking /home/fatih/ros2_ws/build/examples_rclpy_minimal_client/package.xml -> /home/fatih/ros2_ws/install/examples_rclpy_minimal_client/share/examples_rclpy_minimal_client
[6.626s] Invoked command in '/home/fatih/ros2_ws/build/examples_rclpy_minimal_client' returned '0': PYTHONPATH=/home/fatih/ros2_ws/build/examples_rclpy_minimal_client/prefix_override:/usr/lib/python3/dist-packages/colcon_core/task/python/colcon_distutils_commands:/home/fatih/ros2_ws/install/examples_rclpy_minimal_client/lib/python3.10/site-packages:${PYTHONPATH} /usr/bin/python3 -W ignore:setup.py install is deprecated setup.py develop --editable --build-directory /home/fatih/ros2_ws/build/examples_rclpy_minimal_client/build --no-deps symlink_data
