[0.055s] Invoking command in '/home/fatih/ros2_ws/build/examples_rclcpp_minimal_timer': CMAKE_PREFIX_PATH=${CMAKE_PREFIX_PATH}:/home/fatih/ros2_ws/install/launch_testing_examples:/home/fatih/ros2_ws/install/examples_rclpy_pointcloud_publisher:/home/fatih/ros2_ws/install/examples_rclpy_minimal_subscriber:/home/fatih/ros2_ws/install/examples_rclpy_minimal_service:/home/fatih/ros2_ws/install/examples_rclpy_minimal_publisher:/home/fatih/ros2_ws/install/examples_rclpy_minimal_client:/home/fatih/ros2_ws/install/examples_rclpy_minimal_action_server:/home/fatih/ros2_ws/install/examples_rclpy_minimal_action_client:/home/fatih/ros2_ws/install/examples_rclpy_guard_conditions:/home/fatih/ros2_ws/install/examples_rclpy_executors:/home/fatih/Desktop/ros2_ws/install/my_py_pkg:/opt/ros/humble /usr/bin/cmake --build /home/fatih/ros2_ws/build/examples_rclcpp_minimal_timer -- -j8 -l8
[0.127s] [ 50%] Built target timer_lambda
[0.131s] [100%] Built target timer_member_function
[0.931s] Invoked command in '/home/fatih/ros2_ws/build/examples_rclcpp_minimal_timer' returned '0': CMAKE_PREFIX_PATH=${CMAKE_PREFIX_PATH}:/home/fatih/ros2_ws/install/launch_testing_examples:/home/fatih/ros2_ws/install/examples_rclpy_pointcloud_publisher:/home/fatih/ros2_ws/install/examples_rclpy_minimal_subscriber:/home/fatih/ros2_ws/install/examples_rclpy_minimal_service:/home/fatih/ros2_ws/install/examples_rclpy_minimal_publisher:/home/fatih/ros2_ws/install/examples_rclpy_minimal_client:/home/fatih/ros2_ws/install/examples_rclpy_minimal_action_server:/home/fatih/ros2_ws/install/examples_rclpy_minimal_action_client:/home/fatih/ros2_ws/install/examples_rclpy_guard_conditions:/home/fatih/ros2_ws/install/examples_rclpy_executors:/home/fatih/Desktop/ros2_ws/install/my_py_pkg:/opt/ros/humble /usr/bin/cmake --build /home/fatih/ros2_ws/build/examples_rclcpp_minimal_timer -- -j8 -l8
[1.251s] Invoking command in '/home/fatih/ros2_ws/build/examples_rclcpp_minimal_timer': CMAKE_PREFIX_PATH=${CMAKE_PREFIX_PATH}:/home/fatih/ros2_ws/install/launch_testing_examples:/home/fatih/ros2_ws/install/examples_rclpy_pointcloud_publisher:/home/fatih/ros2_ws/install/examples_rclpy_minimal_subscriber:/home/fatih/ros2_ws/install/examples_rclpy_minimal_service:/home/fatih/ros2_ws/install/examples_rclpy_minimal_publisher:/home/fatih/ros2_ws/install/examples_rclpy_minimal_client:/home/fatih/ros2_ws/install/examples_rclpy_minimal_action_server:/home/fatih/ros2_ws/install/examples_rclpy_minimal_action_client:/home/fatih/ros2_ws/install/examples_rclpy_guard_conditions:/home/fatih/ros2_ws/install/examples_rclpy_executors:/home/fatih/Desktop/ros2_ws/install/my_py_pkg:/opt/ros/humble /usr/bin/cmake --install /home/fatih/ros2_ws/build/examples_rclcpp_minimal_timer
[1.264s] -- Install configuration: ""
[1.264s] -- Execute custom install script
[1.264s] -- Up-to-date symlink: /home/fatih/ros2_ws/install/examples_rclcpp_minimal_timer/lib/examples_rclcpp_minimal_timer/timer_lambda
[1.266s] -- Up-to-date symlink: /home/fatih/ros2_ws/install/examples_rclcpp_minimal_timer/lib/examples_rclcpp_minimal_timer/timer_member_function
[1.267s] -- Up-to-date symlink: /home/fatih/ros2_ws/install/examples_rclcpp_minimal_timer/share/ament_index/resource_index/package_run_dependencies/examples_rclcpp_minimal_timer
[1.271s] -- Up-to-date symlink: /home/fatih/ros2_ws/install/examples_rclcpp_minimal_timer/share/ament_index/resource_index/parent_prefix_path/examples_rclcpp_minimal_timer
[1.271s] -- Up-to-date symlink: /home/fatih/ros2_ws/install/examples_rclcpp_minimal_timer/share/examples_rclcpp_minimal_timer/environment/ament_prefix_path.sh
[1.272s] -- Up-to-date symlink: /home/fatih/ros2_ws/install/examples_rclcpp_minimal_timer/share/examples_rclcpp_minimal_timer/environment/ament_prefix_path.dsv
[1.272s] -- Up-to-date symlink: /home/fatih/ros2_ws/install/examples_rclcpp_minimal_timer/share/examples_rclcpp_minimal_timer/environment/path.sh
[1.272s] -- Up-to-date symlink: /home/fatih/ros2_ws/install/examples_rclcpp_minimal_timer/share/examples_rclcpp_minimal_timer/environment/path.dsv
[1.272s] -- Up-to-date symlink: /home/fatih/ros2_ws/install/examples_rclcpp_minimal_timer/share/examples_rclcpp_minimal_timer/local_setup.bash
[1.272s] -- Up-to-date symlink: /home/fatih/ros2_ws/install/examples_rclcpp_minimal_timer/share/examples_rclcpp_minimal_timer/local_setup.sh
[1.272s] -- Up-to-date symlink: /home/fatih/ros2_ws/install/examples_rclcpp_minimal_timer/share/examples_rclcpp_minimal_timer/local_setup.zsh
[1.272s] -- Up-to-date symlink: /home/fatih/ros2_ws/install/examples_rclcpp_minimal_timer/share/examples_rclcpp_minimal_timer/local_setup.dsv
[1.272s] -- Symlinking: /home/fatih/ros2_ws/install/examples_rclcpp_minimal_timer/share/examples_rclcpp_minimal_timer/package.dsv
[1.272s] -- Up-to-date symlink: /home/fatih/ros2_ws/install/examples_rclcpp_minimal_timer/share/ament_index/resource_index/packages/examples_rclcpp_minimal_timer
[1.272s] -- Up-to-date symlink: /home/fatih/ros2_ws/install/examples_rclcpp_minimal_timer/share/examples_rclcpp_minimal_timer/cmake/examples_rclcpp_minimal_timerConfig.cmake
[1.273s] -- Up-to-date symlink: /home/fatih/ros2_ws/install/examples_rclcpp_minimal_timer/share/examples_rclcpp_minimal_timer/cmake/examples_rclcpp_minimal_timerConfig-version.cmake
[1.273s] -- Up-to-date symlink: /home/fatih/ros2_ws/install/examples_rclcpp_minimal_timer/share/examples_rclcpp_minimal_timer/package.xml
[1.280s] Invoked command in '/home/fatih/ros2_ws/build/examples_rclcpp_minimal_timer' returned '0': CMAKE_PREFIX_PATH=${CMAKE_PREFIX_PATH}:/home/fatih/ros2_ws/install/launch_testing_examples:/home/fatih/ros2_ws/install/examples_rclpy_pointcloud_publisher:/home/fatih/ros2_ws/install/examples_rclpy_minimal_subscriber:/home/fatih/ros2_ws/install/examples_rclpy_minimal_service:/home/fatih/ros2_ws/install/examples_rclpy_minimal_publisher:/home/fatih/ros2_ws/install/examples_rclpy_minimal_client:/home/fatih/ros2_ws/install/examples_rclpy_minimal_action_server:/home/fatih/ros2_ws/install/examples_rclpy_minimal_action_client:/home/fatih/ros2_ws/install/examples_rclpy_guard_conditions:/home/fatih/ros2_ws/install/examples_rclpy_executors:/home/fatih/Desktop/ros2_ws/install/my_py_pkg:/opt/ros/humble /usr/bin/cmake --install /home/fatih/ros2_ws/build/examples_rclcpp_minimal_timer
