[1.201s] Invoking command in '/home/fatih/ros2_ws/build/examples_rclpy_minimal_service': PYTHONPATH=/home/fatih/ros2_ws/build/examples_rclpy_minimal_service/prefix_override:/usr/lib/python3/dist-packages/colcon_core/task/python/colcon_distutils_commands:/home/fatih/ros2_ws/install/examples_rclpy_minimal_service/lib/python3.10/site-packages:${PYTHONPATH} /usr/bin/python3 -W ignore:setup.py install is deprecated setup.py develop --uninstall --editable --build-directory /home/fatih/ros2_ws/build/examples_rclpy_minimal_service/build
[1.693s] running develop
[1.929s] Removing /home/fatih/ros2_ws/install/examples_rclpy_minimal_service/lib/python3.10/site-packages/examples-rclpy-minimal-service.egg-link (link to .)
[1.969s] Invoked command in '/home/fatih/ros2_ws/build/examples_rclpy_minimal_service' returned '0': PYTHONPATH=/home/fatih/ros2_ws/build/examples_rclpy_minimal_service/prefix_override:/usr/lib/python3/dist-packages/colcon_core/task/python/colcon_distutils_commands:/home/fatih/ros2_ws/install/examples_rclpy_minimal_service/lib/python3.10/site-packages:${PYTHONPATH} /usr/bin/python3 -W ignore:setup.py install is deprecated setup.py develop --uninstall --editable --build-directory /home/fatih/ros2_ws/build/examples_rclpy_minimal_service/build
[1.971s] Invoking command in '/home/fatih/ros2_ws/src/examples/rclpy/services/minimal_service': PYTHONPATH=/home/fatih/ros2_ws/build/examples_rclpy_minimal_service/prefix_override:/usr/lib/python3/dist-packages/colcon_core/task/python/colcon_distutils_commands:/home/fatih/ros2_ws/install/examples_rclpy_minimal_service/lib/python3.10/site-packages:${PYTHONPATH} /usr/bin/python3 -W ignore:setup.py install is deprecated setup.py egg_info --egg-base ../../../../../build/examples_rclpy_minimal_service build --build-base /home/fatih/ros2_ws/build/examples_rclpy_minimal_service/build install --record /home/fatih/ros2_ws/build/examples_rclpy_minimal_service/install.log --single-version-externally-managed install_data --force
[2.303s] running egg_info
[2.304s] writing ../../../../../build/examples_rclpy_minimal_service/examples_rclpy_minimal_service.egg-info/PKG-INFO
[2.304s] writing dependency_links to ../../../../../build/examples_rclpy_minimal_service/examples_rclpy_minimal_service.egg-info/dependency_links.txt
[2.304s] writing entry points to ../../../../../build/examples_rclpy_minimal_service/examples_rclpy_minimal_service.egg-info/entry_points.txt
[2.304s] writing requirements to ../../../../../build/examples_rclpy_minimal_service/examples_rclpy_minimal_service.egg-info/requires.txt
[2.304s] writing top-level names to ../../../../../build/examples_rclpy_minimal_service/examples_rclpy_minimal_service.egg-info/top_level.txt
[2.306s] reading manifest file '../../../../../build/examples_rclpy_minimal_service/examples_rclpy_minimal_service.egg-info/SOURCES.txt'
[2.307s] writing manifest file '../../../../../build/examples_rclpy_minimal_service/examples_rclpy_minimal_service.egg-info/SOURCES.txt'
[2.307s] running build
[2.307s] running build_py
[2.307s] creating /home/fatih/ros2_ws/build/examples_rclpy_minimal_service/build
[2.307s] creating /home/fatih/ros2_ws/build/examples_rclpy_minimal_service/build/lib
[2.307s] creating /home/fatih/ros2_ws/build/examples_rclpy_minimal_service/build/lib/examples_rclpy_minimal_service
[2.307s] copying examples_rclpy_minimal_service/__init__.py -> /home/fatih/ros2_ws/build/examples_rclpy_minimal_service/build/lib/examples_rclpy_minimal_service
[2.308s] copying examples_rclpy_minimal_service/service.py -> /home/fatih/ros2_ws/build/examples_rclpy_minimal_service/build/lib/examples_rclpy_minimal_service
[2.308s] copying examples_rclpy_minimal_service/service_member_function.py -> /home/fatih/ros2_ws/build/examples_rclpy_minimal_service/build/lib/examples_rclpy_minimal_service
[2.308s] running install
[2.308s] running install_lib
[2.308s] creating /home/fatih/ros2_ws/install/examples_rclpy_minimal_service/lib/python3.10/site-packages/examples_rclpy_minimal_service
[2.309s] copying /home/fatih/ros2_ws/build/examples_rclpy_minimal_service/build/lib/examples_rclpy_minimal_service/__init__.py -> /home/fatih/ros2_ws/install/examples_rclpy_minimal_service/lib/python3.10/site-packages/examples_rclpy_minimal_service
[2.309s] copying /home/fatih/ros2_ws/build/examples_rclpy_minimal_service/build/lib/examples_rclpy_minimal_service/service.py -> /home/fatih/ros2_ws/install/examples_rclpy_minimal_service/lib/python3.10/site-packages/examples_rclpy_minimal_service
[2.309s] copying /home/fatih/ros2_ws/build/examples_rclpy_minimal_service/build/lib/examples_rclpy_minimal_service/service_member_function.py -> /home/fatih/ros2_ws/install/examples_rclpy_minimal_service/lib/python3.10/site-packages/examples_rclpy_minimal_service
[2.309s] byte-compiling /home/fatih/ros2_ws/install/examples_rclpy_minimal_service/lib/python3.10/site-packages/examples_rclpy_minimal_service/__init__.py to __init__.cpython-310.pyc
[2.309s] byte-compiling /home/fatih/ros2_ws/install/examples_rclpy_minimal_service/lib/python3.10/site-packages/examples_rclpy_minimal_service/service.py to service.cpython-310.pyc
[2.310s] byte-compiling /home/fatih/ros2_ws/install/examples_rclpy_minimal_service/lib/python3.10/site-packages/examples_rclpy_minimal_service/service_member_function.py to service_member_function.cpython-310.pyc
[2.310s] running install_data
[2.310s] copying resource/examples_rclpy_minimal_service -> /home/fatih/ros2_ws/install/examples_rclpy_minimal_service/share/ament_index/resource_index/packages
[2.310s] copying package.xml -> /home/fatih/ros2_ws/install/examples_rclpy_minimal_service/share/examples_rclpy_minimal_service
[2.311s] running install_egg_info
[2.314s] Copying ../../../../../build/examples_rclpy_minimal_service/examples_rclpy_minimal_service.egg-info to /home/fatih/ros2_ws/install/examples_rclpy_minimal_service/lib/python3.10/site-packages/examples_rclpy_minimal_service-0.15.2-py3.10.egg-info
[2.315s] running install_scripts
[2.344s] Installing service script to /home/fatih/ros2_ws/install/examples_rclpy_minimal_service/lib/examples_rclpy_minimal_service
[2.345s] Installing service_member_function script to /home/fatih/ros2_ws/install/examples_rclpy_minimal_service/lib/examples_rclpy_minimal_service
[2.345s] writing list of installed files to '/home/fatih/ros2_ws/build/examples_rclpy_minimal_service/install.log'
[2.380s] Invoked command in '/home/fatih/ros2_ws/src/examples/rclpy/services/minimal_service' returned '0': PYTHONPATH=/home/fatih/ros2_ws/build/examples_rclpy_minimal_service/prefix_override:/usr/lib/python3/dist-packages/colcon_core/task/python/colcon_distutils_commands:/home/fatih/ros2_ws/install/examples_rclpy_minimal_service/lib/python3.10/site-packages:${PYTHONPATH} /usr/bin/python3 -W ignore:setup.py install is deprecated setup.py egg_info --egg-base ../../../../../build/examples_rclpy_minimal_service build --build-base /home/fatih/ros2_ws/build/examples_rclpy_minimal_service/build install --record /home/fatih/ros2_ws/build/examples_rclpy_minimal_service/install.log --single-version-externally-managed install_data --force
