[1.835s] Invoking command in '/home/fatih/ros2_ws/src/examples/rclpy/executors': PYTHONPATH=/home/fatih/ros2_ws/build/examples_rclpy_executors/prefix_override:/usr/lib/python3/dist-packages/colcon_core/task/python/colcon_distutils_commands:/home/fatih/ros2_ws/install/examples_rclpy_executors/lib/python3.10/site-packages:${PYTHONPATH} /usr/bin/python3 -W ignore:setup.py install is deprecated setup.py egg_info --egg-base ../../../../build/examples_rclpy_executors build --build-base /home/fatih/ros2_ws/build/examples_rclpy_executors/build install --record /home/fatih/ros2_ws/build/examples_rclpy_executors/install.log --single-version-externally-managed install_data
[2.257s] running egg_info
[2.257s] writing ../../../../build/examples_rclpy_executors/examples_rclpy_executors.egg-info/PKG-INFO
[2.258s] writing dependency_links to ../../../../build/examples_rclpy_executors/examples_rclpy_executors.egg-info/dependency_links.txt
[2.258s] writing entry points to ../../../../build/examples_rclpy_executors/examples_rclpy_executors.egg-info/entry_points.txt
[2.258s] writing requirements to ../../../../build/examples_rclpy_executors/examples_rclpy_executors.egg-info/requires.txt
[2.258s] writing top-level names to ../../../../build/examples_rclpy_executors/examples_rclpy_executors.egg-info/top_level.txt
[2.258s] reading manifest file '../../../../build/examples_rclpy_executors/examples_rclpy_executors.egg-info/SOURCES.txt'
[2.260s] writing manifest file '../../../../build/examples_rclpy_executors/examples_rclpy_executors.egg-info/SOURCES.txt'
[2.260s] running build
[2.260s] running build_py
[2.261s] running install
[2.261s] running install_lib
[2.263s] running install_data
[2.263s] running install_egg_info
[2.266s] removing '/home/fatih/ros2_ws/install/examples_rclpy_executors/lib/python3.10/site-packages/examples_rclpy_executors-0.15.2-py3.10.egg-info' (and everything under it)
[2.267s] Copying ../../../../build/examples_rclpy_executors/examples_rclpy_executors.egg-info to /home/fatih/ros2_ws/install/examples_rclpy_executors/lib/python3.10/site-packages/examples_rclpy_executors-0.15.2-py3.10.egg-info
[2.269s] running install_scripts
[2.301s] Installing callback_group script to /home/fatih/ros2_ws/install/examples_rclpy_executors/lib/examples_rclpy_executors
[2.302s] Installing composed script to /home/fatih/ros2_ws/install/examples_rclpy_executors/lib/examples_rclpy_executors
[2.302s] Installing custom_callback_group script to /home/fatih/ros2_ws/install/examples_rclpy_executors/lib/examples_rclpy_executors
[2.302s] Installing custom_executor script to /home/fatih/ros2_ws/install/examples_rclpy_executors/lib/examples_rclpy_executors
[2.302s] Installing listener script to /home/fatih/ros2_ws/install/examples_rclpy_executors/lib/examples_rclpy_executors
[2.303s] Installing talker script to /home/fatih/ros2_ws/install/examples_rclpy_executors/lib/examples_rclpy_executors
[2.303s] writing list of installed files to '/home/fatih/ros2_ws/build/examples_rclpy_executors/install.log'
[2.641s] Invoked command in '/home/fatih/ros2_ws/src/examples/rclpy/executors' returned '0': PYTHONPATH=/home/fatih/ros2_ws/build/examples_rclpy_executors/prefix_override:/usr/lib/python3/dist-packages/colcon_core/task/python/colcon_distutils_commands:/home/fatih/ros2_ws/install/examples_rclpy_executors/lib/python3.10/site-packages:${PYTHONPATH} /usr/bin/python3 -W ignore:setup.py install is deprecated setup.py egg_info --egg-base ../../../../build/examples_rclpy_executors build --build-base /home/fatih/ros2_ws/build/examples_rclpy_executors/build install --record /home/fatih/ros2_ws/build/examples_rclpy_executors/install.log --single-version-externally-managed install_data
