[0.033s] Invoking command in '/home/fatih/ros2_ws/build/examples_rclcpp_minimal_action_client': CMAKE_PREFIX_PATH=${CMAKE_PREFIX_PATH}:/home/fatih/ros2_ws/install/launch_testing_examples:/home/fatih/ros2_ws/install/examples_rclpy_pointcloud_publisher:/home/fatih/ros2_ws/install/examples_rclpy_minimal_subscriber:/home/fatih/ros2_ws/install/examples_rclpy_minimal_service:/home/fatih/ros2_ws/install/examples_rclpy_minimal_publisher:/home/fatih/ros2_ws/install/examples_rclpy_minimal_client:/home/fatih/ros2_ws/install/examples_rclpy_minimal_action_server:/home/fatih/ros2_ws/install/examples_rclpy_minimal_action_client:/home/fatih/ros2_ws/install/examples_rclpy_guard_conditions:/home/fatih/ros2_ws/install/examples_rclpy_executors:/home/fatih/Desktop/ros2_ws/install/my_py_pkg:/opt/ros/humble /usr/bin/cmake --build /home/fatih/ros2_ws/build/examples_rclcpp_minimal_action_client -- -j8 -l8
[0.111s] [ 25%] Built target action_client_member_functions
[0.117s] [ 50%] Built target action_client_not_composable
[0.144s] [ 75%] Built target action_client_not_composable_with_feedback
[0.151s] [100%] Built target action_client_not_composable_with_cancel
[0.174s] Invoked command in '/home/fatih/ros2_ws/build/examples_rclcpp_minimal_action_client' returned '0': CMAKE_PREFIX_PATH=${CMAKE_PREFIX_PATH}:/home/fatih/ros2_ws/install/launch_testing_examples:/home/fatih/ros2_ws/install/examples_rclpy_pointcloud_publisher:/home/fatih/ros2_ws/install/examples_rclpy_minimal_subscriber:/home/fatih/ros2_ws/install/examples_rclpy_minimal_service:/home/fatih/ros2_ws/install/examples_rclpy_minimal_publisher:/home/fatih/ros2_ws/install/examples_rclpy_minimal_client:/home/fatih/ros2_ws/install/examples_rclpy_minimal_action_server:/home/fatih/ros2_ws/install/examples_rclpy_minimal_action_client:/home/fatih/ros2_ws/install/examples_rclpy_guard_conditions:/home/fatih/ros2_ws/install/examples_rclpy_executors:/home/fatih/Desktop/ros2_ws/install/my_py_pkg:/opt/ros/humble /usr/bin/cmake --build /home/fatih/ros2_ws/build/examples_rclcpp_minimal_action_client -- -j8 -l8
[0.211s] Invoking command in '/home/fatih/ros2_ws/build/examples_rclcpp_minimal_action_client': CMAKE_PREFIX_PATH=${CMAKE_PREFIX_PATH}:/home/fatih/ros2_ws/install/launch_testing_examples:/home/fatih/ros2_ws/install/examples_rclpy_pointcloud_publisher:/home/fatih/ros2_ws/install/examples_rclpy_minimal_subscriber:/home/fatih/ros2_ws/install/examples_rclpy_minimal_service:/home/fatih/ros2_ws/install/examples_rclpy_minimal_publisher:/home/fatih/ros2_ws/install/examples_rclpy_minimal_client:/home/fatih/ros2_ws/install/examples_rclpy_minimal_action_server:/home/fatih/ros2_ws/install/examples_rclpy_minimal_action_client:/home/fatih/ros2_ws/install/examples_rclpy_guard_conditions:/home/fatih/ros2_ws/install/examples_rclpy_executors:/home/fatih/Desktop/ros2_ws/install/my_py_pkg:/opt/ros/humble /usr/bin/cmake --install /home/fatih/ros2_ws/build/examples_rclcpp_minimal_action_client
[0.222s] -- Install configuration: ""
[0.222s] -- Execute custom install script
[0.222s] -- Up-to-date symlink: /home/fatih/ros2_ws/install/examples_rclcpp_minimal_action_client/lib/examples_rclcpp_minimal_action_client/action_client_member_functions
[0.223s] -- Up-to-date symlink: /home/fatih/ros2_ws/install/examples_rclcpp_minimal_action_client/lib/examples_rclcpp_minimal_action_client/action_client_not_composable
[0.223s] -- Up-to-date symlink: /home/fatih/ros2_ws/install/examples_rclcpp_minimal_action_client/lib/examples_rclcpp_minimal_action_client/action_client_not_composable_with_cancel
[0.224s] -- Up-to-date symlink: /home/fatih/ros2_ws/install/examples_rclcpp_minimal_action_client/lib/examples_rclcpp_minimal_action_client/action_client_not_composable_with_feedback
[0.224s] -- Up-to-date symlink: /home/fatih/ros2_ws/install/examples_rclcpp_minimal_action_client/share/ament_index/resource_index/package_run_dependencies/examples_rclcpp_minimal_action_client
[0.225s] -- Up-to-date symlink: /home/fatih/ros2_ws/install/examples_rclcpp_minimal_action_client/share/ament_index/resource_index/parent_prefix_path/examples_rclcpp_minimal_action_client
[0.225s] -- Up-to-date symlink: /home/fatih/ros2_ws/install/examples_rclcpp_minimal_action_client/share/examples_rclcpp_minimal_action_client/environment/ament_prefix_path.sh
[0.225s] -- Up-to-date symlink: /home/fatih/ros2_ws/install/examples_rclcpp_minimal_action_client/share/examples_rclcpp_minimal_action_client/environment/ament_prefix_path.dsv
[0.225s] -- Up-to-date symlink: /home/fatih/ros2_ws/install/examples_rclcpp_minimal_action_client/share/examples_rclcpp_minimal_action_client/environment/path.sh
[0.225s] -- Up-to-date symlink: /home/fatih/ros2_ws/install/examples_rclcpp_minimal_action_client/share/examples_rclcpp_minimal_action_client/environment/path.dsv
[0.226s] -- Up-to-date symlink: /home/fatih/ros2_ws/install/examples_rclcpp_minimal_action_client/share/examples_rclcpp_minimal_action_client/local_setup.bash
[0.228s] -- Up-to-date symlink: /home/fatih/ros2_ws/install/examples_rclcpp_minimal_action_client/share/examples_rclcpp_minimal_action_client/local_setup.sh
[0.228s] -- Up-to-date symlink: /home/fatih/ros2_ws/install/examples_rclcpp_minimal_action_client/share/examples_rclcpp_minimal_action_client/local_setup.zsh
[0.229s] -- Up-to-date symlink: /home/fatih/ros2_ws/install/examples_rclcpp_minimal_action_client/share/examples_rclcpp_minimal_action_client/local_setup.dsv
[0.229s] -- Symlinking: /home/fatih/ros2_ws/install/examples_rclcpp_minimal_action_client/share/examples_rclcpp_minimal_action_client/package.dsv
[0.234s] -- Up-to-date symlink: /home/fatih/ros2_ws/install/examples_rclcpp_minimal_action_client/share/ament_index/resource_index/packages/examples_rclcpp_minimal_action_client
[0.234s] -- Up-to-date symlink: /home/fatih/ros2_ws/install/examples_rclcpp_minimal_action_client/share/examples_rclcpp_minimal_action_client/cmake/examples_rclcpp_minimal_action_clientConfig.cmake
[0.235s] -- Up-to-date symlink: /home/fatih/ros2_ws/install/examples_rclcpp_minimal_action_client/share/examples_rclcpp_minimal_action_client/cmake/examples_rclcpp_minimal_action_clientConfig-version.cmake
[0.235s] -- Up-to-date symlink: /home/fatih/ros2_ws/install/examples_rclcpp_minimal_action_client/share/examples_rclcpp_minimal_action_client/package.xml
[0.274s] Invoked command in '/home/fatih/ros2_ws/build/examples_rclcpp_minimal_action_client' returned '0': CMAKE_PREFIX_PATH=${CMAKE_PREFIX_PATH}:/home/fatih/ros2_ws/install/launch_testing_examples:/home/fatih/ros2_ws/install/examples_rclpy_pointcloud_publisher:/home/fatih/ros2_ws/install/examples_rclpy_minimal_subscriber:/home/fatih/ros2_ws/install/examples_rclpy_minimal_service:/home/fatih/ros2_ws/install/examples_rclpy_minimal_publisher:/home/fatih/ros2_ws/install/examples_rclpy_minimal_client:/home/fatih/ros2_ws/install/examples_rclpy_minimal_action_server:/home/fatih/ros2_ws/install/examples_rclpy_minimal_action_client:/home/fatih/ros2_ws/install/examples_rclpy_guard_conditions:/home/fatih/ros2_ws/install/examples_rclpy_executors:/home/fatih/Desktop/ros2_ws/install/my_py_pkg:/opt/ros/humble /usr/bin/cmake --install /home/fatih/ros2_ws/build/examples_rclcpp_minimal_action_client
