[3.854s] Invoking command in '/home/fatih/ros2_ws/build/examples_rclpy_minimal_action_client': PYTHONPATH=/home/fatih/ros2_ws/build/examples_rclpy_minimal_action_client/prefix_override:/usr/lib/python3/dist-packages/colcon_core/task/python/colcon_distutils_commands:/home/fatih/ros2_ws/install/examples_rclpy_minimal_action_client/lib/python3.10/site-packages:${PYTHONPATH} /usr/bin/python3 -W ignore:setup.py install is deprecated setup.py develop --editable --build-directory /home/fatih/ros2_ws/build/examples_rclpy_minimal_action_client/build --no-deps symlink_data
[9.189s] running develop
[9.189s] running egg_info
[9.189s] creating examples_rclpy_minimal_action_client.egg-info
[9.189s] writing examples_rclpy_minimal_action_client.egg-info/PKG-INFO
[9.189s] writing dependency_links to examples_rclpy_minimal_action_client.egg-info/dependency_links.txt
[9.189s] writing entry points to examples_rclpy_minimal_action_client.egg-info/entry_points.txt
[9.189s] writing requirements to examples_rclpy_minimal_action_client.egg-info/requires.txt
[9.189s] writing top-level names to examples_rclpy_minimal_action_client.egg-info/top_level.txt
[9.190s] writing manifest file 'examples_rclpy_minimal_action_client.egg-info/SOURCES.txt'
[9.190s] reading manifest file 'examples_rclpy_minimal_action_client.egg-info/SOURCES.txt'
[9.190s] writing manifest file 'examples_rclpy_minimal_action_client.egg-info/SOURCES.txt'
[9.190s] running build_ext
[9.190s] Creating /home/fatih/ros2_ws/install/examples_rclpy_minimal_action_client/lib/python3.10/site-packages/examples-rclpy-minimal-action-client.egg-link (link to .)
[9.190s] Installing client script to /home/fatih/ros2_ws/install/examples_rclpy_minimal_action_client/lib/examples_rclpy_minimal_action_client
[9.190s] Installing client_asyncio script to /home/fatih/ros2_ws/install/examples_rclpy_minimal_action_client/lib/examples_rclpy_minimal_action_client
[9.190s] Installing client_cancel script to /home/fatih/ros2_ws/install/examples_rclpy_minimal_action_client/lib/examples_rclpy_minimal_action_client
[9.190s] Installing client_not_composable script to /home/fatih/ros2_ws/install/examples_rclpy_minimal_action_client/lib/examples_rclpy_minimal_action_client
[9.190s] 
[9.190s] Installed /home/fatih/ros2_ws/build/examples_rclpy_minimal_action_client
[9.212s] running symlink_data
[9.212s] creating /home/fatih/ros2_ws/install/examples_rclpy_minimal_action_client/share/ament_index
[9.213s] creating /home/fatih/ros2_ws/install/examples_rclpy_minimal_action_client/share/ament_index/resource_index
[9.213s] creating /home/fatih/ros2_ws/install/examples_rclpy_minimal_action_client/share/ament_index/resource_index/packages
[9.213s] symbolically linking /home/fatih/ros2_ws/build/examples_rclpy_minimal_action_client/resource/examples_rclpy_minimal_action_client -> /home/fatih/ros2_ws/install/examples_rclpy_minimal_action_client/share/ament_index/resource_index/packages
[9.213s] symbolically linking /home/fatih/ros2_ws/build/examples_rclpy_minimal_action_client/package.xml -> /home/fatih/ros2_ws/install/examples_rclpy_minimal_action_client/share/examples_rclpy_minimal_action_client
[9.214s] Invoked command in '/home/fatih/ros2_ws/build/examples_rclpy_minimal_action_client' returned '0': PYTHONPATH=/home/fatih/ros2_ws/build/examples_rclpy_minimal_action_client/prefix_override:/usr/lib/python3/dist-packages/colcon_core/task/python/colcon_distutils_commands:/home/fatih/ros2_ws/install/examples_rclpy_minimal_action_client/lib/python3.10/site-packages:${PYTHONPATH} /usr/bin/python3 -W ignore:setup.py install is deprecated setup.py develop --editable --build-directory /home/fatih/ros2_ws/build/examples_rclpy_minimal_action_client/build --no-deps symlink_data
