[1.098s] Invoking command in '/home/fatih/ros2_ws/src/py_pubsub': PYTHONPATH=/home/fatih/ros2_ws/build/py_pubsub/prefix_override:/usr/lib/python3/dist-packages/colcon_core/task/python/colcon_distutils_commands:/home/fatih/ros2_ws/install/py_pubsub/lib/python3.10/site-packages:${PYTHONPATH} /usr/bin/python3 -W ignore:setup.py install is deprecated setup.py egg_info --egg-base ../../build/py_pubsub build --build-base /home/fatih/ros2_ws/build/py_pubsub/build install --record /home/fatih/ros2_ws/build/py_pubsub/install.log --single-version-externally-managed install_data
[1.327s] running egg_info
[1.327s] writing ../../build/py_pubsub/py_pubsub.egg-info/PKG-INFO
[1.327s] writing dependency_links to ../../build/py_pubsub/py_pubsub.egg-info/dependency_links.txt
[1.328s] writing entry points to ../../build/py_pubsub/py_pubsub.egg-info/entry_points.txt
[1.328s] writing requirements to ../../build/py_pubsub/py_pubsub.egg-info/requires.txt
[1.328s] writing top-level names to ../../build/py_pubsub/py_pubsub.egg-info/top_level.txt
[1.329s] reading manifest file '../../build/py_pubsub/py_pubsub.egg-info/SOURCES.txt'
[1.330s] adding license file 'LICENSE'
[1.330s] writing manifest file '../../build/py_pubsub/py_pubsub.egg-info/SOURCES.txt'
[1.330s] running build
[1.331s] running build_py
[1.331s] running install
[1.331s] running install_lib
[1.332s] running install_data
[1.332s] running install_egg_info
[1.333s] removing '/home/fatih/ros2_ws/install/py_pubsub/lib/python3.10/site-packages/py_pubsub-0.0.0-py3.10.egg-info' (and everything under it)
[1.333s] Copying ../../build/py_pubsub/py_pubsub.egg-info to /home/fatih/ros2_ws/install/py_pubsub/lib/python3.10/site-packages/py_pubsub-0.0.0-py3.10.egg-info
[1.334s] running install_scripts
[1.350s] Installing listener script to /home/fatih/ros2_ws/install/py_pubsub/lib/py_pubsub
[1.350s] Installing talker script to /home/fatih/ros2_ws/install/py_pubsub/lib/py_pubsub
[1.350s] writing list of installed files to '/home/fatih/ros2_ws/build/py_pubsub/install.log'
[1.393s] Invoked command in '/home/fatih/ros2_ws/src/py_pubsub' returned '0': PYTHONPATH=/home/fatih/ros2_ws/build/py_pubsub/prefix_override:/usr/lib/python3/dist-packages/colcon_core/task/python/colcon_distutils_commands:/home/fatih/ros2_ws/install/py_pubsub/lib/python3.10/site-packages:${PYTHONPATH} /usr/bin/python3 -W ignore:setup.py install is deprecated setup.py egg_info --egg-base ../../build/py_pubsub build --build-base /home/fatih/ros2_ws/build/py_pubsub/build install --record /home/fatih/ros2_ws/build/py_pubsub/install.log --single-version-externally-managed install_data
