[1.537s] Invoking command in '/home/fatih/ros2_ws/build/examples_rclpy_executors': PYTHONPATH=/home/fatih/ros2_ws/build/examples_rclpy_executors/prefix_override:/usr/lib/python3/dist-packages/colcon_core/task/python/colcon_distutils_commands:/home/fatih/ros2_ws/install/examples_rclpy_executors/lib/python3.10/site-packages:${PYTHONPATH} /usr/bin/python3 -W ignore:setup.py install is deprecated setup.py develop --editable --build-directory /home/fatih/ros2_ws/build/examples_rclpy_executors/build --no-deps symlink_data
[2.141s] running develop
[2.496s] running egg_info
[2.496s] creating examples_rclpy_executors.egg-info
[2.497s] writing examples_rclpy_executors.egg-info/PKG-INFO
[2.497s] writing dependency_links to examples_rclpy_executors.egg-info/dependency_links.txt
[2.497s] writing entry points to examples_rclpy_executors.egg-info/entry_points.txt
[2.498s] writing requirements to examples_rclpy_executors.egg-info/requires.txt
[2.498s] writing top-level names to examples_rclpy_executors.egg-info/top_level.txt
[2.500s] writing manifest file 'examples_rclpy_executors.egg-info/SOURCES.txt'
[2.502s] reading manifest file 'examples_rclpy_executors.egg-info/SOURCES.txt'
[2.502s] writing manifest file 'examples_rclpy_executors.egg-info/SOURCES.txt'
[2.504s] running build_ext
[2.504s] Creating /home/fatih/ros2_ws/install/examples_rclpy_executors/lib/python3.10/site-packages/examples-rclpy-executors.egg-link (link to .)
[2.506s] Installing callback_group script to /home/fatih/ros2_ws/install/examples_rclpy_executors/lib/examples_rclpy_executors
[2.506s] Installing composed script to /home/fatih/ros2_ws/install/examples_rclpy_executors/lib/examples_rclpy_executors
[2.506s] Installing custom_callback_group script to /home/fatih/ros2_ws/install/examples_rclpy_executors/lib/examples_rclpy_executors
[2.506s] Installing custom_executor script to /home/fatih/ros2_ws/install/examples_rclpy_executors/lib/examples_rclpy_executors
[2.506s] Installing listener script to /home/fatih/ros2_ws/install/examples_rclpy_executors/lib/examples_rclpy_executors
[2.506s] Installing talker script to /home/fatih/ros2_ws/install/examples_rclpy_executors/lib/examples_rclpy_executors
[2.507s] 
[2.509s] Installed /home/fatih/ros2_ws/build/examples_rclpy_executors
[2.509s] running symlink_data
[2.509s] creating /home/fatih/ros2_ws/install/examples_rclpy_executors/share/ament_index
[2.509s] creating /home/fatih/ros2_ws/install/examples_rclpy_executors/share/ament_index/resource_index
[2.510s] creating /home/fatih/ros2_ws/install/examples_rclpy_executors/share/ament_index/resource_index/packages
[2.510s] symbolically linking /home/fatih/ros2_ws/build/examples_rclpy_executors/resource/examples_rclpy_executors -> /home/fatih/ros2_ws/install/examples_rclpy_executors/share/ament_index/resource_index/packages
[2.510s] symbolically linking /home/fatih/ros2_ws/build/examples_rclpy_executors/package.xml -> /home/fatih/ros2_ws/install/examples_rclpy_executors/share/examples_rclpy_executors
[2.595s] Invoked command in '/home/fatih/ros2_ws/build/examples_rclpy_executors' returned '0': PYTHONPATH=/home/fatih/ros2_ws/build/examples_rclpy_executors/prefix_override:/usr/lib/python3/dist-packages/colcon_core/task/python/colcon_distutils_commands:/home/fatih/ros2_ws/install/examples_rclpy_executors/lib/python3.10/site-packages:${PYTHONPATH} /usr/bin/python3 -W ignore:setup.py install is deprecated setup.py develop --editable --build-directory /home/fatih/ros2_ws/build/examples_rclpy_executors/build --no-deps symlink_data
