[1.702s] Invoking command in '/home/fatih/ros2_ws/src/examples/rclpy/services/minimal_service': PYTHONPATH=/home/fatih/ros2_ws/build/examples_rclpy_minimal_service/prefix_override:/usr/lib/python3/dist-packages/colcon_core/task/python/colcon_distutils_commands:/home/fatih/ros2_ws/install/examples_rclpy_minimal_service/lib/python3.10/site-packages:${PYTHONPATH} /usr/bin/python3 -W ignore:setup.py install is deprecated setup.py egg_info --egg-base ../../../../../build/examples_rclpy_minimal_service build --build-base /home/fatih/ros2_ws/build/examples_rclpy_minimal_service/build install --record /home/fatih/ros2_ws/build/examples_rclpy_minimal_service/install.log --single-version-externally-managed install_data
[2.238s] running egg_info
[2.239s] writing ../../../../../build/examples_rclpy_minimal_service/examples_rclpy_minimal_service.egg-info/PKG-INFO
[2.239s] writing dependency_links to ../../../../../build/examples_rclpy_minimal_service/examples_rclpy_minimal_service.egg-info/dependency_links.txt
[2.239s] writing entry points to ../../../../../build/examples_rclpy_minimal_service/examples_rclpy_minimal_service.egg-info/entry_points.txt
[2.239s] writing requirements to ../../../../../build/examples_rclpy_minimal_service/examples_rclpy_minimal_service.egg-info/requires.txt
[2.239s] writing top-level names to ../../../../../build/examples_rclpy_minimal_service/examples_rclpy_minimal_service.egg-info/top_level.txt
[2.244s] reading manifest file '../../../../../build/examples_rclpy_minimal_service/examples_rclpy_minimal_service.egg-info/SOURCES.txt'
[2.245s] writing manifest file '../../../../../build/examples_rclpy_minimal_service/examples_rclpy_minimal_service.egg-info/SOURCES.txt'
[2.245s] running build
[2.245s] running build_py
[2.245s] running install
[2.245s] running install_lib
[2.248s] running install_data
[2.248s] running install_egg_info
[2.251s] removing '/home/fatih/ros2_ws/install/examples_rclpy_minimal_service/lib/python3.10/site-packages/examples_rclpy_minimal_service-0.15.2-py3.10.egg-info' (and everything under it)
[2.252s] Copying ../../../../../build/examples_rclpy_minimal_service/examples_rclpy_minimal_service.egg-info to /home/fatih/ros2_ws/install/examples_rclpy_minimal_service/lib/python3.10/site-packages/examples_rclpy_minimal_service-0.15.2-py3.10.egg-info
[2.253s] running install_scripts
[2.289s] Installing service script to /home/fatih/ros2_ws/install/examples_rclpy_minimal_service/lib/examples_rclpy_minimal_service
[2.289s] Installing service_member_function script to /home/fatih/ros2_ws/install/examples_rclpy_minimal_service/lib/examples_rclpy_minimal_service
[2.290s] writing list of installed files to '/home/fatih/ros2_ws/build/examples_rclpy_minimal_service/install.log'
[2.339s] Invoked command in '/home/fatih/ros2_ws/src/examples/rclpy/services/minimal_service' returned '0': PYTHONPATH=/home/fatih/ros2_ws/build/examples_rclpy_minimal_service/prefix_override:/usr/lib/python3/dist-packages/colcon_core/task/python/colcon_distutils_commands:/home/fatih/ros2_ws/install/examples_rclpy_minimal_service/lib/python3.10/site-packages:${PYTHONPATH} /usr/bin/python3 -W ignore:setup.py install is deprecated setup.py egg_info --egg-base ../../../../../build/examples_rclpy_minimal_service build --build-base /home/fatih/ros2_ws/build/examples_rclpy_minimal_service/build install --record /home/fatih/ros2_ws/build/examples_rclpy_minimal_service/install.log --single-version-externally-managed install_data
