[0.652s] Invoking command in '/home/fatih/ros2_ws/build/turtlesim': CMAKE_PREFIX_PATH=${CMAKE_PREFIX_PATH}:/home/fatih/ros2_ws/install/launch_testing_examples:/home/fatih/ros2_ws/install/examples_rclpy_pointcloud_publisher:/home/fatih/ros2_ws/install/examples_rclpy_minimal_subscriber:/home/fatih/ros2_ws/install/examples_rclpy_minimal_service:/home/fatih/ros2_ws/install/examples_rclpy_minimal_publisher:/home/fatih/ros2_ws/install/examples_rclpy_minimal_client:/home/fatih/ros2_ws/install/examples_rclpy_minimal_action_server:/home/fatih/ros2_ws/install/examples_rclpy_minimal_action_client:/home/fatih/ros2_ws/install/examples_rclpy_guard_conditions:/home/fatih/ros2_ws/install/examples_rclpy_executors:/home/fatih/Desktop/ros2_ws/install/my_py_pkg:/opt/ros/humble /usr/bin/cmake --build /home/fatih/ros2_ws/build/turtlesim -- -j8 -l8
[0.695s] [35m[1mConsolidate compiler generated dependencies of target turtlesim__rosidl_generator_c[0m
[0.704s] [  1%] Built target turtlesim__cpp
[0.710s] [ 11%] Built target turtlesim__rosidl_generator_c
[0.722s] [35m[1mConsolidate compiler generated dependencies of target turtlesim__rosidl_typesupport_cpp[0m
[0.733s] [ 11%] Built target ament_cmake_python_copy_turtlesim
[0.739s] [35m[1mConsolidate compiler generated dependencies of target turtlesim__rosidl_typesupport_fastrtps_cpp[0m
[0.741s] [35m[1mConsolidate compiler generated dependencies of target turtlesim__rosidl_typesupport_introspection_c[0m
[0.747s] [35m[1mConsolidate compiler generated dependencies of target turtlesim__rosidl_typesupport_introspection_cpp[0m
[0.749s] [35m[1mConsolidate compiler generated dependencies of target turtlesim__rosidl_typesupport_c[0m
[0.753s] [35m[1mConsolidate compiler generated dependencies of target turtlesim__rosidl_typesupport_fastrtps_c[0m
[0.769s] [ 21%] Built target turtlesim__rosidl_typesupport_cpp
[0.776s] [ 31%] Built target turtlesim__rosidl_typesupport_introspection_c
[0.784s] [ 41%] Built target turtlesim__rosidl_typesupport_introspection_cpp
[0.785s] [ 51%] Built target turtlesim__rosidl_typesupport_fastrtps_cpp
[0.792s] [ 61%] Built target turtlesim__rosidl_typesupport_fastrtps_c
[0.793s] [ 71%] Built target turtlesim__rosidl_typesupport_c
[0.807s] [35m[1mConsolidate compiler generated dependencies of target mimic[0m
[0.808s] [35m[1mConsolidate compiler generated dependencies of target draw_square[0m
[0.808s] [35m[1mConsolidate compiler generated dependencies of target turtle_teleop_key[0m
[0.814s] [35m[1mConsolidate compiler generated dependencies of target turtlesim_node[0m
[0.829s] [ 71%] Built target turtlesim
[0.843s] [ 73%] Built target draw_square
[0.859s] [ 75%] Built target mimic
[0.861s] [ 77%] Built target turtle_teleop_key
[0.874s] [ 78%] [32mBuilding CXX object CMakeFiles/turtlesim_node.dir/src/turtle_frame.cpp.o[0m
[0.888s] [ 79%] Built target turtlesim__py
[0.920s] [35m[1mConsolidate compiler generated dependencies of target turtlesim__rosidl_generator_py[0m
[0.968s] [ 88%] Built target turtlesim__rosidl_generator_py
[0.994s] [35m[1mConsolidate compiler generated dependencies of target turtlesim__rosidl_typesupport_introspection_c__pyext[0m
[0.994s] [35m[1mConsolidate compiler generated dependencies of target turtlesim__rosidl_typesupport_fastrtps_c__pyext[0m
[0.994s] [35m[1mConsolidate compiler generated dependencies of target turtlesim__rosidl_typesupport_c__pyext[0m
[1.026s] [ 90%] Built target turtlesim__rosidl_typesupport_c__pyext
[1.027s] [ 92%] Built target turtlesim__rosidl_typesupport_introspection_c__pyext
[1.036s] [ 94%] Built target turtlesim__rosidl_typesupport_fastrtps_c__pyext
[1.283s] running egg_info
[1.284s] writing turtlesim.egg-info/PKG-INFO
[1.284s] writing dependency_links to turtlesim.egg-info/dependency_links.txt
[1.284s] writing top-level names to turtlesim.egg-info/top_level.txt
[1.287s] reading manifest file 'turtlesim.egg-info/SOURCES.txt'
[1.287s] writing manifest file 'turtlesim.egg-info/SOURCES.txt'
[1.316s] [ 94%] Built target ament_cmake_python_build_turtlesim_egg
[10.218s] [ 95%] [32m[1mLinking CXX executable turtlesim_node[0m
[11.975s] [100%] Built target turtlesim_node
[11.985s] Invoked command in '/home/fatih/ros2_ws/build/turtlesim' returned '0': CMAKE_PREFIX_PATH=${CMAKE_PREFIX_PATH}:/home/fatih/ros2_ws/install/launch_testing_examples:/home/fatih/ros2_ws/install/examples_rclpy_pointcloud_publisher:/home/fatih/ros2_ws/install/examples_rclpy_minimal_subscriber:/home/fatih/ros2_ws/install/examples_rclpy_minimal_service:/home/fatih/ros2_ws/install/examples_rclpy_minimal_publisher:/home/fatih/ros2_ws/install/examples_rclpy_minimal_client:/home/fatih/ros2_ws/install/examples_rclpy_minimal_action_server:/home/fatih/ros2_ws/install/examples_rclpy_minimal_action_client:/home/fatih/ros2_ws/install/examples_rclpy_guard_conditions:/home/fatih/ros2_ws/install/examples_rclpy_executors:/home/fatih/Desktop/ros2_ws/install/my_py_pkg:/opt/ros/humble /usr/bin/cmake --build /home/fatih/ros2_ws/build/turtlesim -- -j8 -l8
[12.117s] Invoking command in '/home/fatih/ros2_ws/build/turtlesim': CMAKE_PREFIX_PATH=${CMAKE_PREFIX_PATH}:/home/fatih/ros2_ws/install/launch_testing_examples:/home/fatih/ros2_ws/install/examples_rclpy_pointcloud_publisher:/home/fatih/ros2_ws/install/examples_rclpy_minimal_subscriber:/home/fatih/ros2_ws/install/examples_rclpy_minimal_service:/home/fatih/ros2_ws/install/examples_rclpy_minimal_publisher:/home/fatih/ros2_ws/install/examples_rclpy_minimal_client:/home/fatih/ros2_ws/install/examples_rclpy_minimal_action_server:/home/fatih/ros2_ws/install/examples_rclpy_minimal_action_client:/home/fatih/ros2_ws/install/examples_rclpy_guard_conditions:/home/fatih/ros2_ws/install/examples_rclpy_executors:/home/fatih/Desktop/ros2_ws/install/my_py_pkg:/opt/ros/humble /usr/bin/cmake --install /home/fatih/ros2_ws/build/turtlesim
[12.123s] -- Install configuration: ""
[12.123s] -- Up-to-date: /home/fatih/ros2_ws/install/turtlesim/share/ament_index/resource_index/rosidl_interfaces/turtlesim
[12.123s] -- Up-to-date: /home/fatih/ros2_ws/install/turtlesim/include/turtlesim/turtlesim
[12.130s] -- Up-to-date: /home/fatih/ros2_ws/install/turtlesim/include/turtlesim/turtlesim/action
[12.130s] -- Up-to-date: /home/fatih/ros2_ws/install/turtlesim/include/turtlesim/turtlesim/action/rotate_absolute.h
[12.130s] -- Up-to-date: /home/fatih/ros2_ws/install/turtlesim/include/turtlesim/turtlesim/action/detail
[12.131s] -- Up-to-date: /home/fatih/ros2_ws/install/turtlesim/include/turtlesim/turtlesim/action/detail/rotate_absolute__functions.c
[12.131s] -- Up-to-date: /home/fatih/ros2_ws/install/turtlesim/include/turtlesim/turtlesim/action/detail/rotate_absolute__struct.h
[12.131s] -- Up-to-date: /home/fatih/ros2_ws/install/turtlesim/include/turtlesim/turtlesim/action/detail/rotate_absolute__type_support.h
[12.131s] -- Up-to-date: /home/fatih/ros2_ws/install/turtlesim/include/turtlesim/turtlesim/action/detail/rotate_absolute__functions.h
[12.131s] -- Up-to-date: /home/fatih/ros2_ws/install/turtlesim/include/turtlesim/turtlesim/srv
[12.131s] -- Up-to-date: /home/fatih/ros2_ws/install/turtlesim/include/turtlesim/turtlesim/srv/detail
[12.131s] -- Up-to-date: /home/fatih/ros2_ws/install/turtlesim/include/turtlesim/turtlesim/srv/detail/kill__functions.c
[12.131s] -- Up-to-date: /home/fatih/ros2_ws/install/turtlesim/include/turtlesim/turtlesim/srv/detail/set_pen__struct.h
[12.131s] -- Up-to-date: /home/fatih/ros2_ws/install/turtlesim/include/turtlesim/turtlesim/srv/detail/set_pen__functions.h
[12.131s] -- Up-to-date: /home/fatih/ros2_ws/install/turtlesim/include/turtlesim/turtlesim/srv/detail/teleport_relative__type_support.h
[12.131s] -- Up-to-date: /home/fatih/ros2_ws/install/turtlesim/include/turtlesim/turtlesim/srv/detail/teleport_relative__functions.c
[12.132s] -- Up-to-date: /home/fatih/ros2_ws/install/turtlesim/include/turtlesim/turtlesim/srv/detail/teleport_absolute__functions.h
[12.132s] -- Up-to-date: /home/fatih/ros2_ws/install/turtlesim/include/turtlesim/turtlesim/srv/detail/set_pen__type_support.h
[12.132s] -- Up-to-date: /home/fatih/ros2_ws/install/turtlesim/include/turtlesim/turtlesim/srv/detail/kill__type_support.h
[12.132s] -- Up-to-date: /home/fatih/ros2_ws/install/turtlesim/include/turtlesim/turtlesim/srv/detail/kill__functions.h
[12.132s] -- Up-to-date: /home/fatih/ros2_ws/install/turtlesim/include/turtlesim/turtlesim/srv/detail/teleport_absolute__type_support.h
[12.132s] -- Up-to-date: /home/fatih/ros2_ws/install/turtlesim/include/turtlesim/turtlesim/srv/detail/set_pen__functions.c
[12.132s] -- Up-to-date: /home/fatih/ros2_ws/install/turtlesim/include/turtlesim/turtlesim/srv/detail/kill__struct.h
[12.132s] -- Up-to-date: /home/fatih/ros2_ws/install/turtlesim/include/turtlesim/turtlesim/srv/detail/spawn__functions.h
[12.132s] -- Up-to-date: /home/fatih/ros2_ws/install/turtlesim/include/turtlesim/turtlesim/srv/detail/spawn__struct.h
[12.132s] -- Up-to-date: /home/fatih/ros2_ws/install/turtlesim/include/turtlesim/turtlesim/srv/detail/teleport_absolute__functions.c
[12.132s] -- Up-to-date: /home/fatih/ros2_ws/install/turtlesim/include/turtlesim/turtlesim/srv/detail/spawn__functions.c
[12.133s] -- Up-to-date: /home/fatih/ros2_ws/install/turtlesim/include/turtlesim/turtlesim/srv/detail/teleport_relative__struct.h
[12.133s] -- Up-to-date: /home/fatih/ros2_ws/install/turtlesim/include/turtlesim/turtlesim/srv/detail/teleport_absolute__struct.h
[12.133s] -- Up-to-date: /home/fatih/ros2_ws/install/turtlesim/include/turtlesim/turtlesim/srv/detail/teleport_relative__functions.h
[12.133s] -- Up-to-date: /home/fatih/ros2_ws/install/turtlesim/include/turtlesim/turtlesim/srv/detail/spawn__type_support.h
[12.133s] -- Up-to-date: /home/fatih/ros2_ws/install/turtlesim/include/turtlesim/turtlesim/srv/teleport_absolute.h
[12.133s] -- Up-to-date: /home/fatih/ros2_ws/install/turtlesim/include/turtlesim/turtlesim/srv/kill.h
[12.133s] -- Up-to-date: /home/fatih/ros2_ws/install/turtlesim/include/turtlesim/turtlesim/srv/teleport_relative.h
[12.133s] -- Up-to-date: /home/fatih/ros2_ws/install/turtlesim/include/turtlesim/turtlesim/srv/set_pen.h
[12.133s] -- Up-to-date: /home/fatih/ros2_ws/install/turtlesim/include/turtlesim/turtlesim/srv/spawn.h
[12.133s] -- Up-to-date: /home/fatih/ros2_ws/install/turtlesim/include/turtlesim/turtlesim/msg
[12.133s] -- Up-to-date: /home/fatih/ros2_ws/install/turtlesim/include/turtlesim/turtlesim/msg/detail
[12.133s] -- Up-to-date: /home/fatih/ros2_ws/install/turtlesim/include/turtlesim/turtlesim/msg/detail/pose__functions.h
[12.133s] -- Up-to-date: /home/fatih/ros2_ws/install/turtlesim/include/turtlesim/turtlesim/msg/detail/pose__functions.c
[12.133s] -- Up-to-date: /home/fatih/ros2_ws/install/turtlesim/include/turtlesim/turtlesim/msg/detail/color__functions.c
[12.134s] -- Up-to-date: /home/fatih/ros2_ws/install/turtlesim/include/turtlesim/turtlesim/msg/detail/pose__type_support.h
[12.134s] -- Up-to-date: /home/fatih/ros2_ws/install/turtlesim/include/turtlesim/turtlesim/msg/detail/color__struct.h
[12.134s] -- Up-to-date: /home/fatih/ros2_ws/install/turtlesim/include/turtlesim/turtlesim/msg/detail/color__type_support.h
[12.134s] -- Up-to-date: /home/fatih/ros2_ws/install/turtlesim/include/turtlesim/turtlesim/msg/detail/color__functions.h
[12.134s] -- Up-to-date: /home/fatih/ros2_ws/install/turtlesim/include/turtlesim/turtlesim/msg/detail/pose__struct.h
[12.134s] -- Up-to-date: /home/fatih/ros2_ws/install/turtlesim/include/turtlesim/turtlesim/msg/color.h
[12.134s] -- Up-to-date: /home/fatih/ros2_ws/install/turtlesim/include/turtlesim/turtlesim/msg/rosidl_generator_c__visibility_control.h
[12.134s] -- Up-to-date: /home/fatih/ros2_ws/install/turtlesim/include/turtlesim/turtlesim/msg/pose.h
[12.134s] -- Up-to-date: /home/fatih/ros2_ws/install/turtlesim/share/turtlesim/environment/library_path.sh
[12.134s] -- Up-to-date: /home/fatih/ros2_ws/install/turtlesim/share/turtlesim/environment/library_path.dsv
[12.134s] -- Up-to-date: /home/fatih/ros2_ws/install/turtlesim/lib/libturtlesim__rosidl_generator_c.so
[12.134s] -- Up-to-date: /home/fatih/ros2_ws/install/turtlesim/include/turtlesim/turtlesim
[12.134s] -- Up-to-date: /home/fatih/ros2_ws/install/turtlesim/include/turtlesim/turtlesim/action
[12.134s] -- Up-to-date: /home/fatih/ros2_ws/install/turtlesim/include/turtlesim/turtlesim/action/detail
[12.135s] -- Up-to-date: /home/fatih/ros2_ws/install/turtlesim/include/turtlesim/turtlesim/action/detail/rotate_absolute__rosidl_typesupport_fastrtps_c.h
[12.135s] -- Up-to-date: /home/fatih/ros2_ws/install/turtlesim/include/turtlesim/turtlesim/srv
[12.135s] -- Up-to-date: /home/fatih/ros2_ws/install/turtlesim/include/turtlesim/turtlesim/srv/detail
[12.135s] -- Up-to-date: /home/fatih/ros2_ws/install/turtlesim/include/turtlesim/turtlesim/srv/detail/kill__rosidl_typesupport_fastrtps_c.h
[12.135s] -- Up-to-date: /home/fatih/ros2_ws/install/turtlesim/include/turtlesim/turtlesim/srv/detail/spawn__rosidl_typesupport_fastrtps_c.h
[12.135s] -- Up-to-date: /home/fatih/ros2_ws/install/turtlesim/include/turtlesim/turtlesim/srv/detail/teleport_absolute__rosidl_typesupport_fastrtps_c.h
[12.135s] -- Up-to-date: /home/fatih/ros2_ws/install/turtlesim/include/turtlesim/turtlesim/srv/detail/set_pen__rosidl_typesupport_fastrtps_c.h
[12.135s] -- Up-to-date: /home/fatih/ros2_ws/install/turtlesim/include/turtlesim/turtlesim/srv/detail/teleport_relative__rosidl_typesupport_fastrtps_c.h
[12.135s] -- Up-to-date: /home/fatih/ros2_ws/install/turtlesim/include/turtlesim/turtlesim/msg
[12.135s] -- Up-to-date: /home/fatih/ros2_ws/install/turtlesim/include/turtlesim/turtlesim/msg/rosidl_typesupport_fastrtps_c__visibility_control.h
[12.135s] -- Up-to-date: /home/fatih/ros2_ws/install/turtlesim/include/turtlesim/turtlesim/msg/detail
[12.136s] -- Up-to-date: /home/fatih/ros2_ws/install/turtlesim/include/turtlesim/turtlesim/msg/detail/color__rosidl_typesupport_fastrtps_c.h
[12.136s] -- Up-to-date: /home/fatih/ros2_ws/install/turtlesim/include/turtlesim/turtlesim/msg/detail/pose__rosidl_typesupport_fastrtps_c.h
[12.136s] -- Up-to-date: /home/fatih/ros2_ws/install/turtlesim/lib/libturtlesim__rosidl_typesupport_fastrtps_c.so
[12.136s] -- Up-to-date: /home/fatih/ros2_ws/install/turtlesim/include/turtlesim/turtlesim
[12.136s] -- Up-to-date: /home/fatih/ros2_ws/install/turtlesim/include/turtlesim/turtlesim/action
[12.136s] -- Up-to-date: /home/fatih/ros2_ws/install/turtlesim/include/turtlesim/turtlesim/action/detail
[12.136s] -- Up-to-date: /home/fatih/ros2_ws/install/turtlesim/include/turtlesim/turtlesim/action/detail/rotate_absolute__struct.hpp
[12.136s] -- Up-to-date: /home/fatih/ros2_ws/install/turtlesim/include/turtlesim/turtlesim/action/detail/rotate_absolute__traits.hpp
[12.136s] -- Up-to-date: /home/fatih/ros2_ws/install/turtlesim/include/turtlesim/turtlesim/action/detail/rotate_absolute__builder.hpp
[12.136s] -- Up-to-date: /home/fatih/ros2_ws/install/turtlesim/include/turtlesim/turtlesim/action/rotate_absolute.hpp
[12.136s] -- Up-to-date: /home/fatih/ros2_ws/install/turtlesim/include/turtlesim/turtlesim/srv
[12.136s] -- Up-to-date: /home/fatih/ros2_ws/install/turtlesim/include/turtlesim/turtlesim/srv/teleport_absolute.hpp
[12.136s] -- Up-to-date: /home/fatih/ros2_ws/install/turtlesim/include/turtlesim/turtlesim/srv/detail
[12.136s] -- Up-to-date: /home/fatih/ros2_ws/install/turtlesim/include/turtlesim/turtlesim/srv/detail/teleport_relative__struct.hpp
[12.137s] -- Up-to-date: /home/fatih/ros2_ws/install/turtlesim/include/turtlesim/turtlesim/srv/detail/teleport_absolute__traits.hpp
[12.137s] -- Up-to-date: /home/fatih/ros2_ws/install/turtlesim/include/turtlesim/turtlesim/srv/detail/set_pen__traits.hpp
[12.137s] -- Up-to-date: /home/fatih/ros2_ws/install/turtlesim/include/turtlesim/turtlesim/srv/detail/teleport_absolute__builder.hpp
[12.137s] -- Up-to-date: /home/fatih/ros2_ws/install/turtlesim/include/turtlesim/turtlesim/srv/detail/spawn__builder.hpp
[12.137s] -- Up-to-date: /home/fatih/ros2_ws/install/turtlesim/include/turtlesim/turtlesim/srv/detail/spawn__traits.hpp
[12.137s] -- Up-to-date: /home/fatih/ros2_ws/install/turtlesim/include/turtlesim/turtlesim/srv/detail/kill__traits.hpp
[12.137s] -- Up-to-date: /home/fatih/ros2_ws/install/turtlesim/include/turtlesim/turtlesim/srv/detail/set_pen__struct.hpp
[12.137s] -- Up-to-date: /home/fatih/ros2_ws/install/turtlesim/include/turtlesim/turtlesim/srv/detail/teleport_relative__builder.hpp
[12.137s] -- Up-to-date: /home/fatih/ros2_ws/install/turtlesim/include/turtlesim/turtlesim/srv/detail/teleport_absolute__struct.hpp
[12.137s] -- Up-to-date: /home/fatih/ros2_ws/install/turtlesim/include/turtlesim/turtlesim/srv/detail/teleport_relative__traits.hpp
[12.137s] -- Up-to-date: /home/fatih/ros2_ws/install/turtlesim/include/turtlesim/turtlesim/srv/detail/set_pen__builder.hpp
[12.137s] -- Up-to-date: /home/fatih/ros2_ws/install/turtlesim/include/turtlesim/turtlesim/srv/detail/spawn__struct.hpp
[12.137s] -- Up-to-date: /home/fatih/ros2_ws/install/turtlesim/include/turtlesim/turtlesim/srv/detail/kill__builder.hpp
[12.137s] -- Up-to-date: /home/fatih/ros2_ws/install/turtlesim/include/turtlesim/turtlesim/srv/detail/kill__struct.hpp
[12.137s] -- Up-to-date: /home/fatih/ros2_ws/install/turtlesim/include/turtlesim/turtlesim/srv/kill.hpp
[12.138s] -- Up-to-date: /home/fatih/ros2_ws/install/turtlesim/include/turtlesim/turtlesim/srv/spawn.hpp
[12.138s] -- Up-to-date: /home/fatih/ros2_ws/install/turtlesim/include/turtlesim/turtlesim/srv/set_pen.hpp
[12.138s] -- Up-to-date: /home/fatih/ros2_ws/install/turtlesim/include/turtlesim/turtlesim/srv/teleport_relative.hpp
[12.138s] -- Up-to-date: /home/fatih/ros2_ws/install/turtlesim/include/turtlesim/turtlesim/msg
[12.138s] -- Up-to-date: /home/fatih/ros2_ws/install/turtlesim/include/turtlesim/turtlesim/msg/pose.hpp
[12.138s] -- Up-to-date: /home/fatih/ros2_ws/install/turtlesim/include/turtlesim/turtlesim/msg/detail
[12.138s] -- Up-to-date: /home/fatih/ros2_ws/install/turtlesim/include/turtlesim/turtlesim/msg/detail/color__struct.hpp
[12.138s] -- Up-to-date: /home/fatih/ros2_ws/install/turtlesim/include/turtlesim/turtlesim/msg/detail/pose__builder.hpp
[12.138s] -- Up-to-date: /home/fatih/ros2_ws/install/turtlesim/include/turtlesim/turtlesim/msg/detail/pose__struct.hpp
[12.138s] -- Up-to-date: /home/fatih/ros2_ws/install/turtlesim/include/turtlesim/turtlesim/msg/detail/pose__traits.hpp
[12.138s] -- Up-to-date: /home/fatih/ros2_ws/install/turtlesim/include/turtlesim/turtlesim/msg/detail/color__builder.hpp
[12.138s] -- Up-to-date: /home/fatih/ros2_ws/install/turtlesim/include/turtlesim/turtlesim/msg/detail/color__traits.hpp
[12.138s] -- Up-to-date: /home/fatih/ros2_ws/install/turtlesim/include/turtlesim/turtlesim/msg/color.hpp
[12.138s] -- Up-to-date: /home/fatih/ros2_ws/install/turtlesim/include/turtlesim/turtlesim
[12.139s] -- Up-to-date: /home/fatih/ros2_ws/install/turtlesim/include/turtlesim/turtlesim/action
[12.139s] -- Up-to-date: /home/fatih/ros2_ws/install/turtlesim/include/turtlesim/turtlesim/action/detail
[12.139s] -- Up-to-date: /home/fatih/ros2_ws/install/turtlesim/include/turtlesim/turtlesim/action/detail/dds_fastrtps
[12.139s] -- Up-to-date: /home/fatih/ros2_ws/install/turtlesim/include/turtlesim/turtlesim/action/detail/rotate_absolute__rosidl_typesupport_fastrtps_cpp.hpp
[12.139s] -- Up-to-date: /home/fatih/ros2_ws/install/turtlesim/include/turtlesim/turtlesim/srv
[12.139s] -- Up-to-date: /home/fatih/ros2_ws/install/turtlesim/include/turtlesim/turtlesim/srv/detail
[12.139s] -- Up-to-date: /home/fatih/ros2_ws/install/turtlesim/include/turtlesim/turtlesim/srv/detail/teleport_absolute__rosidl_typesupport_fastrtps_cpp.hpp
[12.139s] -- Up-to-date: /home/fatih/ros2_ws/install/turtlesim/include/turtlesim/turtlesim/srv/detail/set_pen__rosidl_typesupport_fastrtps_cpp.hpp
[12.139s] -- Up-to-date: /home/fatih/ros2_ws/install/turtlesim/include/turtlesim/turtlesim/srv/detail/teleport_relative__rosidl_typesupport_fastrtps_cpp.hpp
[12.139s] -- Up-to-date: /home/fatih/ros2_ws/install/turtlesim/include/turtlesim/turtlesim/srv/detail/kill__rosidl_typesupport_fastrtps_cpp.hpp
[12.139s] -- Up-to-date: /home/fatih/ros2_ws/install/turtlesim/include/turtlesim/turtlesim/srv/detail/dds_fastrtps
[12.139s] -- Up-to-date: /home/fatih/ros2_ws/install/turtlesim/include/turtlesim/turtlesim/srv/detail/spawn__rosidl_typesupport_fastrtps_cpp.hpp
[12.140s] -- Up-to-date: /home/fatih/ros2_ws/install/turtlesim/include/turtlesim/turtlesim/msg
[12.140s] -- Up-to-date: /home/fatih/ros2_ws/install/turtlesim/include/turtlesim/turtlesim/msg/detail
[12.140s] -- Up-to-date: /home/fatih/ros2_ws/install/turtlesim/include/turtlesim/turtlesim/msg/detail/pose__rosidl_typesupport_fastrtps_cpp.hpp
[12.140s] -- Up-to-date: /home/fatih/ros2_ws/install/turtlesim/include/turtlesim/turtlesim/msg/detail/dds_fastrtps
[12.140s] -- Up-to-date: /home/fatih/ros2_ws/install/turtlesim/include/turtlesim/turtlesim/msg/detail/color__rosidl_typesupport_fastrtps_cpp.hpp
[12.140s] -- Up-to-date: /home/fatih/ros2_ws/install/turtlesim/include/turtlesim/turtlesim/msg/rosidl_typesupport_fastrtps_cpp__visibility_control.h
[12.140s] -- Up-to-date: /home/fatih/ros2_ws/install/turtlesim/lib/libturtlesim__rosidl_typesupport_fastrtps_cpp.so
[12.140s] -- Up-to-date: /home/fatih/ros2_ws/install/turtlesim/include/turtlesim/turtlesim
[12.140s] -- Up-to-date: /home/fatih/ros2_ws/install/turtlesim/include/turtlesim/turtlesim/action
[12.140s] -- Up-to-date: /home/fatih/ros2_ws/install/turtlesim/include/turtlesim/turtlesim/action/detail
[12.140s] -- Up-to-date: /home/fatih/ros2_ws/install/turtlesim/include/turtlesim/turtlesim/action/detail/rotate_absolute__type_support.c
[12.140s] -- Up-to-date: /home/fatih/ros2_ws/install/turtlesim/include/turtlesim/turtlesim/action/detail/rotate_absolute__rosidl_typesupport_introspection_c.h
[12.140s] -- Up-to-date: /home/fatih/ros2_ws/install/turtlesim/include/turtlesim/turtlesim/srv
[12.141s] -- Up-to-date: /home/fatih/ros2_ws/install/turtlesim/include/turtlesim/turtlesim/srv/detail
[12.141s] -- Up-to-date: /home/fatih/ros2_ws/install/turtlesim/include/turtlesim/turtlesim/srv/detail/set_pen__type_support.c
[12.141s] -- Up-to-date: /home/fatih/ros2_ws/install/turtlesim/include/turtlesim/turtlesim/srv/detail/teleport_relative__rosidl_typesupport_introspection_c.h
[12.141s] -- Up-to-date: /home/fatih/ros2_ws/install/turtlesim/include/turtlesim/turtlesim/srv/detail/teleport_relative__type_support.c
[12.141s] -- Up-to-date: /home/fatih/ros2_ws/install/turtlesim/include/turtlesim/turtlesim/srv/detail/kill__rosidl_typesupport_introspection_c.h
[12.141s] -- Up-to-date: /home/fatih/ros2_ws/install/turtlesim/include/turtlesim/turtlesim/srv/detail/kill__type_support.c
[12.141s] -- Up-to-date: /home/fatih/ros2_ws/install/turtlesim/include/turtlesim/turtlesim/srv/detail/set_pen__rosidl_typesupport_introspection_c.h
[12.141s] -- Up-to-date: /home/fatih/ros2_ws/install/turtlesim/include/turtlesim/turtlesim/srv/detail/teleport_absolute__rosidl_typesupport_introspection_c.h
[12.141s] -- Up-to-date: /home/fatih/ros2_ws/install/turtlesim/include/turtlesim/turtlesim/srv/detail/spawn__type_support.c
[12.141s] -- Up-to-date: /home/fatih/ros2_ws/install/turtlesim/include/turtlesim/turtlesim/srv/detail/spawn__rosidl_typesupport_introspection_c.h
[12.141s] -- Up-to-date: /home/fatih/ros2_ws/install/turtlesim/include/turtlesim/turtlesim/srv/detail/teleport_absolute__type_support.c
[12.141s] -- Up-to-date: /home/fatih/ros2_ws/install/turtlesim/include/turtlesim/turtlesim/msg
[12.142s] -- Up-to-date: /home/fatih/ros2_ws/install/turtlesim/include/turtlesim/turtlesim/msg/detail
[12.142s] -- Up-to-date: /home/fatih/ros2_ws/install/turtlesim/include/turtlesim/turtlesim/msg/detail/pose__rosidl_typesupport_introspection_c.h
[12.142s] -- Up-to-date: /home/fatih/ros2_ws/install/turtlesim/include/turtlesim/turtlesim/msg/detail/pose__type_support.c
[12.142s] -- Up-to-date: /home/fatih/ros2_ws/install/turtlesim/include/turtlesim/turtlesim/msg/detail/color__rosidl_typesupport_introspection_c.h
[12.142s] -- Up-to-date: /home/fatih/ros2_ws/install/turtlesim/include/turtlesim/turtlesim/msg/detail/color__type_support.c
[12.142s] -- Up-to-date: /home/fatih/ros2_ws/install/turtlesim/include/turtlesim/turtlesim/msg/rosidl_typesupport_introspection_c__visibility_control.h
[12.142s] -- Up-to-date: /home/fatih/ros2_ws/install/turtlesim/lib/libturtlesim__rosidl_typesupport_introspection_c.so
[12.142s] -- Up-to-date: /home/fatih/ros2_ws/install/turtlesim/lib/libturtlesim__rosidl_typesupport_c.so
[12.142s] -- Up-to-date: /home/fatih/ros2_ws/install/turtlesim/include/turtlesim/turtlesim
[12.142s] -- Up-to-date: /home/fatih/ros2_ws/install/turtlesim/include/turtlesim/turtlesim/action
[12.142s] -- Up-to-date: /home/fatih/ros2_ws/install/turtlesim/include/turtlesim/turtlesim/action/detail
[12.143s] -- Up-to-date: /home/fatih/ros2_ws/install/turtlesim/include/turtlesim/turtlesim/action/detail/rotate_absolute__rosidl_typesupport_introspection_cpp.hpp
[12.143s] -- Up-to-date: /home/fatih/ros2_ws/install/turtlesim/include/turtlesim/turtlesim/action/detail/rotate_absolute__type_support.cpp
[12.143s] -- Up-to-date: /home/fatih/ros2_ws/install/turtlesim/include/turtlesim/turtlesim/srv
[12.143s] -- Up-to-date: /home/fatih/ros2_ws/install/turtlesim/include/turtlesim/turtlesim/srv/detail
[12.143s] -- Up-to-date: /home/fatih/ros2_ws/install/turtlesim/include/turtlesim/turtlesim/srv/detail/teleport_relative__type_support.cpp
[12.143s] -- Up-to-date: /home/fatih/ros2_ws/install/turtlesim/include/turtlesim/turtlesim/srv/detail/teleport_absolute__type_support.cpp
[12.143s] -- Up-to-date: /home/fatih/ros2_ws/install/turtlesim/include/turtlesim/turtlesim/srv/detail/kill__rosidl_typesupport_introspection_cpp.hpp
[12.143s] -- Up-to-date: /home/fatih/ros2_ws/install/turtlesim/include/turtlesim/turtlesim/srv/detail/set_pen__rosidl_typesupport_introspection_cpp.hpp
[12.143s] -- Up-to-date: /home/fatih/ros2_ws/install/turtlesim/include/turtlesim/turtlesim/srv/detail/teleport_absolute__rosidl_typesupport_introspection_cpp.hpp
[12.144s] -- Up-to-date: /home/fatih/ros2_ws/install/turtlesim/include/turtlesim/turtlesim/srv/detail/spawn__type_support.cpp
[12.144s] -- Up-to-date: /home/fatih/ros2_ws/install/turtlesim/include/turtlesim/turtlesim/srv/detail/set_pen__type_support.cpp
[12.144s] -- Up-to-date: /home/fatih/ros2_ws/install/turtlesim/include/turtlesim/turtlesim/srv/detail/teleport_relative__rosidl_typesupport_introspection_cpp.hpp
[12.144s] -- Up-to-date: /home/fatih/ros2_ws/install/turtlesim/include/turtlesim/turtlesim/srv/detail/spawn__rosidl_typesupport_introspection_cpp.hpp
[12.144s] -- Up-to-date: /home/fatih/ros2_ws/install/turtlesim/include/turtlesim/turtlesim/srv/detail/kill__type_support.cpp
[12.144s] -- Up-to-date: /home/fatih/ros2_ws/install/turtlesim/include/turtlesim/turtlesim/msg
[12.144s] -- Up-to-date: /home/fatih/ros2_ws/install/turtlesim/include/turtlesim/turtlesim/msg/detail
[12.144s] -- Up-to-date: /home/fatih/ros2_ws/install/turtlesim/include/turtlesim/turtlesim/msg/detail/color__type_support.cpp
[12.144s] -- Up-to-date: /home/fatih/ros2_ws/install/turtlesim/include/turtlesim/turtlesim/msg/detail/pose__rosidl_typesupport_introspection_cpp.hpp
[12.144s] -- Up-to-date: /home/fatih/ros2_ws/install/turtlesim/include/turtlesim/turtlesim/msg/detail/pose__type_support.cpp
[12.144s] -- Up-to-date: /home/fatih/ros2_ws/install/turtlesim/include/turtlesim/turtlesim/msg/detail/color__rosidl_typesupport_introspection_cpp.hpp
[12.144s] -- Up-to-date: /home/fatih/ros2_ws/install/turtlesim/lib/libturtlesim__rosidl_typesupport_introspection_cpp.so
[12.144s] -- Up-to-date: /home/fatih/ros2_ws/install/turtlesim/lib/libturtlesim__rosidl_typesupport_cpp.so
[12.144s] -- Up-to-date: /home/fatih/ros2_ws/install/turtlesim/share/turtlesim/environment/pythonpath.sh
[12.144s] -- Up-to-date: /home/fatih/ros2_ws/install/turtlesim/share/turtlesim/environment/pythonpath.dsv
[12.144s] -- Up-to-date: /home/fatih/ros2_ws/install/turtlesim/local/lib/python3.10/dist-packages/turtlesim-1.4.2-py3.10.egg-info
[12.144s] -- Installing: /home/fatih/ros2_ws/install/turtlesim/local/lib/python3.10/dist-packages/turtlesim-1.4.2-py3.10.egg-info/PKG-INFO
[12.144s] -- Installing: /home/fatih/ros2_ws/install/turtlesim/local/lib/python3.10/dist-packages/turtlesim-1.4.2-py3.10.egg-info/top_level.txt
[12.144s] -- Installing: /home/fatih/ros2_ws/install/turtlesim/local/lib/python3.10/dist-packages/turtlesim-1.4.2-py3.10.egg-info/dependency_links.txt
[12.144s] -- Installing: /home/fatih/ros2_ws/install/turtlesim/local/lib/python3.10/dist-packages/turtlesim-1.4.2-py3.10.egg-info/SOURCES.txt
[12.145s] -- Up-to-date: /home/fatih/ros2_ws/install/turtlesim/local/lib/python3.10/dist-packages/turtlesim
[12.145s] -- Up-to-date: /home/fatih/ros2_ws/install/turtlesim/local/lib/python3.10/dist-packages/turtlesim/__init__.py
[12.145s] -- Up-to-date: /home/fatih/ros2_ws/install/turtlesim/local/lib/python3.10/dist-packages/turtlesim/action
[12.145s] -- Up-to-date: /home/fatih/ros2_ws/install/turtlesim/local/lib/python3.10/dist-packages/turtlesim/action/__init__.py
[12.145s] -- Up-to-date: /home/fatih/ros2_ws/install/turtlesim/local/lib/python3.10/dist-packages/turtlesim/action/_rotate_absolute_s.c
[12.145s] -- Up-to-date: /home/fatih/ros2_ws/install/turtlesim/local/lib/python3.10/dist-packages/turtlesim/action/_rotate_absolute.py
[12.145s] -- Up-to-date: /home/fatih/ros2_ws/install/turtlesim/local/lib/python3.10/dist-packages/turtlesim/srv
[12.145s] -- Up-to-date: /home/fatih/ros2_ws/install/turtlesim/local/lib/python3.10/dist-packages/turtlesim/srv/__init__.py
[12.145s] -- Up-to-date: /home/fatih/ros2_ws/install/turtlesim/local/lib/python3.10/dist-packages/turtlesim/srv/_teleport_absolute.py
[12.145s] -- Up-to-date: /home/fatih/ros2_ws/install/turtlesim/local/lib/python3.10/dist-packages/turtlesim/srv/_spawn_s.c
[12.145s] -- Up-to-date: /home/fatih/ros2_ws/install/turtlesim/local/lib/python3.10/dist-packages/turtlesim/srv/_kill_s.c
[12.145s] -- Up-to-date: /home/fatih/ros2_ws/install/turtlesim/local/lib/python3.10/dist-packages/turtlesim/srv/_set_pen.py
[12.145s] -- Up-to-date: /home/fatih/ros2_ws/install/turtlesim/local/lib/python3.10/dist-packages/turtlesim/srv/_teleport_relative.py
[12.145s] -- Up-to-date: /home/fatih/ros2_ws/install/turtlesim/local/lib/python3.10/dist-packages/turtlesim/srv/_teleport_absolute_s.c
[12.145s] -- Up-to-date: /home/fatih/ros2_ws/install/turtlesim/local/lib/python3.10/dist-packages/turtlesim/srv/_set_pen_s.c
[12.145s] -- Up-to-date: /home/fatih/ros2_ws/install/turtlesim/local/lib/python3.10/dist-packages/turtlesim/srv/_teleport_relative_s.c
[12.145s] -- Up-to-date: /home/fatih/ros2_ws/install/turtlesim/local/lib/python3.10/dist-packages/turtlesim/srv/_spawn.py
[12.145s] -- Up-to-date: /home/fatih/ros2_ws/install/turtlesim/local/lib/python3.10/dist-packages/turtlesim/srv/_kill.py
[12.145s] -- Up-to-date: /home/fatih/ros2_ws/install/turtlesim/local/lib/python3.10/dist-packages/turtlesim/_turtlesim_s.ep.rosidl_typesupport_fastrtps_c.c
[12.145s] -- Up-to-date: /home/fatih/ros2_ws/install/turtlesim/local/lib/python3.10/dist-packages/turtlesim/turtlesim_s__rosidl_typesupport_introspection_c.cpython-310-x86_64-linux-gnu.so
[12.145s] -- Up-to-date: /home/fatih/ros2_ws/install/turtlesim/local/lib/python3.10/dist-packages/turtlesim/libturtlesim__rosidl_generator_py.so
[12.145s] -- Up-to-date: /home/fatih/ros2_ws/install/turtlesim/local/lib/python3.10/dist-packages/turtlesim/turtlesim_s__rosidl_typesupport_fastrtps_c.cpython-310-x86_64-linux-gnu.so
[12.145s] -- Up-to-date: /home/fatih/ros2_ws/install/turtlesim/local/lib/python3.10/dist-packages/turtlesim/_turtlesim_s.ep.rosidl_typesupport_c.c
[12.146s] -- Up-to-date: /home/fatih/ros2_ws/install/turtlesim/local/lib/python3.10/dist-packages/turtlesim/_turtlesim_s.ep.rosidl_typesupport_introspection_c.c
[12.146s] -- Up-to-date: /home/fatih/ros2_ws/install/turtlesim/local/lib/python3.10/dist-packages/turtlesim/turtlesim_s__rosidl_typesupport_c.cpython-310-x86_64-linux-gnu.so
[12.146s] -- Up-to-date: /home/fatih/ros2_ws/install/turtlesim/local/lib/python3.10/dist-packages/turtlesim/msg
[12.146s] -- Up-to-date: /home/fatih/ros2_ws/install/turtlesim/local/lib/python3.10/dist-packages/turtlesim/msg/__init__.py
[12.146s] -- Up-to-date: /home/fatih/ros2_ws/install/turtlesim/local/lib/python3.10/dist-packages/turtlesim/msg/_color.py
[12.146s] -- Up-to-date: /home/fatih/ros2_ws/install/turtlesim/local/lib/python3.10/dist-packages/turtlesim/msg/_color_s.c
[12.146s] -- Up-to-date: /home/fatih/ros2_ws/install/turtlesim/local/lib/python3.10/dist-packages/turtlesim/msg/_pose.py
[12.146s] -- Up-to-date: /home/fatih/ros2_ws/install/turtlesim/local/lib/python3.10/dist-packages/turtlesim/msg/_pose_s.c
[12.177s] Listing '/home/fatih/ros2_ws/install/turtlesim/local/lib/python3.10/dist-packages/turtlesim'...
[12.177s] Listing '/home/fatih/ros2_ws/install/turtlesim/local/lib/python3.10/dist-packages/turtlesim/action'...
[12.177s] Listing '/home/fatih/ros2_ws/install/turtlesim/local/lib/python3.10/dist-packages/turtlesim/msg'...
[12.177s] Listing '/home/fatih/ros2_ws/install/turtlesim/local/lib/python3.10/dist-packages/turtlesim/srv'...
[12.180s] -- Up-to-date: /home/fatih/ros2_ws/install/turtlesim/local/lib/python3.10/dist-packages/turtlesim/turtlesim_s__rosidl_typesupport_fastrtps_c.cpython-310-x86_64-linux-gnu.so
[12.180s] -- Up-to-date: /home/fatih/ros2_ws/install/turtlesim/local/lib/python3.10/dist-packages/turtlesim/turtlesim_s__rosidl_typesupport_introspection_c.cpython-310-x86_64-linux-gnu.so
[12.180s] -- Up-to-date: /home/fatih/ros2_ws/install/turtlesim/local/lib/python3.10/dist-packages/turtlesim/turtlesim_s__rosidl_typesupport_c.cpython-310-x86_64-linux-gnu.so
[12.180s] -- Up-to-date: /home/fatih/ros2_ws/install/turtlesim/lib/libturtlesim__rosidl_generator_py.so
[12.180s] -- Up-to-date: /home/fatih/ros2_ws/install/turtlesim/share/turtlesim/action/RotateAbsolute.idl
[12.181s] -- Up-to-date: /home/fatih/ros2_ws/install/turtlesim/share/turtlesim/msg/Color.idl
[12.181s] -- Up-to-date: /home/fatih/ros2_ws/install/turtlesim/share/turtlesim/msg/Pose.idl
[12.181s] -- Up-to-date: /home/fatih/ros2_ws/install/turtlesim/share/turtlesim/srv/Kill.idl
[12.181s] -- Up-to-date: /home/fatih/ros2_ws/install/turtlesim/share/turtlesim/srv/SetPen.idl
[12.181s] -- Up-to-date: /home/fatih/ros2_ws/install/turtlesim/share/turtlesim/srv/Spawn.idl
[12.181s] -- Up-to-date: /home/fatih/ros2_ws/install/turtlesim/share/turtlesim/srv/TeleportAbsolute.idl
[12.181s] -- Up-to-date: /home/fatih/ros2_ws/install/turtlesim/share/turtlesim/srv/TeleportRelative.idl
[12.181s] -- Up-to-date: /home/fatih/ros2_ws/install/turtlesim/share/turtlesim/action/RotateAbsolute.action
[12.181s] -- Up-to-date: /home/fatih/ros2_ws/install/turtlesim/share/turtlesim/msg/Color.msg
[12.182s] -- Up-to-date: /home/fatih/ros2_ws/install/turtlesim/share/turtlesim/msg/Pose.msg
[12.182s] -- Up-to-date: /home/fatih/ros2_ws/install/turtlesim/share/turtlesim/srv/Kill.srv
[12.182s] -- Up-to-date: /home/fatih/ros2_ws/install/turtlesim/share/turtlesim/srv/Kill_Request.msg
[12.182s] -- Up-to-date: /home/fatih/ros2_ws/install/turtlesim/share/turtlesim/srv/Kill_Response.msg
[12.182s] -- Up-to-date: /home/fatih/ros2_ws/install/turtlesim/share/turtlesim/srv/SetPen.srv
[12.182s] -- Up-to-date: /home/fatih/ros2_ws/install/turtlesim/share/turtlesim/srv/SetPen_Request.msg
[12.182s] -- Up-to-date: /home/fatih/ros2_ws/install/turtlesim/share/turtlesim/srv/SetPen_Response.msg
[12.182s] -- Up-to-date: /home/fatih/ros2_ws/install/turtlesim/share/turtlesim/srv/Spawn.srv
[12.182s] -- Up-to-date: /home/fatih/ros2_ws/install/turtlesim/share/turtlesim/srv/Spawn_Request.msg
[12.182s] -- Up-to-date: /home/fatih/ros2_ws/install/turtlesim/share/turtlesim/srv/Spawn_Response.msg
[12.182s] -- Up-to-date: /home/fatih/ros2_ws/install/turtlesim/share/turtlesim/srv/TeleportAbsolute.srv
[12.182s] -- Up-to-date: /home/fatih/ros2_ws/install/turtlesim/share/turtlesim/srv/TeleportAbsolute_Request.msg
[12.182s] -- Up-to-date: /home/fatih/ros2_ws/install/turtlesim/share/turtlesim/srv/TeleportAbsolute_Response.msg
[12.183s] -- Up-to-date: /home/fatih/ros2_ws/install/turtlesim/share/turtlesim/srv/TeleportRelative.srv
[12.183s] -- Up-to-date: /home/fatih/ros2_ws/install/turtlesim/share/turtlesim/srv/TeleportRelative_Request.msg
[12.183s] -- Up-to-date: /home/fatih/ros2_ws/install/turtlesim/share/turtlesim/srv/TeleportRelative_Response.msg
[12.183s] -- Installing: /home/fatih/ros2_ws/install/turtlesim/lib/turtlesim/turtlesim_node
[12.189s] -- Set runtime path of "/home/fatih/ros2_ws/install/turtlesim/lib/turtlesim/turtlesim_node" to ""
[12.189s] -- Up-to-date: /home/fatih/ros2_ws/install/turtlesim/lib/turtlesim/turtle_teleop_key
[12.189s] -- Up-to-date: /home/fatih/ros2_ws/install/turtlesim/lib/turtlesim/draw_square
[12.190s] -- Up-to-date: /home/fatih/ros2_ws/install/turtlesim/lib/turtlesim/mimic
[12.190s] -- Up-to-date: /home/fatih/ros2_ws/install/turtlesim/share/turtlesim/images
[12.190s] -- Up-to-date: /home/fatih/ros2_ws/install/turtlesim/share/turtlesim/images/humble.png
[12.190s] -- Up-to-date: /home/fatih/ros2_ws/install/turtlesim/share/turtlesim/images/ardent.png
[12.190s] -- Up-to-date: /home/fatih/ros2_ws/install/turtlesim/share/turtlesim/images/foxy.png
[12.190s] -- Up-to-date: /home/fatih/ros2_ws/install/turtlesim/share/turtlesim/images/eloquent.png
[12.190s] -- Up-to-date: /home/fatih/ros2_ws/install/turtlesim/share/turtlesim/images/crystal.png
[12.190s] -- Up-to-date: /home/fatih/ros2_ws/install/turtlesim/share/turtlesim/images/dashing.png
[12.191s] -- Up-to-date: /home/fatih/ros2_ws/install/turtlesim/share/turtlesim/images/galactic.png
[12.191s] -- Up-to-date: /home/fatih/ros2_ws/install/turtlesim/share/turtlesim/images/rolling.png
[12.191s] -- Up-to-date: /home/fatih/ros2_ws/install/turtlesim/share/turtlesim/images/bouncy.png
[12.191s] -- Up-to-date: /home/fatih/ros2_ws/install/turtlesim/share/turtlesim/launch
[12.191s] -- Up-to-date: /home/fatih/ros2_ws/install/turtlesim/share/turtlesim/launch/multisim.launch.py
[12.191s] -- Up-to-date: /home/fatih/ros2_ws/install/turtlesim/share/ament_index/resource_index/package_run_dependencies/turtlesim
[12.191s] -- Up-to-date: /home/fatih/ros2_ws/install/turtlesim/share/ament_index/resource_index/parent_prefix_path/turtlesim
[12.191s] -- Up-to-date: /home/fatih/ros2_ws/install/turtlesim/share/turtlesim/environment/ament_prefix_path.sh
[12.191s] -- Up-to-date: /home/fatih/ros2_ws/install/turtlesim/share/turtlesim/environment/ament_prefix_path.dsv
[12.192s] -- Up-to-date: /home/fatih/ros2_ws/install/turtlesim/share/turtlesim/environment/path.sh
[12.192s] -- Up-to-date: /home/fatih/ros2_ws/install/turtlesim/share/turtlesim/environment/path.dsv
[12.192s] -- Up-to-date: /home/fatih/ros2_ws/install/turtlesim/share/turtlesim/local_setup.bash
[12.192s] -- Up-to-date: /home/fatih/ros2_ws/install/turtlesim/share/turtlesim/local_setup.sh
[12.192s] -- Up-to-date: /home/fatih/ros2_ws/install/turtlesim/share/turtlesim/local_setup.zsh
[12.192s] -- Up-to-date: /home/fatih/ros2_ws/install/turtlesim/share/turtlesim/local_setup.dsv
[12.192s] -- Installing: /home/fatih/ros2_ws/install/turtlesim/share/turtlesim/package.dsv
[12.192s] -- Up-to-date: /home/fatih/ros2_ws/install/turtlesim/share/ament_index/resource_index/packages/turtlesim
[12.192s] -- Up-to-date: /home/fatih/ros2_ws/install/turtlesim/share/turtlesim/cmake/export_turtlesim__rosidl_generator_cExport.cmake
[12.192s] -- Up-to-date: /home/fatih/ros2_ws/install/turtlesim/share/turtlesim/cmake/export_turtlesim__rosidl_generator_cExport-noconfig.cmake
[12.192s] -- Up-to-date: /home/fatih/ros2_ws/install/turtlesim/share/turtlesim/cmake/export_turtlesim__rosidl_typesupport_fastrtps_cExport.cmake
[12.192s] -- Up-to-date: /home/fatih/ros2_ws/install/turtlesim/share/turtlesim/cmake/export_turtlesim__rosidl_typesupport_fastrtps_cExport-noconfig.cmake
[12.193s] -- Up-to-date: /home/fatih/ros2_ws/install/turtlesim/share/turtlesim/cmake/export_turtlesim__rosidl_generator_cppExport.cmake
[12.193s] -- Up-to-date: /home/fatih/ros2_ws/install/turtlesim/share/turtlesim/cmake/export_turtlesim__rosidl_typesupport_fastrtps_cppExport.cmake
[12.193s] -- Up-to-date: /home/fatih/ros2_ws/install/turtlesim/share/turtlesim/cmake/export_turtlesim__rosidl_typesupport_fastrtps_cppExport-noconfig.cmake
[12.193s] -- Up-to-date: /home/fatih/ros2_ws/install/turtlesim/share/turtlesim/cmake/turtlesim__rosidl_typesupport_introspection_cExport.cmake
[12.193s] -- Up-to-date: /home/fatih/ros2_ws/install/turtlesim/share/turtlesim/cmake/turtlesim__rosidl_typesupport_introspection_cExport-noconfig.cmake
[12.193s] -- Up-to-date: /home/fatih/ros2_ws/install/turtlesim/share/turtlesim/cmake/turtlesim__rosidl_typesupport_cExport.cmake
[12.193s] -- Up-to-date: /home/fatih/ros2_ws/install/turtlesim/share/turtlesim/cmake/turtlesim__rosidl_typesupport_cExport-noconfig.cmake
[12.193s] -- Up-to-date: /home/fatih/ros2_ws/install/turtlesim/share/turtlesim/cmake/turtlesim__rosidl_typesupport_introspection_cppExport.cmake
[12.193s] -- Up-to-date: /home/fatih/ros2_ws/install/turtlesim/share/turtlesim/cmake/turtlesim__rosidl_typesupport_introspection_cppExport-noconfig.cmake
[12.194s] -- Up-to-date: /home/fatih/ros2_ws/install/turtlesim/share/turtlesim/cmake/turtlesim__rosidl_typesupport_cppExport.cmake
[12.194s] -- Up-to-date: /home/fatih/ros2_ws/install/turtlesim/share/turtlesim/cmake/turtlesim__rosidl_typesupport_cppExport-noconfig.cmake
[12.194s] -- Up-to-date: /home/fatih/ros2_ws/install/turtlesim/share/turtlesim/cmake/export_turtlesim__rosidl_generator_pyExport.cmake
[12.194s] -- Up-to-date: /home/fatih/ros2_ws/install/turtlesim/share/turtlesim/cmake/export_turtlesim__rosidl_generator_pyExport-noconfig.cmake
[12.195s] -- Up-to-date: /home/fatih/ros2_ws/install/turtlesim/share/turtlesim/cmake/rosidl_cmake-extras.cmake
[12.195s] -- Up-to-date: /home/fatih/ros2_ws/install/turtlesim/share/turtlesim/cmake/ament_cmake_export_dependencies-extras.cmake
[12.195s] -- Up-to-date: /home/fatih/ros2_ws/install/turtlesim/share/turtlesim/cmake/ament_cmake_export_include_directories-extras.cmake
[12.195s] -- Up-to-date: /home/fatih/ros2_ws/install/turtlesim/share/turtlesim/cmake/ament_cmake_export_libraries-extras.cmake
[12.195s] -- Up-to-date: /home/fatih/ros2_ws/install/turtlesim/share/turtlesim/cmake/ament_cmake_export_targets-extras.cmake
[12.195s] -- Up-to-date: /home/fatih/ros2_ws/install/turtlesim/share/turtlesim/cmake/rosidl_cmake_export_typesupport_targets-extras.cmake
[12.195s] -- Up-to-date: /home/fatih/ros2_ws/install/turtlesim/share/turtlesim/cmake/rosidl_cmake_export_typesupport_libraries-extras.cmake
[12.195s] -- Up-to-date: /home/fatih/ros2_ws/install/turtlesim/share/turtlesim/cmake/turtlesimConfig.cmake
[12.195s] -- Up-to-date: /home/fatih/ros2_ws/install/turtlesim/share/turtlesim/cmake/turtlesimConfig-version.cmake
[12.196s] -- Up-to-date: /home/fatih/ros2_ws/install/turtlesim/share/turtlesim/package.xml
[12.196s] Invoked command in '/home/fatih/ros2_ws/build/turtlesim' returned '0': CMAKE_PREFIX_PATH=${CMAKE_PREFIX_PATH}:/home/fatih/ros2_ws/install/launch_testing_examples:/home/fatih/ros2_ws/install/examples_rclpy_pointcloud_publisher:/home/fatih/ros2_ws/install/examples_rclpy_minimal_subscriber:/home/fatih/ros2_ws/install/examples_rclpy_minimal_service:/home/fatih/ros2_ws/install/examples_rclpy_minimal_publisher:/home/fatih/ros2_ws/install/examples_rclpy_minimal_client:/home/fatih/ros2_ws/install/examples_rclpy_minimal_action_server:/home/fatih/ros2_ws/install/examples_rclpy_minimal_action_client:/home/fatih/ros2_ws/install/examples_rclpy_guard_conditions:/home/fatih/ros2_ws/install/examples_rclpy_executors:/home/fatih/Desktop/ros2_ws/install/my_py_pkg:/opt/ros/humble /usr/bin/cmake --install /home/fatih/ros2_ws/build/turtlesim
